#
# There is insufficient memory for the Java Runtime Environment to continue.
# Native memory allocation (malloc) failed to allocate 1258576 bytes for Chunk::new
# Possible reasons:
#   The system is out of physical RAM or swap space
#   In 32 bit mode, the process size limit was hit
# Possible solutions:
#   Reduce memory load on the system
#   Increase physical memory or swap space
#   Check if swap backing store is full
#   Use 64 bit Java on a 64 bit OS
#   Decrease Java heap size (-Xmx/-Xms)
#   Decrease number of Java threads
#   Decrease Java thread stack sizes (-Xss)
#   Set larger code cache with -XX:ReservedCodeCacheSize=
# This output file may be truncated or incomplete.
#
#  Out of Memory Error (allocation.cpp:390), pid=5104, tid=0x0000000000002a78
#
# JRE version: OpenJDK Runtime Environment (8.0_152-b01) (build 1.8.0_152-release-1343-b01)
# Java VM: OpenJDK 64-Bit Server VM (25.152-b01 mixed mode windows-amd64 compressed oops)
# Failed to write core dump. Minidumps are not enabled by default on client versions of Windows
#

---------------  T H R E A D  ---------------

Current thread (0x0000000015f4e800):  JavaThread "C2 CompilerThread0" daemon [_thread_in_native, id=10872, stack(0x00000000175a0000,0x00000000176a0000)]

Stack: [0x00000000175a0000,0x00000000176a0000]
[error occurred during error reporting (printing stack bounds), id 0xc0000005]

Native frames: (J=compiled Java code, j=interpreted, Vv=VM code, C=native code)


Current CompileTask:
C2:8998536 37248       4       com.android.tools.r8.ir.conversion.DexBuilder::build (815 bytes)


---------------  P R O C E S S  ---------------

Java Threads: ( => current thread )
  0x000000001ed92800 JavaThread "ForkJoinPool.commonPool-worker-2" daemon [_thread_in_Java, id=4032, stack(0x00000000686f0000,0x00000000687f0000)]
  0x0000000018ff6800 JavaThread "ForkJoinPool.commonPool-worker-1" daemon [_thread_in_Java, id=6240, stack(0x00000000685f0000,0x00000000686f0000)]
  0x0000000018ff8000 JavaThread "ForkJoinPool.commonPool-worker-0" daemon [_thread_in_Java, id=616, stack(0x00000000684f0000,0x00000000685f0000)]
  0x0000000018ffb000 JavaThread "Cache worker for Java compile cache (H:\buzzvpn2.6.300\buzzvpn\.gradle\5.4\javaCompile)" [_thread_blocked, id=116, stack(0x00000000683f0000,0x00000000684f0000)]
  0x000000001ed9f000 JavaThread "stdout" daemon [_thread_in_native, id=7088, stack(0x00000000682f0000,0x00000000683f0000)]
  0x000000001ed9d000 JavaThread "stderr" daemon [_thread_in_native, id=4376, stack(0x00000000681f0000,0x00000000682f0000)]
  0x000000001ed9c000 JavaThread "stdout" daemon [_thread_in_native, id=3208, stack(0x00000000680f0000,0x00000000681f0000)]
  0x000000001ed9b800 JavaThread "stderr" daemon [_thread_in_native, id=8340, stack(0x0000000067ff0000,0x00000000680f0000)]
  0x000000001ed91000 JavaThread "stdout" daemon [_thread_in_native, id=6368, stack(0x0000000067ef0000,0x0000000067ff0000)]
  0x000000001ed90000 JavaThread "stderr" daemon [_thread_in_native, id=7544, stack(0x0000000067df0000,0x0000000067ef0000)]
  0x000000001ed95800 JavaThread "pool-92-thread-1" [_thread_blocked, id=11104, stack(0x0000000067cf0000,0x0000000067df0000)]
  0x000000001f29c800 JavaThread "Cache worker for execution history cache (H:\buzzvpn2.6.300\buzzvpn\.gradle\5.4\executionHistory)" [_thread_blocked, id=11616, stack(0x00000000678f0000,0x00000000679f0000)]
  0x000000001f29c000 JavaThread "Execution worker for ':' Thread 3" [_thread_blocked, id=7384, stack(0x00000000677f0000,0x00000000678f0000)]
  0x000000001f294800 JavaThread "Execution worker for ':' Thread 2" [_thread_blocked, id=956, stack(0x00000000676f0000,0x00000000677f0000)]
  0x000000001f29b000 JavaThread "Execution worker for ':'" [_thread_blocked, id=11268, stack(0x00000000675f0000,0x00000000676f0000)]
  0x000000001f29a800 JavaThread "Cache worker for file content cache (H:\buzzvpn2.6.300\buzzvpn\.gradle\5.4\fileContent)" [_thread_blocked, id=12072, stack(0x00000000674f0000,0x00000000675f0000)]
  0x000000001f293000 JavaThread "Cache worker for Build Output Cleanup Cache (H:\buzzvpn2.6.300\buzzvpn\.gradle\buildOutputCleanup)" [_thread_blocked, id=10520, stack(0x00000000673f0000,0x00000000674f0000)]
  0x000000001f299800 JavaThread "pool-91-thread-1" [_thread_blocked, id=10952, stack(0x00000000672f0000,0x00000000673f0000)]
  0x000000001f291800 JavaThread "Build operations Thread 4" [_thread_blocked, id=4484, stack(0x00000000671f0000,0x00000000672f0000)]
  0x000000001cde3800 JavaThread "Build operations Thread 3" [_thread_blocked, id=5620, stack(0x00000000670f0000,0x00000000671f0000)]
  0x000000001cde2800 JavaThread "Build operations Thread 2" [_thread_blocked, id=3704, stack(0x0000000066ff0000,0x00000000670f0000)]
  0x000000001cde2000 JavaThread "Build operations" [_thread_blocked, id=11692, stack(0x0000000066ef0000,0x0000000066ff0000)]
  0x000000001cdd9000 JavaThread "Cache worker for cache directory md-rule (C:\Users\Gayan\.gradle\caches\5.4\md-rule)" [_thread_blocked, id=10680, stack(0x0000000066df0000,0x0000000066ef0000)]
  0x000000001cddf000 JavaThread "Cache worker for cache directory md-supplier (C:\Users\Gayan\.gradle\caches\5.4\md-supplier)" [_thread_blocked, id=5272, stack(0x0000000066cf0000,0x0000000066df0000)]
  0x000000001cdde000 JavaThread "Cache worker for file hash cache (H:\buzzvpn2.6.300\buzzvpn\.gradle\5.4\fileHashes)" [_thread_blocked, id=9032, stack(0x0000000066bf0000,0x0000000066cf0000)]
  0x000000001cddd800 JavaThread "Thread-693" [_thread_blocked, id=8344, stack(0x0000000066af0000,0x0000000066bf0000)]
  0x000000001cddc800 JavaThread "Stdin handler" [_thread_blocked, id=11224, stack(0x00000000669f0000,0x0000000066af0000)]
  0x000000001cddb000 JavaThread "Asynchronous log dispatcher for DefaultDaemonConnection: socket connection from /127.0.0.1:15708 to /127.0.0.1:25613" [_thread_blocked, id=9492, stack(0x00000000668f0000,0x00000000669f0000)]
  0x000000001cdda800 JavaThread "Cancel handler" [_thread_blocked, id=12116, stack(0x00000000667f0000,0x00000000668f0000)]
  0x000000001cdd4800 JavaThread "Handler for socket connection from /127.0.0.1:15708 to /127.0.0.1:25613" [_thread_in_native, id=8612, stack(0x00000000666f0000,0x00000000667f0000)]
  0x000000001ed96000 JavaThread "Daemon worker Thread 23" [_thread_blocked, id=6016, stack(0x00000000640f0000,0x00000000641f0000)]
  0x000000001ed93000 JavaThread "Daemon Thread 23" [_thread_blocked, id=6628, stack(0x0000000063df0000,0x0000000063ef0000)]
  0x000000001ed9a800 JavaThread "Cache worker for Java compile cache (C:\Users\Gayan\.gradle\caches\5.4\javaCompile)" [_thread_blocked, id=7456, stack(0x0000000028630000,0x0000000028730000)]
  0x000000001cdd6800 JavaThread "Cache worker for file content cache (C:\Users\Gayan\.gradle\caches\5.4\fileContent)" [_thread_blocked, id=2436, stack(0x0000000023120000,0x0000000023220000)]
  0x000000001cdd8000 JavaThread "Memory manager" [_thread_blocked, id=10908, stack(0x0000000023020000,0x0000000023120000)]
  0x000000001cdd6000 JavaThread "Cache worker for execution history cache (C:\Users\Gayan\.gradle\caches\5.4\executionHistory)" [_thread_blocked, id=9744, stack(0x0000000020720000,0x0000000020820000)]
  0x0000000018ffa800 JavaThread "Cache worker for journal cache (C:\Users\Gayan\.gradle\caches\journal-1)" [_thread_blocked, id=7896, stack(0x000000001abf0000,0x000000001acf0000)]
  0x0000000018ff9800 JavaThread "File lock request listener" [_thread_in_native, id=4744, stack(0x000000001a9f0000,0x000000001aaf0000)]
  0x0000000019044000 JavaThread "Cache worker for file hash cache (C:\Users\Gayan\.gradle\caches\5.4\fileHashes)" [_thread_blocked, id=5748, stack(0x000000001a8f0000,0x000000001a9f0000)]
  0x0000000018eca800 JavaThread "Daemon periodic checks" [_thread_blocked, id=8332, stack(0x0000000019ef0000,0x0000000019ff0000)]
  0x0000000018eac000 JavaThread "Incoming local TCP Connector on port 15708" [_thread_in_native, id=11888, stack(0x0000000019cb0000,0x0000000019db0000)]
  0x0000000018e15800 JavaThread "Daemon health stats" [_thread_blocked, id=2964, stack(0x0000000019670000,0x0000000019770000)]
  0x0000000015fad800 JavaThread "Service Thread" daemon [_thread_blocked, id=7012, stack(0x0000000017ca0000,0x0000000017da0000)]
  0x0000000015f5c000 JavaThread "C1 CompilerThread2" daemon [_thread_blocked, id=2616, stack(0x00000000177a0000,0x00000000178a0000)]
  0x0000000015f51800 JavaThread "C2 CompilerThread1" daemon [_thread_in_native, id=8012, stack(0x00000000176a0000,0x00000000177a0000)]
=>0x0000000015f4e800 JavaThread "C2 CompilerThread0" daemon [_thread_in_native, id=10872, stack(0x00000000175a0000,0x00000000176a0000)]
  0x0000000015f4d800 JavaThread "Attach Listener" daemon [_thread_blocked, id=10104, stack(0x00000000174a0000,0x00000000175a0000)]
  0x0000000015f4c800 JavaThread "Signal Dispatcher" daemon [_thread_blocked, id=10020, stack(0x00000000173a0000,0x00000000174a0000)]
  0x0000000015f39000 JavaThread "Finalizer" daemon [_thread_blocked, id=9392, stack(0x00000000171b0000,0x00000000172b0000)]
  0x0000000002523800 JavaThread "Reference Handler" daemon [_thread_blocked, id=1292, stack(0x00000000170b0000,0x00000000171b0000)]
  0x0000000002432800 JavaThread "main" [_thread_blocked, id=11608, stack(0x0000000002310000,0x0000000002410000)]

Other Threads:
  0x0000000015f16000 VMThread [stack: 0x0000000016fb0000,0x00000000170b0000] [id=11312]
  0x0000000015fae000 WatcherThread [stack: 0x0000000017da0000,0x0000000017ea0000] [id=4868]

VM state:not at safepoint (normal execution)

VM Mutex/Monitor currently owned by a thread: None

Heap:
 PSYoungGen      total 433664K, used 238415K [0x00000000e0000000, 0x0000000100000000, 0x0000000100000000)
  eden space 343040K, 67% used [0x00000000e0000000,0x00000000ee1c4850,0x00000000f4f00000)
  from space 90624K, 7% used [0x00000000fa780000,0x00000000fae8f3f8,0x0000000100000000)
  to   space 90624K, 0% used [0x00000000f4f00000,0x00000000f4f00000,0x00000000fa780000)
 ParOldGen       total 229376K, used 157731K [0x00000000a0000000, 0x00000000ae000000, 0x00000000e0000000)
  object space 229376K, 68% used [0x00000000a0000000,0x00000000a9a08e40,0x00000000ae000000)
 Metaspace       used 114474K, capacity 123556K, committed 123840K, reserved 1157120K
  class space    used 13937K, capacity 15983K, committed 16064K, reserved 1048576K

Card table byte_map: [0x00000000119a0000,0x0000000011cb0000] byte_map_base: 0x00000000114a0000

Marking Bits: (ParMarkBitMap*) 0x0000000062395aa0
 Begin Bits: [0x00000000122b0000, 0x0000000013ab0000)
 End Bits:   [0x0000000013ab0000, 0x00000000152b0000)

Polling page: 0x00000000004a0000

CodeCache: size=245760Kb used=102791Kb max_used=102951Kb free=142968Kb
 bounds [0x00000000025e0000, 0x0000000008b90000, 0x00000000115e0000]
 total_blobs=27357 nmethods=26453 adapters=814
 compilation: enabled

Compilation events (10 events):
Event: 8996.906 Thread 0x0000000015f5c000 37354       2       com.android.tools.r8.ir.analysis.type.ClassTypeLatticeElement$InterfaceWithMarker::<init> (15 bytes)
Event: 8996.906 Thread 0x0000000015f5c000 nmethod 37354 0x00000000054bdf10 code [0x00000000054be060, 0x00000000054be1d0]
Event: 8996.907 Thread 0x0000000015f5c000 37355 %     3       com.android.tools.r8.ir.optimize.ConstantCanonicalizer::insertCanonicalizedConstant @ 17 (59 bytes)
Event: 8996.908 Thread 0x0000000015f5c000 nmethod 37355% 0x00000000085a4f90 code [0x00000000085a5200, 0x00000000085a6158]
Event: 8996.908 Thread 0x0000000015f5c000 37356       3       com.android.tools.r8.ir.optimize.ConstantCanonicalizer::insertCanonicalizedConstant (59 bytes)
Event: 8996.910 Thread 0x0000000015f5c000 nmethod 37356 0x000000000672cd50 code [0x000000000672d000, 0x000000000672e238]
Event: 8996.953 Thread 0x0000000015f5c000 37357       2       com.android.tools.r8.ir.conversion.IRBuilder::createSwitch (256 bytes)
Event: 8996.956 Thread 0x0000000015f5c000 nmethod 37357 0x00000000088e6490 code [0x00000000088e67c0, 0x00000000088e7a28]
Event: 8996.957 Thread 0x0000000015f5c000 37358       2       java.util.IdentityHashMap$EntryIterator$Entry::checkIndexForEntryUse (18 bytes)
Event: 8996.957 Thread 0x0000000015f5c000 nmethod 37358 0x000000000844ded0 code [0x000000000844e040, 0x000000000844e248]

GC Heap History (10 events):
Event: 8989.066 GC heap before
{Heap before GC invocations=94 (full 4):
 PSYoungGen      total 420864K, used 371263K [0x00000000e0000000, 0x00000000ffb80000, 0x0000000100000000)
  eden space 329728K, 100% used [0x00000000e0000000,0x00000000f4200000,0x00000000f4200000)
  from space 91136K, 45% used [0x00000000f4200000,0x00000000f6a8fc90,0x00000000f9b00000)
  to   space 88064K, 0% used [0x00000000fa580000,0x00000000fa580000,0x00000000ffb80000)
 ParOldGen       total 229376K, used 127520K [0x00000000a0000000, 0x00000000ae000000, 0x00000000e0000000)
  object space 229376K, 55% used [0x00000000a0000000,0x00000000a7c881e8,0x00000000ae000000)
 Metaspace       used 114383K, capacity 123484K, committed 123584K, reserved 1157120K
  class space    used 13934K, capacity 15981K, committed 16064K, reserved 1048576K
Event: 8989.124 GC heap after
Heap after GC invocations=94 (full 4):
 PSYoungGen      total 431104K, used 23130K [0x00000000e0000000, 0x00000000ffe00000, 0x0000000100000000)
  eden space 343040K, 0% used [0x00000000e0000000,0x00000000e0000000,0x00000000f4f00000)
  from space 88064K, 26% used [0x00000000fa580000,0x00000000fbc16848,0x00000000ffb80000)
  to   space 88576K, 0% used [0x00000000f4f00000,0x00000000f4f00000,0x00000000fa580000)
 ParOldGen       total 229376K, used 146232K [0x00000000a0000000, 0x00000000ae000000, 0x00000000e0000000)
  object space 229376K, 63% used [0x00000000a0000000,0x00000000a8ece270,0x00000000ae000000)
 Metaspace       used 114383K, capacity 123484K, committed 123584K, reserved 1157120K
  class space    used 13934K, capacity 15981K, committed 16064K, reserved 1048576K
}
Event: 8990.530 GC heap before
{Heap before GC invocations=95 (full 4):
 PSYoungGen      total 431104K, used 366170K [0x00000000e0000000, 0x00000000ffe00000, 0x0000000100000000)
  eden space 343040K, 100% used [0x00000000e0000000,0x00000000f4f00000,0x00000000f4f00000)
  from space 88064K, 26% used [0x00000000fa580000,0x00000000fbc16848,0x00000000ffb80000)
  to   space 88576K, 0% used [0x00000000f4f00000,0x00000000f4f00000,0x00000000fa580000)
 ParOldGen       total 229376K, used 146232K [0x00000000a0000000, 0x00000000ae000000, 0x00000000e0000000)
  object space 229376K, 63% used [0x00000000a0000000,0x00000000a8ece270,0x00000000ae000000)
 Metaspace       used 114397K, capacity 123486K, committed 123584K, reserved 1157120K
  class space    used 13936K, capacity 15982K, committed 16064K, reserved 1048576K
Event: 8990.563 GC heap after
Heap after GC invocations=95 (full 4):
 PSYoungGen      total 431616K, used 16572K [0x00000000e0000000, 0x0000000100000000, 0x0000000100000000)
  eden space 343040K, 0% used [0x00000000e0000000,0x00000000e0000000,0x00000000f4f00000)
  from space 88576K, 18% used [0x00000000f4f00000,0x00000000f5f2f1c8,0x00000000fa580000)
  to   space 89600K, 0% used [0x00000000fa880000,0x00000000fa880000,0x0000000100000000)
 ParOldGen       total 229376K, used 147987K [0x00000000a0000000, 0x00000000ae000000, 0x00000000e0000000)
  object space 229376K, 64% used [0x00000000a0000000,0x00000000a9084ff8,0x00000000ae000000)
 Metaspace       used 114397K, capacity 123486K, committed 123584K, reserved 1157120K
  class space    used 13936K, capacity 15982K, committed 16064K, reserved 1048576K
}
Event: 8991.736 GC heap before
{Heap before GC invocations=96 (full 4):
 PSYoungGen      total 431616K, used 359612K [0x00000000e0000000, 0x0000000100000000, 0x0000000100000000)
  eden space 343040K, 100% used [0x00000000e0000000,0x00000000f4f00000,0x00000000f4f00000)
  from space 88576K, 18% used [0x00000000f4f00000,0x00000000f5f2f1c8,0x00000000fa580000)
  to   space 89600K, 0% used [0x00000000fa880000,0x00000000fa880000,0x0000000100000000)
 ParOldGen       total 229376K, used 147987K [0x00000000a0000000, 0x00000000ae000000, 0x00000000e0000000)
  object space 229376K, 64% used [0x00000000a0000000,0x00000000a9084ff8,0x00000000ae000000)
 Metaspace       used 114404K, capacity 123486K, committed 123584K, reserved 1157120K
  class space    used 13936K, capacity 15982K, committed 16064K, reserved 1048576K
Event: 8991.823 GC heap after
Heap after GC invocations=96 (full 4):
 PSYoungGen      total 432640K, used 10644K [0x00000000e0000000, 0x0000000100000000, 0x0000000100000000)
  eden space 343040K, 0% used [0x00000000e0000000,0x00000000e0000000,0x00000000f4f00000)
  from space 89600K, 11% used [0x00000000fa880000,0x00000000fb2e5000,0x0000000100000000)
  to   space 90624K, 0% used [0x00000000f4f00000,0x00000000f4f00000,0x00000000fa780000)
 ParOldGen       total 229376K, used 156372K [0x00000000a0000000, 0x00000000ae000000, 0x00000000e0000000)
  object space 229376K, 68% used [0x00000000a0000000,0x00000000a98b5378,0x00000000ae000000)
 Metaspace       used 114404K, capacity 123486K, committed 123584K, reserved 1157120K
  class space    used 13936K, capacity 15982K, committed 16064K, reserved 1048576K
}
Event: 8993.564 GC heap before
{Heap before GC invocations=97 (full 4):
 PSYoungGen      total 432640K, used 353684K [0x00000000e0000000, 0x0000000100000000, 0x0000000100000000)
  eden space 343040K, 100% used [0x00000000e0000000,0x00000000f4f00000,0x00000000f4f00000)
  from space 89600K, 11% used [0x00000000fa880000,0x00000000fb2e5000,0x0000000100000000)
  to   space 90624K, 0% used [0x00000000f4f00000,0x00000000f4f00000,0x00000000fa780000)
 ParOldGen       total 229376K, used 156372K [0x00000000a0000000, 0x00000000ae000000, 0x00000000e0000000)
  object space 229376K, 68% used [0x00000000a0000000,0x00000000a98b5378,0x00000000ae000000)
 Metaspace       used 114431K, capacity 123492K, committed 123584K, reserved 1157120K
  class space    used 13937K, capacity 15983K, committed 16064K, reserved 1048576K
Event: 8993.585 GC heap after
Heap after GC invocations=97 (full 4):
 PSYoungGen      total 433664K, used 8579K [0x00000000e0000000, 0x0000000100000000, 0x0000000100000000)
  eden space 343040K, 0% used [0x00000000e0000000,0x00000000e0000000,0x00000000f4f00000)
  from space 90624K, 9% used [0x00000000f4f00000,0x00000000f5760ed8,0x00000000fa780000)
  to   space 90624K, 0% used [0x00000000fa780000,0x00000000fa780000,0x0000000100000000)
 ParOldGen       total 229376K, used 157499K [0x00000000a0000000, 0x00000000ae000000, 0x00000000e0000000)
  object space 229376K, 68% used [0x00000000a0000000,0x00000000a99cee40,0x00000000ae000000)
 Metaspace       used 114431K, capacity 123492K, committed 123584K, reserved 1157120K
  class space    used 13937K, capacity 15983K, committed 16064K, reserved 1048576K
}
Event: 8995.548 GC heap before
{Heap before GC invocations=98 (full 4):
 PSYoungGen      total 433664K, used 351619K [0x00000000e0000000, 0x0000000100000000, 0x0000000100000000)
  eden space 343040K, 100% used [0x00000000e0000000,0x00000000f4f00000,0x00000000f4f00000)
  from space 90624K, 9% used [0x00000000f4f00000,0x00000000f5760ed8,0x00000000fa780000)
  to   space 90624K, 0% used [0x00000000fa780000,0x00000000fa780000,0x0000000100000000)
 ParOldGen       total 229376K, used 157499K [0x00000000a0000000, 0x00000000ae000000, 0x00000000e0000000)
  object space 229376K, 68% used [0x00000000a0000000,0x00000000a99cee40,0x00000000ae000000)
 Metaspace       used 114452K, capacity 123556K, committed 123840K, reserved 1157120K
  class space    used 13937K, capacity 15983K, committed 16064K, reserved 1048576K
Event: 8995.567 GC heap after
Heap after GC invocations=98 (full 4):
 PSYoungGen      total 433664K, used 7228K [0x00000000e0000000, 0x0000000100000000, 0x0000000100000000)
  eden space 343040K, 0% used [0x00000000e0000000,0x00000000e0000000,0x00000000f4f00000)
  from space 90624K, 7% used [0x00000000fa780000,0x00000000fae8f3f8,0x0000000100000000)
  to   space 90624K, 0% used [0x00000000f4f00000,0x00000000f4f00000,0x00000000fa780000)
 ParOldGen       total 229376K, used 157731K [0x00000000a0000000, 0x00000000ae000000, 0x00000000e0000000)
  object space 229376K, 68% used [0x00000000a0000000,0x00000000a9a08e40,0x00000000ae000000)
 Metaspace       used 114452K, capacity 123556K, committed 123840K, reserved 1157120K
  class space    used 13937K, capacity 15983K, committed 16064K, reserved 1048576K
}

Deoptimization events (10 events):
Event: 8991.435 Thread 0x0000000018ff8000 Uncommon trap: reason=class_check action=maybe_recompile pc=0x00000000067d3c38 method=com.android.tools.r8.ir.regalloc.LinearScanRegisterAllocator.handleWorkaround(Ljava/util/function/Predicate;Ljava/util/function/BiPredicate;ILcom/android/tools/r8/ir/reg
Event: 8991.436 Thread 0x0000000018ff8000 Uncommon trap: reason=class_check action=maybe_recompile pc=0x00000000067d3c38 method=com.android.tools.r8.ir.regalloc.LinearScanRegisterAllocator.handleWorkaround(Ljava/util/function/Predicate;Ljava/util/function/BiPredicate;ILcom/android/tools/r8/ir/reg
Event: 8991.532 Thread 0x0000000018ff8000 Uncommon trap: reason=class_check action=maybe_recompile pc=0x000000000759d8c8 method=com.android.tools.r8.com.google.common.collect.ImmutableList.copyIntoArray([Ljava/lang/Object;I)I @ 1
Event: 8991.532 Thread 0x0000000018ff8000 Uncommon trap: reason=class_check action=maybe_recompile pc=0x000000000759d8c8 method=com.android.tools.r8.com.google.common.collect.ImmutableList.copyIntoArray([Ljava/lang/Object;I)I @ 1
Event: 8992.284 Thread 0x0000000018ff6800 Uncommon trap: reason=class_check action=maybe_recompile pc=0x000000000759d8c8 method=com.android.tools.r8.com.google.common.collect.ImmutableList.copyIntoArray([Ljava/lang/Object;I)I @ 1
Event: 8992.371 Thread 0x0000000018ff6800 Uncommon trap: reason=unstable_if action=reinterpret pc=0x0000000006bbfbf0 method=com.android.tools.r8.ir.optimize.DeadCodeRemover.updateWorklist(Ljava/util/Queue;Lcom/android/tools/r8/ir/code/Instruction;)V @ 16
Event: 8993.154 Thread 0x0000000018ff6800 Uncommon trap: reason=unstable_if action=reinterpret pc=0x0000000006e495e0 method=com.android.tools.r8.utils.InternalOptions.isGeneratingDex()Z @ 4
Event: 8994.976 Thread 0x0000000018ff6800 Uncommon trap: reason=unstable_if action=reinterpret pc=0x00000000061faff8 method=com.android.tools.r8.ir.optimize.PeepholeOptimizer.shareIdenticalBlockSuffix(Lcom/android/tools/r8/ir/code/IRCode;Lcom/android/tools/r8/ir/regalloc/RegisterAllocator;I)V @ 5
Event: 8995.756 Thread 0x0000000018ff6800 Uncommon trap: reason=unstable_if action=reinterpret pc=0x0000000005a87e34 method=com.android.tools.r8.ir.regalloc.LinearScanRegisterAllocator.isLocalLiveAtInstruction(Lcom/android/tools/r8/ir/code/Instruction;IILcom/android/tools/r8/ir/code/Value;)Z @ 43
Event: 8996.174 Thread 0x000000001ed92800 Uncommon trap: reason=unstable_if action=reinterpret pc=0x000000000869b258 method=com.android.tools.r8.ir.optimize.MoveEliminator.shouldBeEliminated(Lcom/android/tools/r8/ir/code/Instruction;)Z @ 133

Classes redefined (0 events):
No events

Internal exceptions (10 events):
Event: 8986.876 Thread 0x000000001ed92800 Exception <a 'sun/nio/fs/WindowsException'> (0x00000000e8a8c208) thrown at [D:\src\AOSP-openjdk-cygwin\jdk8u\hotspot\src\share\vm\prims\jni.cpp, line 709]
Event: 8986.877 Thread 0x000000001ed92800 Exception <a 'sun/nio/fs/WindowsException'> (0x00000000e8ad0990) thrown at [D:\src\AOSP-openjdk-cygwin\jdk8u\hotspot\src\share\vm\prims\jni.cpp, line 709]
Event: 8986.879 Thread 0x000000001ed92800 Exception <a 'sun/nio/fs/WindowsException'> (0x00000000e8b162d8) thrown at [D:\src\AOSP-openjdk-cygwin\jdk8u\hotspot\src\share\vm\prims\jni.cpp, line 709]
Event: 8986.882 Thread 0x000000001ed92800 Exception <a 'sun/nio/fs/WindowsException'> (0x00000000e8c76c88) thrown at [D:\src\AOSP-openjdk-cygwin\jdk8u\hotspot\src\share\vm\prims\jni.cpp, line 709]
Event: 8986.884 Thread 0x000000001ed92800 Exception <a 'sun/nio/fs/WindowsException'> (0x00000000e8cbbc68) thrown at [D:\src\AOSP-openjdk-cygwin\jdk8u\hotspot\src\share\vm\prims\jni.cpp, line 709]
Event: 8986.885 Thread 0x000000001ed92800 Exception <a 'sun/nio/fs/WindowsException'> (0x00000000e8d00dd0) thrown at [D:\src\AOSP-openjdk-cygwin\jdk8u\hotspot\src\share\vm\prims\jni.cpp, line 709]
Event: 8986.902 Thread 0x000000001ed92800 Exception <a 'sun/nio/fs/WindowsException'> (0x00000000e8d45918) thrown at [D:\src\AOSP-openjdk-cygwin\jdk8u\hotspot\src\share\vm\prims\jni.cpp, line 709]
Event: 8986.903 Thread 0x000000001ed92800 Exception <a 'sun/nio/fs/WindowsException'> (0x00000000e941f108) thrown at [D:\src\AOSP-openjdk-cygwin\jdk8u\hotspot\src\share\vm\prims\jni.cpp, line 709]
Event: 8986.906 Thread 0x000000001ed92800 Exception <a 'sun/nio/fs/WindowsException'> (0x00000000e9465350) thrown at [D:\src\AOSP-openjdk-cygwin\jdk8u\hotspot\src\share\vm\prims\jni.cpp, line 709]
Event: 8986.907 Thread 0x000000001ed92800 Exception <a 'sun/nio/fs/WindowsException'> (0x00000000e94aa608) thrown at [D:\src\AOSP-openjdk-cygwin\jdk8u\hotspot\src\share\vm\prims\jni.cpp, line 709]

Events (10 events):
Event: 8996.804 Thread 0x0000000018ff8000 DEOPT PACKING pc=0x0000000006348308 sp=0x00000000685ee2c0
Event: 8996.804 Thread 0x0000000018ff8000 DEOPT UNPACKING pc=0x00000000026275d0 sp=0x00000000685edfe0 mode 0
Event: 8996.878 Thread 0x000000001ed92800 DEOPT PACKING pc=0x0000000006a0812c sp=0x00000000687edfe0
Event: 8996.878 Thread 0x000000001ed92800 DEOPT UNPACKING pc=0x00000000026275d0 sp=0x00000000687edd30 mode 0
Event: 8996.896 Thread 0x0000000018ff8000 DEOPT PACKING pc=0x000000000631e259 sp=0x00000000685ee170
Event: 8996.896 Thread 0x0000000018ff8000 DEOPT UNPACKING pc=0x00000000026275d0 sp=0x00000000685ee000 mode 0
Event: 8996.910 Thread 0x0000000018ff8000 DEOPT PACKING pc=0x0000000004bf1daf sp=0x00000000685edf20
Event: 8996.910 Thread 0x0000000018ff8000 DEOPT UNPACKING pc=0x00000000026275d0 sp=0x00000000685edcc8 mode 0
Event: 8996.966 Thread 0x0000000018ff8000 DEOPT PACKING pc=0x0000000006348308 sp=0x00000000685ee2c0
Event: 8996.966 Thread 0x0000000018ff8000 DEOPT UNPACKING pc=0x00000000026275d0 sp=0x00000000685edfe0 mode 0


Dynamic libraries:
0x00007ff6a1a80000 - 0x00007ff6a1ab1000 	C:\Program Files\Android\Android Studio\jre\bin\java.exe
0x00007ffda04f0000 - 0x00007ffda06d1000 	C:\WINDOWS\SYSTEM32\ntdll.dll
0x00007ffd9fac0000 - 0x00007ffd9fb71000 	C:\WINDOWS\System32\KERNEL32.DLL
0x00007ffd9d6e0000 - 0x00007ffd9d953000 	C:\WINDOWS\System32\KERNELBASE.dll
0x00007ffd9f380000 - 0x00007ffd9f421000 	C:\WINDOWS\System32\ADVAPI32.dll
0x00007ffd9fbb0000 - 0x00007ffd9fc4e000 	C:\WINDOWS\System32\msvcrt.dll
0x00007ffda0450000 - 0x00007ffda04ab000 	C:\WINDOWS\System32\sechost.dll
0x00007ffd9d980000 - 0x00007ffd9daa4000 	C:\WINDOWS\System32\RPCRT4.dll
0x00007ffd9fe70000 - 0x00007ffda0000000 	C:\WINDOWS\System32\USER32.dll
0x00007ffd9d960000 - 0x00007ffd9d980000 	C:\WINDOWS\System32\win32u.dll
0x00007ffd9fb80000 - 0x00007ffd9fba8000 	C:\WINDOWS\System32\GDI32.dll
0x00007ffd9d4f0000 - 0x00007ffd9d681000 	C:\WINDOWS\System32\gdi32full.dll
0x00007ffd9cd40000 - 0x00007ffd9cddf000 	C:\WINDOWS\System32\msvcp_win.dll
0x00007ffd9c9f0000 - 0x00007ffd9cae8000 	C:\WINDOWS\System32\ucrtbase.dll
0x00007ffd8e780000 - 0x00007ffd8e9e9000 	C:\WINDOWS\WinSxS\amd64_microsoft.windows.common-controls_6595b64144ccf1df_6.0.17134.829_none_fb46a5473061b9d5\COMCTL32.dll
0x00007ffd9f430000 - 0x00007ffd9f752000 	C:\WINDOWS\System32\combase.dll
0x00007ffd9c970000 - 0x00007ffd9c9ea000 	C:\WINDOWS\System32\bcryptPrimitives.dll
0x00007ffd9f910000 - 0x00007ffd9f93d000 	C:\WINDOWS\System32\IMM32.DLL
0x0000000063010000 - 0x00000000630e2000 	C:\Program Files\Android\Android Studio\jre\jre\bin\msvcr100.dll
0x0000000061bd0000 - 0x0000000062411000 	C:\Program Files\Android\Android Studio\jre\jre\bin\server\jvm.dll
0x00007ffda04b0000 - 0x00007ffda04b8000 	C:\WINDOWS\System32\PSAPI.DLL
0x00007ffd8ce80000 - 0x00007ffd8ce89000 	C:\WINDOWS\SYSTEM32\WSOCK32.dll
0x00007ffd9a0d0000 - 0x00007ffd9a0f3000 	C:\WINDOWS\SYSTEM32\WINMM.dll
0x00007ffd9dc80000 - 0x00007ffd9dcec000 	C:\WINDOWS\System32\WS2_32.dll
0x00007ffd8f780000 - 0x00007ffd8f78a000 	C:\WINDOWS\SYSTEM32\VERSION.dll
0x00007ffd9a0a0000 - 0x00007ffd9a0ca000 	C:\WINDOWS\SYSTEM32\winmmbase.dll
0x00007ffd9d690000 - 0x00007ffd9d6d9000 	C:\WINDOWS\System32\cfgmgr32.dll
0x00007ffd98690000 - 0x00007ffd9869f000 	C:\Program Files\Android\Android Studio\jre\jre\bin\verify.dll
0x00007ffd98660000 - 0x00007ffd98689000 	C:\Program Files\Android\Android Studio\jre\jre\bin\java.dll
0x00007ffd98590000 - 0x00007ffd985a6000 	C:\Program Files\Android\Android Studio\jre\jre\bin\zip.dll
0x00007ffd9dcf0000 - 0x00007ffd9f130000 	C:\WINDOWS\System32\SHELL32.dll
0x00007ffd9f250000 - 0x00007ffd9f2f9000 	C:\WINDOWS\System32\shcore.dll
0x00007ffd9cde0000 - 0x00007ffd9d4ed000 	C:\WINDOWS\System32\windows.storage.dll
0x00007ffd9dc20000 - 0x00007ffd9dc71000 	C:\WINDOWS\System32\shlwapi.dll
0x00007ffd9c8a0000 - 0x00007ffd9c8b1000 	C:\WINDOWS\System32\kernel.appcore.dll
0x00007ffd9c880000 - 0x00007ffd9c89f000 	C:\WINDOWS\System32\profapi.dll
0x00007ffd9c830000 - 0x00007ffd9c87c000 	C:\WINDOWS\System32\powrprof.dll
0x00007ffd9c800000 - 0x00007ffd9c80a000 	C:\WINDOWS\System32\FLTLIB.DLL
0x00007ffd93c10000 - 0x00007ffd93c2a000 	C:\Program Files\Android\Android Studio\jre\jre\bin\net.dll
0x00007ffd9c080000 - 0x00007ffd9c0e6000 	C:\WINDOWS\system32\mswsock.dll
0x00007ffd935b0000 - 0x00007ffd935c1000 	C:\Program Files\Android\Android Studio\jre\jre\bin\nio.dll
0x00007ffd92c80000 - 0x00007ffd92ca6000 	C:\Users\Gayan\.gradle\native\29\windows-amd64\native-platform.dll
0x00007ffd93e90000 - 0x00007ffd93e9d000 	C:\Program Files\Android\Android Studio\jre\jre\bin\management.dll
0x00007ffd9c230000 - 0x00007ffd9c247000 	C:\WINDOWS\SYSTEM32\CRYPTSP.dll
0x00007ffd9bc70000 - 0x00007ffd9bca3000 	C:\WINDOWS\system32\rsaenh.dll
0x00007ffd9c360000 - 0x00007ffd9c385000 	C:\WINDOWS\SYSTEM32\bcrypt.dll
0x00007ffd9c700000 - 0x00007ffd9c728000 	C:\WINDOWS\SYSTEM32\USERENV.dll
0x00007ffd9c250000 - 0x00007ffd9c25b000 	C:\WINDOWS\SYSTEM32\CRYPTBASE.dll
0x00007ffd9be10000 - 0x00007ffd9be48000 	C:\WINDOWS\SYSTEM32\IPHLPAPI.DLL
0x00007ffd9f240000 - 0x00007ffd9f248000 	C:\WINDOWS\System32\NSI.dll
0x00007ffd93340000 - 0x00007ffd93356000 	C:\WINDOWS\SYSTEM32\dhcpcsvc6.DLL
0x00007ffd933f0000 - 0x00007ffd9340a000 	C:\WINDOWS\SYSTEM32\dhcpcsvc.DLL
0x00007ffd9b900000 - 0x00007ffd9b931000 	C:\WINDOWS\SYSTEM32\ntmarta.dll
0x00007ffd9a3d0000 - 0x00007ffd9a45b000 	C:\WINDOWS\system32\apphelp.dll

VM Arguments:
jvm_args: -Xmx1536m -Dfile.encoding=windows-1252 -Duser.country=US -Duser.language=en -Duser.variant 
java_command: org.gradle.launcher.daemon.bootstrap.GradleDaemon 5.4
java_class_path (initial): C:\gradle-5.4\lib\gradle-launcher-5.4.jar
Launcher Type: SUN_STANDARD

Environment Variables:
JAVA_HOME=C:\Program Files (x86)\Java\jdk1.8.0_192
PATH=C:\Program Files (x86)\Microsoft Visual Studio\Shared\Python36_64\Scripts\;C:\Program Files (x86)\Microsoft Visual Studio\Shared\Python36_64\;C:\Program Files (x86)\Common Files\Oracle\Java\javapath;C:\Program Files (x86)\Intel\iCLS Client\;C:\ProgramData\Oracle\Java\javapath;C:\Program Files\Intel\iCLS Client\;C:\WINDOWS\system32;C:\WINDOWS;C:\WINDOWS\System32\Wbem;C:\WINDOWS\System32\WindowsPowerShell\v1.0\;C:\Program Files\Java\jdk1.8.0_131\bin;C:\Program Files\Microsoft SQL Server\110\Tools\Binn\;C:\Program Files\MySQL\MySQL Utilities 1.6\;C:\Program Files (x86)\Microsoft SQL Server\Client SDK\ODBC\130\Tools\Binn\;C:\Program Files (x86)\Microsoft SQL Server\140\Tools\Binn\;C:\Program Files (x86)\Microsoft SQL Server\140\DTS\Binn\;C:\Program Files (x86)\Microsoft SQL Server\140\Tools\Binn\ManagementStudio\;C:\Program Files\Microsoft SQL Server\Client SDK\ODBC\130\Tools\Binn\;C:\Program Files\Microsoft SQL Server\140\Tools\Binn\;C:\Program Files\Microsoft SQL Server\140\DTS\Binn\;C:\Program Files\dotnet\;C:\Program Files\Microsoft SQL Server\130\Tools\Binn\;C:\Program Files (x86)\Intel\Intel(R) Management Engine Components\DAL;C:\Program Files\Intel\Intel(R) Management Engine Components\DAL;C:\Program Files (x86)\Intel\Intel(R) Management Engine Components\IPT;C:\Program Files\Intel\Intel(R) Management Engine Components\IPT;C:\opencv341\opencv\build\x64\vc15\bin;C:\WINDOWS\System32\OpenSSH\;C:\opencv400\opencv\build\x64\vc15\bin;C:\Program Files\nodejs\;C:\Program Files\Java\jre1.8.0_151\bin;C:\Program Files\Intel\WiFi\bin\;C:\Program Files\Common Files\Intel\WirelessCommon\;C:\Program Files\PuTTY\;C:\Program Files\Git\cmd;C:\Users\Gayan\AppData\Local\Microsoft\WindowsApps;C:\Users\Gayan\AppData\Local\atom\bin;C:\Users\Gayan\AppData\Local\GitHubDesktop\bin;C:\Users\Gayan\AppData\Roaming\npm;C:\Users\Gayan\AppData\Local\Programs\Microsoft VS Code\bin
USERNAME=Gayan
OS=Windows_NT
PROCESSOR_IDENTIFIER=Intel64 Family 6 Model 142 Stepping 9, GenuineIntel



---------------  S Y S T E M  ---------------

OS: Windows 10.0 , 64 bit Build 17134 (10.0.17134.753)

CPU:total 4 (initial active 4) (2 cores per cpu, 2 threads per core) family 6 model 142 stepping 9, cmov, cx8, fxsr, mmx, sse, sse2, sse3, ssse3, sse4.1, sse4.2, popcnt, avx, avx2, aes, clmul, erms, 3dnowpref, lzcnt, ht, tsc, tscinvbit, bmi1, bmi2, adx

Memory: 4k page, physical 8302500k(609568k free), swap 8302500k(2052k free)

vm_info: OpenJDK 64-Bit Server VM (25.152-b01) for windows-amd64 JRE (1.8.0_152-release-1343-b01), built by "builder" with MS VC++ 10.0 (VS2010)

time: Fri Jul 12 15:53:44 2019
elapsed time: 8997 seconds (0d 2h 29m 57s)

