#
# There is insufficient memory for the Java Runtime Environment to continue.
# Native memory allocation (malloc) failed to allocate 1099536 bytes for Chunk::new
# Possible reasons:
#   The system is out of physical RAM or swap space
#   In 32 bit mode, the process size limit was hit
# Possible solutions:
#   Reduce memory load on the system
#   Increase physical memory or swap space
#   Check if swap backing store is full
#   Use 64 bit Java on a 64 bit OS
#   Decrease Java heap size (-Xmx/-Xms)
#   Decrease number of Java threads
#   Decrease Java thread stack sizes (-Xss)
#   Set larger code cache with -XX:ReservedCodeCacheSize=
# This output file may be truncated or incomplete.
#
#  Out of Memory Error (allocation.cpp:390), pid=11172, tid=0x0000000000003168
#
# JRE version: OpenJDK Runtime Environment (8.0_152-b01) (build 1.8.0_152-release-1343-b01)
# Java VM: OpenJDK 64-Bit Server VM (25.152-b01 mixed mode windows-amd64 compressed oops)
# Failed to write core dump. Minidumps are not enabled by default on client versions of Windows
#

---------------  T H R E A D  ---------------

Current thread (0x0000000016282800):  JavaThread "C2 CompilerThread1" daemon [_thread_in_native, id=12648, stack(0x00000000179c0000,0x0000000017ac0000)]

Stack: [0x00000000179c0000,0x0000000017ac0000]
[error occurred during error reporting (printing stack bounds), id 0xc0000005]

Native frames: (J=compiled Java code, j=interpreted, Vv=VM code, C=native code)


Current CompileTask:
C2:3240148 42842 % !   4       com.android.builder.merge.LazyIncrementalFileMergerInputs::load @ 102 (193 bytes)


---------------  P R O C E S S  ---------------

Java Threads: ( => current thread )
  0x000000001d46d000 JavaThread "ForkJoinPool.commonPool-worker-2" daemon [_thread_blocked, id=592, stack(0x000000004fec0000,0x000000004ffc0000)]
  0x000000001c906000 JavaThread "ForkJoinPool.commonPool-worker-3" daemon [_thread_blocked, id=5056, stack(0x000000004f5c0000,0x000000004f6c0000)]
  0x000000001e410800 JavaThread "Cache worker for Java compile cache (H:\buzzvpn\.gradle\5.4\javaCompile)" [_thread_blocked, id=3316, stack(0x000000004f2c0000,0x000000004f3c0000)]
  0x000000001e410000 JavaThread "stdout" daemon [_thread_in_native, id=7648, stack(0x000000004f1c0000,0x000000004f2c0000)]
  0x000000001e40e800 JavaThread "stderr" daemon [_thread_in_native, id=6640, stack(0x000000004f0c0000,0x000000004f1c0000)]
  0x00000000197c0800 JavaThread "stdout" daemon [_thread_in_native, id=11748, stack(0x000000004efc0000,0x000000004f0c0000)]
  0x00000000197bf000 JavaThread "stderr" daemon [_thread_in_native, id=12076, stack(0x000000004eec0000,0x000000004efc0000)]
  0x00000000197be000 JavaThread "stdout" daemon [_thread_in_native, id=6792, stack(0x000000004edc0000,0x000000004eec0000)]
  0x00000000197bf800 JavaThread "stderr" daemon [_thread_in_native, id=6920, stack(0x000000004ecc0000,0x000000004edc0000)]
  0x000000001c907000 JavaThread "ForkJoinPool.commonPool-worker-1" daemon [_thread_blocked, id=6624, stack(0x000000004eac0000,0x000000004ebc0000)]
  0x000000001c905000 JavaThread "pool-37-thread-1" [_thread_blocked, id=4244, stack(0x000000004e9c0000,0x000000004eac0000)]
  0x000000001c8fc000 JavaThread "Cache worker for execution history cache (H:\buzzvpn\.gradle\5.4\executionHistory)" [_thread_blocked, id=9744, stack(0x000000004e8c0000,0x000000004e9c0000)]
  0x000000001c902000 JavaThread "Execution worker for ':' Thread 3" [_thread_blocked, id=6612, stack(0x000000004e7c0000,0x000000004e8c0000)]
  0x000000002edc2800 JavaThread "Execution worker for ':' Thread 2" [_thread_blocked, id=3692, stack(0x000000004e6c0000,0x000000004e7c0000)]
  0x000000002edc0000 JavaThread "Execution worker for ':'" [_thread_blocked, id=11364, stack(0x000000004e5c0000,0x000000004e6c0000)]
  0x000000002edb7000 JavaThread "Cache worker for file content cache (H:\buzzvpn\.gradle\5.4\fileContent)" [_thread_blocked, id=11392, stack(0x000000004e4c0000,0x000000004e5c0000)]
  0x000000002edb6800 JavaThread "Cache worker for Build Output Cleanup Cache (H:\buzzvpn\.gradle\buildOutputCleanup)" [_thread_blocked, id=3644, stack(0x000000004e3c0000,0x000000004e4c0000)]
  0x000000002edbc800 JavaThread "pool-36-thread-1" [_thread_blocked, id=13184, stack(0x000000004e2c0000,0x000000004e3c0000)]
  0x000000002edb5000 JavaThread "Build operations Thread 4" [_thread_blocked, id=4792, stack(0x000000004e1c0000,0x000000004e2c0000)]
  0x000000002edbb800 JavaThread "Build operations Thread 3" [_thread_blocked, id=5576, stack(0x000000004e0c0000,0x000000004e1c0000)]
  0x000000002edb4000 JavaThread "Build operations Thread 2" [_thread_blocked, id=2964, stack(0x000000004dfc0000,0x000000004e0c0000)]
  0x000000002edbb000 JavaThread "Build operations" [_thread_blocked, id=600, stack(0x000000004dec0000,0x000000004dfc0000)]
  0x000000002edb3800 JavaThread "Cache worker for cache directory md-rule (C:\Users\Gayan\.gradle\caches\5.4\md-rule)" [_thread_blocked, id=11460, stack(0x000000004ddc0000,0x000000004dec0000)]
  0x000000002edba000 JavaThread "Cache worker for cache directory md-supplier (C:\Users\Gayan\.gradle\caches\5.4\md-supplier)" [_thread_blocked, id=7448, stack(0x000000004dcc0000,0x000000004ddc0000)]
  0x000000002edb9800 JavaThread "Cache worker for file hash cache (H:\buzzvpn\.gradle\5.4\fileHashes)" [_thread_blocked, id=9492, stack(0x000000004dbc0000,0x000000004dcc0000)]
  0x000000002edb8800 JavaThread "Thread-323" [_thread_blocked, id=12416, stack(0x000000004dac0000,0x000000004dbc0000)]
  0x000000002edb5800 JavaThread "Stdin handler" [_thread_blocked, id=12212, stack(0x000000004d9c0000,0x000000004dac0000)]
  0x000000001d47b000 JavaThread "Asynchronous log dispatcher for DefaultDaemonConnection: socket connection from /127.0.0.1:3562 to /127.0.0.1:7145" [_thread_blocked, id=5052, stack(0x000000004d8c0000,0x000000004d9c0000)]
  0x000000001d475000 JavaThread "Cancel handler" [_thread_blocked, id=6784, stack(0x000000004d7c0000,0x000000004d8c0000)]
  0x000000001d472800 JavaThread "Handler for socket connection from /127.0.0.1:3562 to /127.0.0.1:7145" [_thread_in_native, id=5472, stack(0x000000004d6c0000,0x000000004d7c0000)]
  0x000000001d47a000 JavaThread "Exec process Thread 12" daemon [_thread_blocked, id=8628, stack(0x000000004d5c0000,0x000000004d6c0000)]
  0x000000001d478000 JavaThread "Exec process Thread 11" daemon [_thread_blocked, id=12044, stack(0x000000004d4c0000,0x000000004d5c0000)]
  0x000000001d476800 JavaThread "Exec process Thread 10" daemon [_thread_blocked, id=3752, stack(0x000000004d3c0000,0x000000004d4c0000)]
  0x000000001d46e000 JavaThread "Daemon worker Thread 10" [_thread_in_native, id=11100, stack(0x00000000434c0000,0x00000000435c0000)]
  0x000000001d474000 JavaThread "Daemon Thread 10" [_thread_blocked, id=12968, stack(0x00000000431c0000,0x00000000432c0000)]
  0x000000001e40d800 JavaThread "Keep-Alive-SocketCleaner" daemon [_thread_blocked, id=13204, stack(0x000000003c8c0000,0x000000003c9c0000)]
  0x000000001e40f000 JavaThread "Cache worker for Java compile cache (C:\Users\Gayan\.gradle\caches\5.4\javaCompile)" [_thread_blocked, id=12052, stack(0x0000000023730000,0x0000000023830000)]
  0x000000001d477000 JavaThread "Cache worker for file content cache (C:\Users\Gayan\.gradle\caches\5.4\fileContent)" [_thread_blocked, id=11708, stack(0x0000000022510000,0x0000000022610000)]
  0x000000001d47b800 JavaThread "Memory manager" [_thread_blocked, id=1604, stack(0x0000000022410000,0x0000000022510000)]
  0x000000001d46e800 JavaThread "Cache worker for execution history cache (C:\Users\Gayan\.gradle\caches\5.4\executionHistory)" [_thread_blocked, id=12484, stack(0x000000001f410000,0x000000001f510000)]
  0x000000001936c800 JavaThread "Cache worker for journal cache (C:\Users\Gayan\.gradle\caches\journal-1)" [_thread_blocked, id=2548, stack(0x000000001af10000,0x000000001b010000)]
  0x000000001936c000 JavaThread "File lock request listener" [_thread_in_native, id=8216, stack(0x000000001ad10000,0x000000001ae10000)]
  0x000000001936d800 JavaThread "Cache worker for file hash cache (C:\Users\Gayan\.gradle\caches\5.4\fileHashes)" [_thread_blocked, id=3996, stack(0x000000001ac10000,0x000000001ad10000)]
  0x00000000191c1000 JavaThread "Daemon periodic checks" [_thread_blocked, id=8004, stack(0x000000001a210000,0x000000001a310000)]
  0x0000000019199800 JavaThread "Incoming local TCP Connector on port 3562" [_thread_in_native, id=6948, stack(0x0000000019fd0000,0x000000001a0d0000)]
  0x000000001909e800 JavaThread "Daemon health stats" [_thread_blocked, id=10292, stack(0x0000000019990000,0x0000000019a90000)]
  0x0000000017bf0800 JavaThread "Service Thread" daemon [_thread_blocked, id=7452, stack(0x0000000017fc0000,0x00000000180c0000)]
  0x000000001628b000 JavaThread "C1 CompilerThread2" daemon [_thread_blocked, id=7668, stack(0x0000000017ac0000,0x0000000017bc0000)]
=>0x0000000016282800 JavaThread "C2 CompilerThread1" daemon [_thread_in_native, id=12648, stack(0x00000000179c0000,0x0000000017ac0000)]
  0x000000001627f800 JavaThread "C2 CompilerThread0" daemon [_thread_blocked, id=8260, stack(0x00000000178c0000,0x00000000179c0000)]
  0x000000001627e800 JavaThread "Attach Listener" daemon [_thread_blocked, id=8264, stack(0x00000000177c0000,0x00000000178c0000)]
  0x000000001627d000 JavaThread "Signal Dispatcher" daemon [_thread_blocked, id=9752, stack(0x00000000176c0000,0x00000000177c0000)]
  0x000000000290d800 JavaThread "Finalizer" daemon [_thread_blocked, id=13284, stack(0x00000000174d0000,0x00000000175d0000)]
  0x0000000002902800 JavaThread "Reference Handler" daemon [_thread_blocked, id=6156, stack(0x00000000173d0000,0x00000000174d0000)]
  0x0000000002812800 JavaThread "main" [_thread_blocked, id=11428, stack(0x0000000002710000,0x0000000002810000)]

Other Threads:
  0x0000000016246800 VMThread [stack: 0x00000000172d0000,0x00000000173d0000] [id=10820]
  0x00000000162dd000 WatcherThread [stack: 0x00000000180c0000,0x00000000181c0000] [id=8172]

VM state:not at safepoint (normal execution)

VM Mutex/Monitor currently owned by a thread: None

Heap:
 PSYoungGen      total 458240K, used 306156K [0x00000000e0000000, 0x0000000100000000, 0x0000000100000000)
  eden space 402944K, 62% used [0x00000000e0000000,0x00000000ef4fbc48,0x00000000f8980000)
  from space 55296K, 99% used [0x00000000f8980000,0x00000000fbf7f550,0x00000000fbf80000)
  to   space 66048K, 0% used [0x00000000fbf80000,0x00000000fbf80000,0x0000000100000000)
 ParOldGen       total 574976K, used 519841K [0x00000000a0000000, 0x00000000c3180000, 0x00000000e0000000)
  object space 574976K, 90% used [0x00000000a0000000,0x00000000bfba86d8,0x00000000c3180000)
 Metaspace       used 125850K, capacity 133870K, committed 134016K, reserved 1167360K
  class space    used 15169K, capacity 16501K, committed 16512K, reserved 1048576K

Card table byte_map: [0x0000000011cd0000,0x0000000011fe0000] byte_map_base: 0x00000000117d0000

Marking Bits: (ParMarkBitMap*) 0x00000000567e5aa0
 Begin Bits: [0x00000000125e0000, 0x0000000013de0000)
 End Bits:   [0x0000000013de0000, 0x00000000155e0000)

Polling page: 0x0000000000d90000

CodeCache: size=245760Kb used=108513Kb max_used=110232Kb free=137246Kb
 bounds [0x0000000002910000, 0x0000000009580000, 0x0000000011910000]
 total_blobs=28536 nmethods=27572 adapters=873
 compilation: enabled

Compilation events (10 events):
Event: 3238.118 Thread 0x000000001628b000 nmethod 42838 0x0000000009314a10 code [0x0000000009314c60, 0x0000000009315b08]
Event: 3238.291 Thread 0x000000001627f800 42840 %     4       com.android.tools.build.apkzlib.zip.ZFile::entries @ 19 (143 bytes)
Event: 3238.295 Thread 0x000000001628b000 42841  s    3       sun.security.provider.SecureRandom::engineNextBytes (242 bytes)
Event: 3238.296 Thread 0x000000001628b000 nmethod 42841 0x00000000046f94d0 code [0x00000000046f9720, 0x00000000046fa8b8]
Event: 3238.331 Thread 0x000000001627f800 nmethod 42840% 0x00000000092656d0 code [0x0000000009265940, 0x0000000009266ab0]
Event: 3238.488 Thread 0x0000000016282800 42842 % !   4       com.android.builder.merge.LazyIncrementalFileMergerInputs::load @ 102 (193 bytes)
Event: 3238.562 Thread 0x000000001628b000 42843       3       java.security.SecureRandom::next (61 bytes)
Event: 3238.563 Thread 0x000000001628b000 nmethod 42843 0x0000000004464710 code [0x00000000044648a0, 0x0000000004464ce8]
Event: 3238.631 Thread 0x000000001627f800 42844 %     4       com.android.builder.merge.LazyIncrementalFileMergerInput::lambda$new$2 @ 27 (104 bytes)
Event: 3238.863 Thread 0x000000001627f800 nmethod 42844% 0x0000000009443990 code [0x0000000009443f40, 0x0000000009447c30]

GC Heap History (10 events):
Event: 3232.520 GC heap before
{Heap before GC invocations=210 (full 9):
 PSYoungGen      total 452096K, used 385049K [0x00000000e0000000, 0x00000000ffc80000, 0x0000000100000000)
  eden space 382976K, 100% used [0x00000000e0000000,0x00000000f7600000,0x00000000f7600000)
  from space 69120K, 2% used [0x00000000fb880000,0x00000000fba86620,0x00000000ffc00000)
  to   space 68096K, 0% used [0x00000000f7600000,0x00000000f7600000,0x00000000fb880000)
 ParOldGen       total 574976K, used 502598K [0x00000000a0000000, 0x00000000c3180000, 0x00000000e0000000)
  object space 574976K, 87% used [0x00000000a0000000,0x00000000bead1bc8,0x00000000c3180000)
 Metaspace       used 125740K, capacity 133678K, committed 133760K, reserved 1167360K
  class space    used 15167K, capacity 16501K, committed 16512K, reserved 1048576K
Event: 3232.531 GC heap after
Heap after GC invocations=210 (full 9):
 PSYoungGen      total 451072K, used 9536K [0x00000000e0000000, 0x00000000ff900000, 0x0000000100000000)
  eden space 382976K, 0% used [0x00000000e0000000,0x00000000e0000000,0x00000000f7600000)
  from space 68096K, 14% used [0x00000000f7600000,0x00000000f7f500d0,0x00000000fb880000)
  to   space 65024K, 0% used [0x00000000fb980000,0x00000000fb980000,0x00000000ff900000)
 ParOldGen       total 574976K, used 502598K [0x00000000a0000000, 0x00000000c3180000, 0x00000000e0000000)
  object space 574976K, 87% used [0x00000000a0000000,0x00000000bead1bc8,0x00000000c3180000)
 Metaspace       used 125740K, capacity 133678K, committed 133760K, reserved 1167360K
  class space    used 15167K, capacity 16501K, committed 16512K, reserved 1048576K
}
Event: 3232.839 GC heap before
{Heap before GC invocations=211 (full 9):
 PSYoungGen      total 451072K, used 392512K [0x00000000e0000000, 0x00000000ff900000, 0x0000000100000000)
  eden space 382976K, 100% used [0x00000000e0000000,0x00000000f7600000,0x00000000f7600000)
  from space 68096K, 14% used [0x00000000f7600000,0x00000000f7f500d0,0x00000000fb880000)
  to   space 65024K, 0% used [0x00000000fb980000,0x00000000fb980000,0x00000000ff900000)
 ParOldGen       total 574976K, used 502602K [0x00000000a0000000, 0x00000000c3180000, 0x00000000e0000000)
  object space 574976K, 87% used [0x00000000a0000000,0x00000000bead28e0,0x00000000c3180000)
 Metaspace       used 125742K, capacity 133678K, committed 133760K, reserved 1167360K
  class space    used 15167K, capacity 16501K, committed 16512K, reserved 1048576K
Event: 3232.851 GC heap after
Heap after GC invocations=211 (full 9):
 PSYoungGen      total 453120K, used 12150K [0x00000000e0000000, 0x00000000ff700000, 0x0000000100000000)
  eden space 390144K, 0% used [0x00000000e0000000,0x00000000e0000000,0x00000000f7d00000)
  from space 62976K, 19% used [0x00000000fb980000,0x00000000fc55daa0,0x00000000ff700000)
  to   space 61952K, 0% used [0x00000000f7d00000,0x00000000f7d00000,0x00000000fb980000)
 ParOldGen       total 574976K, used 502602K [0x00000000a0000000, 0x00000000c3180000, 0x00000000e0000000)
  object space 574976K, 87% used [0x00000000a0000000,0x00000000bead28e0,0x00000000c3180000)
 Metaspace       used 125742K, capacity 133678K, committed 133760K, reserved 1167360K
  class space    used 15167K, capacity 16501K, committed 16512K, reserved 1048576K
}
Event: 3233.222 GC heap before
{Heap before GC invocations=212 (full 9):
 PSYoungGen      total 453120K, used 402294K [0x00000000e0000000, 0x00000000ff700000, 0x0000000100000000)
  eden space 390144K, 100% used [0x00000000e0000000,0x00000000f7d00000,0x00000000f7d00000)
  from space 62976K, 19% used [0x00000000fb980000,0x00000000fc55daa0,0x00000000ff700000)
  to   space 61952K, 0% used [0x00000000f7d00000,0x00000000f7d00000,0x00000000fb980000)
 ParOldGen       total 574976K, used 502602K [0x00000000a0000000, 0x00000000c3180000, 0x00000000e0000000)
  object space 574976K, 87% used [0x00000000a0000000,0x00000000bead28e0,0x00000000c3180000)
 Metaspace       used 125811K, capacity 133806K, committed 134016K, reserved 1167360K
  class space    used 15167K, capacity 16501K, committed 16512K, reserved 1048576K
Event: 3233.234 GC heap after
Heap after GC invocations=212 (full 9):
 PSYoungGen      total 452096K, used 10666K [0x00000000e0000000, 0x00000000ffa00000, 0x0000000100000000)
  eden space 390144K, 0% used [0x00000000e0000000,0x00000000e0000000,0x00000000f7d00000)
  from space 61952K, 17% used [0x00000000f7d00000,0x00000000f876a8a8,0x00000000fb980000)
  to   space 59392K, 0% used [0x00000000fc000000,0x00000000fc000000,0x00000000ffa00000)
 ParOldGen       total 574976K, used 502610K [0x00000000a0000000, 0x00000000c3180000, 0x00000000e0000000)
  object space 574976K, 87% used [0x00000000a0000000,0x00000000bead48e0,0x00000000c3180000)
 Metaspace       used 125811K, capacity 133806K, committed 134016K, reserved 1167360K
  class space    used 15167K, capacity 16501K, committed 16512K, reserved 1048576K
}
Event: 3235.117 GC heap before
{Heap before GC invocations=213 (full 9):
 PSYoungGen      total 452096K, used 400764K [0x00000000e0000000, 0x00000000ffa00000, 0x0000000100000000)
  eden space 390144K, 99% used [0x00000000e0000000,0x00000000f7cf4828,0x00000000f7d00000)
  from space 61952K, 17% used [0x00000000f7d00000,0x00000000f876a8a8,0x00000000fb980000)
  to   space 59392K, 0% used [0x00000000fc000000,0x00000000fc000000,0x00000000ffa00000)
 ParOldGen       total 574976K, used 502610K [0x00000000a0000000, 0x00000000c3180000, 0x00000000e0000000)
  object space 574976K, 87% used [0x00000000a0000000,0x00000000bead48e0,0x00000000c3180000)
 Metaspace       used 125824K, capacity 133806K, committed 134016K, reserved 1167360K
  class space    used 15168K, capacity 16501K, committed 16512K, reserved 1048576K
Event: 3235.128 GC heap after
Heap after GC invocations=213 (full 9):
 PSYoungGen      total 457728K, used 16820K [0x00000000e0000000, 0x00000000ff580000, 0x0000000100000000)
  eden space 402944K, 0% used [0x00000000e0000000,0x00000000e0000000,0x00000000f8980000)
  from space 54784K, 30% used [0x00000000fc000000,0x00000000fd06d228,0x00000000ff580000)
  to   space 55296K, 0% used [0x00000000f8980000,0x00000000f8980000,0x00000000fbf80000)
 ParOldGen       total 574976K, used 502618K [0x00000000a0000000, 0x00000000c3180000, 0x00000000e0000000)
  object space 574976K, 87% used [0x00000000a0000000,0x00000000bead68e0,0x00000000c3180000)
 Metaspace       used 125824K, capacity 133806K, committed 134016K, reserved 1167360K
  class space    used 15168K, capacity 16501K, committed 16512K, reserved 1048576K
}
Event: 3237.055 GC heap before
{Heap before GC invocations=214 (full 9):
 PSYoungGen      total 457728K, used 419764K [0x00000000e0000000, 0x00000000ff580000, 0x0000000100000000)
  eden space 402944K, 100% used [0x00000000e0000000,0x00000000f8980000,0x00000000f8980000)
  from space 54784K, 30% used [0x00000000fc000000,0x00000000fd06d228,0x00000000ff580000)
  to   space 55296K, 0% used [0x00000000f8980000,0x00000000f8980000,0x00000000fbf80000)
 ParOldGen       total 574976K, used 502618K [0x00000000a0000000, 0x00000000c3180000, 0x00000000e0000000)
  object space 574976K, 87% used [0x00000000a0000000,0x00000000bead68e0,0x00000000c3180000)
 Metaspace       used 125831K, capacity 133806K, committed 134016K, reserved 1167360K
  class space    used 15168K, capacity 16501K, committed 16512K, reserved 1048576K
Event: 3237.164 GC heap after
Heap after GC invocations=214 (full 9):
 PSYoungGen      total 458240K, used 55293K [0x00000000e0000000, 0x0000000100000000, 0x0000000100000000)
  eden space 402944K, 0% used [0x00000000e0000000,0x00000000e0000000,0x00000000f8980000)
  from space 55296K, 99% used [0x00000000f8980000,0x00000000fbf7f550,0x00000000fbf80000)
  to   space 66048K, 0% used [0x00000000fbf80000,0x00000000fbf80000,0x0000000100000000)
 ParOldGen       total 574976K, used 519841K [0x00000000a0000000, 0x00000000c3180000, 0x00000000e0000000)
  object space 574976K, 90% used [0x00000000a0000000,0x00000000bfba86d8,0x00000000c3180000)
 Metaspace       used 125831K, capacity 133806K, committed 134016K, reserved 1167360K
  class space    used 15168K, capacity 16501K, committed 16512K, reserved 1048576K
}

Deoptimization events (10 events):
Event: 3224.155 Thread 0x000000002edc0000 Uncommon trap: reason=bimorphic action=maybe_recompile pc=0x000000000940f4c0 method=com.android.tools.profiler.asm.MethodVisitor.visitFieldInsn(ILjava/lang/String;Ljava/lang/String;Ljava/lang/String;)V @ 16
Event: 3224.155 Thread 0x000000002edc0000 Uncommon trap: reason=bimorphic action=maybe_recompile pc=0x00000000093ff610 method=com.android.tools.profiler.asm.MethodVisitor.visitIntInsn(II)V @ 13
Event: 3224.155 Thread 0x000000002edc0000 Uncommon trap: reason=bimorphic action=maybe_recompile pc=0x000000000943bf0c method=com.android.tools.profiler.asm.MethodVisitor.visitLocalVariable(Ljava/lang/String;Ljava/lang/String;Ljava/lang/String;Lcom/android/tools/profiler/asm/Label;Lcom/android/to
Event: 3224.155 Thread 0x000000002edc0000 Uncommon trap: reason=bimorphic action=maybe_recompile pc=0x00000000092bb1b8 method=com.android.tools.profiler.asm.MethodVisitor.visitMaxs(II)V @ 13
Event: 3224.155 Thread 0x000000002edc0000 Uncommon trap: reason=bimorphic action=maybe_recompile pc=0x00000000092aabd4 method=com.android.tools.profiler.asm.MethodVisitor.visitEnd()V @ 11
Event: 3224.242 Thread 0x000000002edc0000 Uncommon trap: reason=bimorphic action=maybe_recompile pc=0x00000000092aa794 method=com.android.tools.profiler.asm.MethodVisitor.visitCode()V @ 11
Event: 3224.243 Thread 0x000000002edc0000 Uncommon trap: reason=bimorphic action=maybe_recompile pc=0x000000000943bf0c method=com.android.tools.profiler.asm.MethodVisitor.visitLocalVariable(Ljava/lang/String;Ljava/lang/String;Ljava/lang/String;Lcom/android/tools/profiler/asm/Label;Lcom/android/to
Event: 3224.281 Thread 0x000000002edc0000 Uncommon trap: reason=unstable_if action=reinterpret pc=0x000000000940c844 method=com.android.tools.profiler.InitializerAdapter.visitMethod(ILjava/lang/String;Ljava/lang/String;Ljava/lang/String;[Ljava/lang/String;)Lcom/android/tools/profiler/asm/MethodVi
Event: 3224.615 Thread 0x000000002edc0000 Uncommon trap: reason=bimorphic action=maybe_recompile pc=0x00000000092e0758 method=com.android.tools.profiler.asm.MethodVisitor.visitTypeInsn(ILjava/lang/String;)V @ 13
Event: 3226.101 Thread 0x000000001c902000 Uncommon trap: reason=class_check action=maybe_recompile pc=0x00000000060b3374 method=java.util.Collections$SetFromMap.iterator()Ljava/util/Iterator; @ 4

Classes redefined (0 events):
No events

Internal exceptions (10 events):
Event: 3236.282 Thread 0x0000000027d30000 Exception <a 'sun/nio/fs/WindowsException'> (0x00000000ef686730) thrown at [D:\src\AOSP-openjdk-cygwin\jdk8u\hotspot\src\share\vm\prims\jni.cpp, line 709]
Event: 3236.351 Thread 0x000000001c902000 Exception <a 'sun/nio/fs/WindowsException'> (0x00000000efc14f10) thrown at [D:\src\AOSP-openjdk-cygwin\jdk8u\hotspot\src\share\vm\prims\jni.cpp, line 709]
Event: 3236.476 Thread 0x000000001d46d000 Exception <a 'sun/nio/fs/WindowsException'> (0x00000000effba4e0) thrown at [D:\src\AOSP-openjdk-cygwin\jdk8u\hotspot\src\share\vm\prims\jni.cpp, line 709]
Event: 3237.840 Thread 0x0000000027d2a000 Exception <a 'sun/nio/fs/WindowsException'> (0x00000000e82114b8) thrown at [D:\src\AOSP-openjdk-cygwin\jdk8u\hotspot\src\share\vm\prims\jni.cpp, line 709]
Event: 3237.968 Thread 0x000000001c906000 Exception <a 'sun/nio/fs/WindowsException'> (0x00000000e876a8a8) thrown at [D:\src\AOSP-openjdk-cygwin\jdk8u\hotspot\src\share\vm\prims\jni.cpp, line 709]
Event: 3237.968 Thread 0x000000001c907000 Exception <a 'sun/nio/fs/WindowsException'> (0x00000000e8551738) thrown at [D:\src\AOSP-openjdk-cygwin\jdk8u\hotspot\src\share\vm\prims\jni.cpp, line 709]
Event: 3237.968 Thread 0x000000001c906000 Exception <a 'sun/nio/fs/WindowsException'> (0x00000000e876b010) thrown at [D:\src\AOSP-openjdk-cygwin\jdk8u\hotspot\src\share\vm\prims\jni.cpp, line 709]
Event: 3237.970 Thread 0x000000001c906000 Exception <a 'sun/nio/fs/WindowsException'> (0x00000000e876bb90) thrown at [D:\src\AOSP-openjdk-cygwin\jdk8u\hotspot\src\share\vm\prims\jni.cpp, line 709]
Event: 3237.970 Thread 0x000000001c906000 Exception <a 'sun/nio/fs/WindowsException'> (0x00000000e876c2f8) thrown at [D:\src\AOSP-openjdk-cygwin\jdk8u\hotspot\src\share\vm\prims\jni.cpp, line 709]
Event: 3238.114 Thread 0x000000001d46e000 Exception <a 'sun/nio/fs/WindowsException'> (0x00000000e9208fb8) thrown at [D:\src\AOSP-openjdk-cygwin\jdk8u\hotspot\src\share\vm\prims\jni.cpp, line 709]

Events (10 events):
Event: 3237.849 Executing VM operation: RevokeBias done
Event: 3237.849 Thread 0x0000000027d2e800 Thread exited: 0x0000000027d2e800
Event: 3237.849 Thread 0x000000001d47c800 Thread exited: 0x000000001d47c800
Event: 3237.849 Thread 0x0000000027d2a000 Thread exited: 0x0000000027d2a000
Event: 3237.849 Thread 0x000000001d46d000 Thread exited: 0x000000001d46d000
Event: 3237.967 Thread 0x000000001d46d000 Thread added: 0x000000001d46d000
Event: 3238.027 loading class org/gradle/workers/internal/WorkerDaemonExpiration$SimpleMemoryExpirationSelector
Event: 3238.027 loading class org/gradle/workers/internal/WorkerDaemonExpiration$SimpleMemoryExpirationSelector done
Event: 3238.028 loading class org/gradle/workers/internal/WorkerDaemonClientsManager$1
Event: 3238.028 loading class org/gradle/workers/internal/WorkerDaemonClientsManager$1 done


Dynamic libraries:
0x00007ff62f2b0000 - 0x00007ff62f2e1000 	C:\Program Files\Android\Android Studio\jre\bin\java.exe
0x00007ff8e3540000 - 0x00007ff8e3721000 	C:\WINDOWS\SYSTEM32\ntdll.dll
0x00007ff8e2000000 - 0x00007ff8e20b1000 	C:\WINDOWS\System32\KERNEL32.DLL
0x00007ff8e0310000 - 0x00007ff8e0583000 	C:\WINDOWS\System32\KERNELBASE.dll
0x00007ff8e31a0000 - 0x00007ff8e3241000 	C:\WINDOWS\System32\ADVAPI32.dll
0x00007ff8e21c0000 - 0x00007ff8e225e000 	C:\WINDOWS\System32\msvcrt.dll
0x00007ff8e2dc0000 - 0x00007ff8e2e1b000 	C:\WINDOWS\System32\sechost.dll
0x00007ff8e2ba0000 - 0x00007ff8e2cc4000 	C:\WINDOWS\System32\RPCRT4.dll
0x00007ff8e32d0000 - 0x00007ff8e3460000 	C:\WINDOWS\System32\USER32.dll
0x00007ff8dfaf0000 - 0x00007ff8dfb10000 	C:\WINDOWS\System32\win32u.dll
0x00007ff8e3170000 - 0x00007ff8e3198000 	C:\WINDOWS\System32\GDI32.dll
0x00007ff8e0830000 - 0x00007ff8e09c2000 	C:\WINDOWS\System32\gdi32full.dll
0x00007ff8e0220000 - 0x00007ff8e02bf000 	C:\WINDOWS\System32\msvcp_win.dll
0x00007ff8df9f0000 - 0x00007ff8dfae8000 	C:\WINDOWS\System32\ucrtbase.dll
0x00007ff8d2670000 - 0x00007ff8d28d9000 	C:\WINDOWS\WinSxS\amd64_microsoft.windows.common-controls_6595b64144ccf1df_6.0.17134.706_none_fb43a2cb30647007\COMCTL32.dll
0x00007ff8e23a0000 - 0x00007ff8e26c2000 	C:\WINDOWS\System32\combase.dll
0x00007ff8df970000 - 0x00007ff8df9ea000 	C:\WINDOWS\System32\bcryptPrimitives.dll
0x00007ff8e2e20000 - 0x00007ff8e2e4d000 	C:\WINDOWS\System32\IMM32.DLL
0x0000000056a70000 - 0x0000000056b42000 	C:\Program Files\Android\Android Studio\jre\jre\bin\msvcr100.dll
0x0000000056020000 - 0x0000000056861000 	C:\Program Files\Android\Android Studio\jre\jre\bin\server\jvm.dll
0x00007ff8e2b80000 - 0x00007ff8e2b88000 	C:\WINDOWS\System32\PSAPI.DLL
0x00007ff8d28f0000 - 0x00007ff8d28fa000 	C:\WINDOWS\SYSTEM32\VERSION.dll
0x00007ff8dceb0000 - 0x00007ff8dced3000 	C:\WINDOWS\SYSTEM32\WINMM.dll
0x00007ff8cf520000 - 0x00007ff8cf529000 	C:\WINDOWS\SYSTEM32\WSOCK32.dll
0x00007ff8e2260000 - 0x00007ff8e22cc000 	C:\WINDOWS\System32\WS2_32.dll
0x00007ff8dcce0000 - 0x00007ff8dcd0a000 	C:\WINDOWS\SYSTEM32\winmmbase.dll
0x00007ff8e02c0000 - 0x00007ff8e0309000 	C:\WINDOWS\System32\cfgmgr32.dll
0x00007ff8d31c0000 - 0x00007ff8d31cf000 	C:\Program Files\Android\Android Studio\jre\jre\bin\verify.dll
0x00007ff8c80d0000 - 0x00007ff8c80f9000 	C:\Program Files\Android\Android Studio\jre\jre\bin\java.dll
0x00007ff8c80b0000 - 0x00007ff8c80c6000 	C:\Program Files\Android\Android Studio\jre\jre\bin\zip.dll
0x00007ff8e0b30000 - 0x00007ff8e1f70000 	C:\WINDOWS\System32\SHELL32.dll
0x00007ff8e3460000 - 0x00007ff8e3509000 	C:\WINDOWS\System32\shcore.dll
0x00007ff8dfb10000 - 0x00007ff8e021d000 	C:\WINDOWS\System32\windows.storage.dll
0x00007ff8e2160000 - 0x00007ff8e21b1000 	C:\WINDOWS\System32\shlwapi.dll
0x00007ff8df8d0000 - 0x00007ff8df8e1000 	C:\WINDOWS\System32\kernel.appcore.dll
0x00007ff8df8f0000 - 0x00007ff8df90f000 	C:\WINDOWS\System32\profapi.dll
0x00007ff8df860000 - 0x00007ff8df8ac000 	C:\WINDOWS\System32\powrprof.dll
0x00007ff8df850000 - 0x00007ff8df85a000 	C:\WINDOWS\System32\FLTLIB.DLL
0x00007ff8a9780000 - 0x00007ff8a979a000 	C:\Program Files\Android\Android Studio\jre\jre\bin\net.dll
0x00007ff8df0d0000 - 0x00007ff8df136000 	C:\WINDOWS\system32\mswsock.dll
0x00007ff8a88b0000 - 0x00007ff8a88c1000 	C:\Program Files\Android\Android Studio\jre\jre\bin\nio.dll
0x00007ff8d6960000 - 0x00007ff8d6986000 	C:\Users\Gayan\.gradle\native\29\windows-amd64\native-platform.dll
0x00007ff8be740000 - 0x00007ff8be74d000 	C:\Program Files\Android\Android Studio\jre\jre\bin\management.dll
0x00007ff8df280000 - 0x00007ff8df297000 	C:\WINDOWS\SYSTEM32\CRYPTSP.dll
0x00007ff8decb0000 - 0x00007ff8dece3000 	C:\WINDOWS\system32\rsaenh.dll
0x00007ff8df3b0000 - 0x00007ff8df3d5000 	C:\WINDOWS\SYSTEM32\bcrypt.dll
0x00007ff8df750000 - 0x00007ff8df778000 	C:\WINDOWS\SYSTEM32\USERENV.dll
0x00007ff8df2a0000 - 0x00007ff8df2ab000 	C:\WINDOWS\SYSTEM32\CRYPTBASE.dll
0x00007ff8dee50000 - 0x00007ff8dee88000 	C:\WINDOWS\SYSTEM32\IPHLPAPI.DLL
0x00007ff8e1ff0000 - 0x00007ff8e1ff8000 	C:\WINDOWS\System32\NSI.dll
0x00007ff8d6340000 - 0x00007ff8d6356000 	C:\WINDOWS\SYSTEM32\dhcpcsvc6.DLL
0x00007ff8d6440000 - 0x00007ff8d645a000 	C:\WINDOWS\SYSTEM32\dhcpcsvc.DLL
0x00007ff8de940000 - 0x00007ff8de971000 	C:\WINDOWS\SYSTEM32\ntmarta.dll
0x00007ff8c8280000 - 0x00007ff8c82a4000 	C:\Program Files\Android\Android Studio\jre\jre\bin\sunec.dll
0x00007ff8c8230000 - 0x00007ff8c823b000 	C:\Program Files\Android\Android Studio\jre\jre\bin\sunmscapi.dll
0x00007ff8e0590000 - 0x00007ff8e0772000 	C:\WINDOWS\System32\CRYPT32.dll
0x00007ff8df8b0000 - 0x00007ff8df8c2000 	C:\WINDOWS\System32\MSASN1.dll
0x00007ff8dee90000 - 0x00007ff8def4e000 	C:\WINDOWS\SYSTEM32\DNSAPI.dll
0x00007ff8d1ac0000 - 0x00007ff8d1aca000 	C:\Windows\System32\rasadhlp.dll
0x00007ff8d20b0000 - 0x00007ff8d2122000 	C:\WINDOWS\System32\fwpuclnt.dll

VM Arguments:
jvm_args: -Xmx1536m -Dfile.encoding=windows-1252 -Duser.country=US -Duser.language=en -Duser.variant 
java_command: org.gradle.launcher.daemon.bootstrap.GradleDaemon 5.4
java_class_path (initial): C:\gradle-5.4\lib\gradle-launcher-5.4.jar
Launcher Type: SUN_STANDARD

Environment Variables:
JAVA_HOME=C:\Program Files (x86)\Java\jdk1.8.0_192
PATH=C:\Program Files (x86)\Microsoft Visual Studio\Shared\Python36_64\Scripts\;C:\Program Files (x86)\Microsoft Visual Studio\Shared\Python36_64\;C:\Program Files (x86)\Common Files\Oracle\Java\javapath;C:\Program Files (x86)\Intel\iCLS Client\;C:\ProgramData\Oracle\Java\javapath;C:\Program Files\Intel\iCLS Client\;C:\WINDOWS\system32;C:\WINDOWS;C:\WINDOWS\System32\Wbem;C:\WINDOWS\System32\WindowsPowerShell\v1.0\;C:\Program Files\Java\jdk1.8.0_131\bin;C:\Program Files\Microsoft SQL Server\110\Tools\Binn\;C:\Program Files\MySQL\MySQL Utilities 1.6\;C:\Program Files (x86)\Microsoft SQL Server\Client SDK\ODBC\130\Tools\Binn\;C:\Program Files (x86)\Microsoft SQL Server\140\Tools\Binn\;C:\Program Files (x86)\Microsoft SQL Server\140\DTS\Binn\;C:\Program Files (x86)\Microsoft SQL Server\140\Tools\Binn\ManagementStudio\;C:\Program Files\Microsoft SQL Server\Client SDK\ODBC\130\Tools\Binn\;C:\Program Files\Microsoft SQL Server\140\Tools\Binn\;C:\Program Files\Microsoft SQL Server\140\DTS\Binn\;C:\Program Files\dotnet\;C:\Program Files\Microsoft SQL Server\130\Tools\Binn\;C:\Program Files (x86)\Intel\Intel(R) Management Engine Components\DAL;C:\Program Files\Intel\Intel(R) Management Engine Components\DAL;C:\Program Files (x86)\Intel\Intel(R) Management Engine Components\IPT;C:\Program Files\Intel\Intel(R) Management Engine Components\IPT;C:\opencv341\opencv\build\x64\vc15\bin;C:\WINDOWS\System32\OpenSSH\;C:\opencv400\opencv\build\x64\vc15\bin;C:\Program Files\nodejs\;C:\Program Files\Java\jre1.8.0_151\bin;C:\Program Files\Intel\WiFi\bin\;C:\Program Files\Common Files\Intel\WirelessCommon\;C:\Program Files\PuTTY\;C:\Program Files\Git\cmd;C:\Users\Gayan\AppData\Local\Microsoft\WindowsApps;C:\Users\Gayan\AppData\Local\atom\bin;C:\Users\Gayan\AppData\Local\GitHubDesktop\bin;C:\Users\Gayan\AppData\Roaming\npm;C:\Users\Gayan\AppData\Local\Programs\Microsoft VS Code\bin
USERNAME=Gayan
OS=Windows_NT
PROCESSOR_IDENTIFIER=Intel64 Family 6 Model 142 Stepping 9, GenuineIntel



---------------  S Y S T E M  ---------------

OS: Windows 10.0 , 64 bit Build 17134 (10.0.17134.706)

CPU:total 4 (initial active 4) (2 cores per cpu, 2 threads per core) family 6 model 142 stepping 9, cmov, cx8, fxsr, mmx, sse, sse2, sse3, ssse3, sse4.1, sse4.2, popcnt, avx, avx2, aes, clmul, erms, 3dnowpref, lzcnt, ht, tsc, tscinvbit, bmi1, bmi2, adx

Memory: 4k page, physical 8302500k(721828k free), swap 8302500k(4156k free)

vm_info: OpenJDK 64-Bit Server VM (25.152-b01) for windows-amd64 JRE (1.8.0_152-release-1343-b01), built by "builder" with MS VC++ 10.0 (VS2010)

time: Fri May 24 15:46:11 2019
elapsed time: 3239 seconds (0d 0h 53m 59s)

