#
# There is insufficient memory for the Java Runtime Environment to continue.
# Native memory allocation (malloc) failed to allocate 1267744 bytes for Chunk::new
# Possible reasons:
#   The system is out of physical RAM or swap space
#   In 32 bit mode, the process size limit was hit
# Possible solutions:
#   Reduce memory load on the system
#   Increase physical memory or swap space
#   Check if swap backing store is full
#   Use 64 bit Java on a 64 bit OS
#   Decrease Java heap size (-Xmx/-Xms)
#   Decrease number of Java threads
#   Decrease Java thread stack sizes (-Xss)
#   Set larger code cache with -XX:ReservedCodeCacheSize=
# This output file may be truncated or incomplete.
#
#  Out of Memory Error (allocation.cpp:390), pid=7588, tid=0x00000000000013f8
#
# JRE version: OpenJDK Runtime Environment (8.0_152-b01) (build 1.8.0_152-release-1343-b01)
# Java VM: OpenJDK 64-Bit Server VM (25.152-b01 mixed mode windows-amd64 compressed oops)
# Failed to write core dump. Minidumps are not enabled by default on client versions of Windows
#

---------------  T H R E A D  ---------------

Current thread (0x00000000161d1000):  JavaThread "C2 CompilerThread1" daemon [_thread_in_native, id=5112, stack(0x0000000017920000,0x0000000017a20000)]

Stack: [0x0000000017920000,0x0000000017a20000]
[error occurred during error reporting (printing stack bounds), id 0xc0000005]

Native frames: (J=compiled Java code, j=interpreted, Vv=VM code, C=native code)


Current CompileTask:
C2:4201554 33557   !   4       com.android.tools.r8.ir.analysis.type.ClassTypeLatticeElement::computeLeastUpperBoundOfInterfaces (649 bytes)


---------------  P R O C E S S  ---------------

Java Threads: ( => current thread )
  0x000000002bd41800 JavaThread "ForkJoinPool.commonPool-worker-0" daemon [_thread_in_Java, id=8200, stack(0x0000000046ed0000,0x0000000046fd0000)]
  0x000000002bd37000 JavaThread "ForkJoinPool.commonPool-worker-3" daemon [_thread_in_Java, id=11416, stack(0x0000000046dd0000,0x0000000046ed0000)]
  0x000000002bd37800 JavaThread "ForkJoinPool.commonPool-worker-2" daemon [_thread_in_Java, id=5124, stack(0x0000000046cd0000,0x0000000046dd0000)]
  0x000000002bd3d000 JavaThread "Cache worker for Java compile cache (H:\buzzvpn2.0.880\buzzvpn\.gradle\5.4\javaCompile)" [_thread_blocked, id=4752, stack(0x0000000046bd0000,0x0000000046cd0000)]
  0x000000002bd3c800 JavaThread "stdout" daemon [_thread_in_native, id=2332, stack(0x0000000046ad0000,0x0000000046bd0000)]
  0x000000002bd34800 JavaThread "stderr" daemon [_thread_in_native, id=11420, stack(0x00000000469d0000,0x0000000046ad0000)]
  0x000000002bd3a800 JavaThread "stdout" daemon [_thread_in_native, id=11268, stack(0x00000000468d0000,0x00000000469d0000)]
  0x000000002bd36000 JavaThread "stderr" daemon [_thread_in_native, id=8236, stack(0x00000000467d0000,0x00000000468d0000)]
  0x000000001bf4d800 JavaThread "stdout" daemon [_thread_in_native, id=5756, stack(0x00000000466d0000,0x00000000467d0000)]
  0x000000001bf50800 JavaThread "stderr" daemon [_thread_in_native, id=4808, stack(0x00000000465d0000,0x00000000466d0000)]
  0x000000001bf4f000 JavaThread "pool-24-thread-1" [_thread_blocked, id=13092, stack(0x00000000464d0000,0x00000000465d0000)]
  0x000000001bf44000 JavaThread "Cache worker for execution history cache (H:\buzzvpn2.0.880\buzzvpn\.gradle\5.4\executionHistory)" [_thread_blocked, id=7148, stack(0x00000000460d0000,0x00000000461d0000)]
  0x000000001bf43800 JavaThread "Execution worker for ':' Thread 3" [_thread_blocked, id=7504, stack(0x0000000045fd0000,0x00000000460d0000)]
  0x000000001bf4a800 JavaThread "Execution worker for ':' Thread 2" [_thread_blocked, id=12804, stack(0x0000000045ed0000,0x0000000045fd0000)]
  0x000000001bf42800 JavaThread "Execution worker for ':'" [_thread_blocked, id=6096, stack(0x0000000045dd0000,0x0000000045ed0000)]
  0x000000001bf49800 JavaThread "Cache worker for file content cache (H:\buzzvpn2.0.880\buzzvpn\.gradle\5.4\fileContent)" [_thread_blocked, id=10152, stack(0x0000000045cd0000,0x0000000045dd0000)]
  0x000000001bf42000 JavaThread "Cache worker for Build Output Cleanup Cache (H:\buzzvpn2.0.880\buzzvpn\.gradle\buildOutputCleanup)" [_thread_blocked, id=4100, stack(0x0000000045bd0000,0x0000000045cd0000)]
  0x000000001bf46800 JavaThread "pool-23-thread-1" [_thread_blocked, id=10636, stack(0x0000000045ad0000,0x0000000045bd0000)]
  0x000000001bf48000 JavaThread "Build operations Thread 4" [_thread_blocked, id=7544, stack(0x00000000459d0000,0x0000000045ad0000)]
  0x000000001c310800 JavaThread "Build operations Thread 3" [_thread_blocked, id=2816, stack(0x00000000458d0000,0x00000000459d0000)]
  0x000000001c30f800 JavaThread "Build operations Thread 2" [_thread_blocked, id=7428, stack(0x00000000457d0000,0x00000000458d0000)]
  0x000000001c30f000 JavaThread "Build operations" [_thread_blocked, id=4076, stack(0x00000000456d0000,0x00000000457d0000)]
  0x000000001c30e000 JavaThread "Cache worker for cache directory md-rule (C:\Users\Gayan\.gradle\caches\5.4\md-rule)" [_thread_blocked, id=9092, stack(0x00000000455d0000,0x00000000456d0000)]
  0x000000001c303800 JavaThread "Cache worker for cache directory md-supplier (C:\Users\Gayan\.gradle\caches\5.4\md-supplier)" [_thread_blocked, id=7092, stack(0x00000000454d0000,0x00000000455d0000)]
  0x000000001c303000 JavaThread "Cache worker for file hash cache (H:\buzzvpn2.0.880\buzzvpn\.gradle\5.4\fileHashes)" [_thread_blocked, id=7672, stack(0x00000000453d0000,0x00000000454d0000)]
  0x000000001c307800 JavaThread "Thread-252" [_thread_blocked, id=13120, stack(0x00000000452d0000,0x00000000453d0000)]
  0x000000001c305000 JavaThread "Stdin handler" [_thread_blocked, id=6164, stack(0x00000000451d0000,0x00000000452d0000)]
  0x000000001c302000 JavaThread "Asynchronous log dispatcher for DefaultDaemonConnection: socket connection from /127.0.0.1:9336 to /127.0.0.1:1789" [_thread_blocked, id=1964, stack(0x00000000450d0000,0x00000000451d0000)]
  0x000000001c306800 JavaThread "Cancel handler" [_thread_blocked, id=7192, stack(0x0000000044fd0000,0x00000000450d0000)]
  0x000000001c309000 JavaThread "Handler for socket connection from /127.0.0.1:9336 to /127.0.0.1:1789" [_thread_in_native, id=9716, stack(0x0000000044ed0000,0x0000000044fd0000)]
  0x000000001c308000 JavaThread "Exec process Thread 12" daemon [_thread_blocked, id=13072, stack(0x0000000044dd0000,0x0000000044ed0000)]
  0x000000001c30c000 JavaThread "Exec process Thread 11" daemon [_thread_blocked, id=8352, stack(0x0000000044cd0000,0x0000000044dd0000)]
  0x000000001c30b000 JavaThread "Exec process Thread 10" daemon [_thread_blocked, id=12096, stack(0x0000000044bd0000,0x0000000044cd0000)]
  0x000000002bd39000 JavaThread "Daemon worker Thread 8" [_thread_blocked, id=10212, stack(0x00000000437d0000,0x00000000438d0000)]
  0x000000002bd35800 JavaThread "Daemon Thread 8" [_thread_blocked, id=8928, stack(0x00000000434d0000,0x00000000435d0000)]
  0x000000001bf4b000 JavaThread "Cache worker for Java compile cache (C:\Users\Gayan\.gradle\caches\5.4\javaCompile)" [_thread_blocked, id=6012, stack(0x000000002a870000,0x000000002a970000)]
  0x000000001c30c800 JavaThread "Cache worker for file content cache (C:\Users\Gayan\.gradle\caches\5.4\fileContent)" [_thread_blocked, id=724, stack(0x0000000029870000,0x0000000029970000)]
  0x000000001be28000 JavaThread "Memory manager" [_thread_blocked, id=6696, stack(0x0000000023170000,0x0000000023270000)]
  0x000000001be1e000 JavaThread "Cache worker for execution history cache (C:\Users\Gayan\.gradle\caches\5.4\executionHistory)" [_thread_blocked, id=10488, stack(0x000000001fe90000,0x000000001ff90000)]
  0x00000000191c3000 JavaThread "Cache worker for journal cache (C:\Users\Gayan\.gradle\caches\journal-1)" [_thread_blocked, id=5488, stack(0x000000001ae70000,0x000000001af70000)]
  0x00000000191c2000 JavaThread "File lock request listener" [_thread_in_native, id=7144, stack(0x000000001ac70000,0x000000001ad70000)]
  0x00000000191c9000 JavaThread "Cache worker for file hash cache (C:\Users\Gayan\.gradle\caches\5.4\fileHashes)" [_thread_blocked, id=2712, stack(0x000000001ab70000,0x000000001ac70000)]
  0x0000000019085800 JavaThread "Daemon periodic checks" [_thread_blocked, id=72, stack(0x000000001a170000,0x000000001a270000)]
  0x0000000019084000 JavaThread "Incoming local TCP Connector on port 9336" [_thread_in_native, id=1532, stack(0x0000000019f30000,0x000000001a030000)]
  0x0000000019007000 JavaThread "Daemon health stats" [_thread_blocked, id=2840, stack(0x00000000198f0000,0x00000000199f0000)]
  0x000000001622e800 JavaThread "Service Thread" daemon [_thread_blocked, id=524, stack(0x0000000017f20000,0x0000000018020000)]
  0x00000000161d4800 JavaThread "C1 CompilerThread2" daemon [_thread_blocked, id=5108, stack(0x0000000017a20000,0x0000000017b20000)]
=>0x00000000161d1000 JavaThread "C2 CompilerThread1" daemon [_thread_in_native, id=5112, stack(0x0000000017920000,0x0000000017a20000)]
  0x00000000161ce000 JavaThread "C2 CompilerThread0" daemon [_thread_blocked, id=792, stack(0x0000000017820000,0x0000000017920000)]
  0x00000000161cc800 JavaThread "Attach Listener" daemon [_thread_blocked, id=528, stack(0x0000000017720000,0x0000000017820000)]
  0x00000000161cb800 JavaThread "Signal Dispatcher" daemon [_thread_blocked, id=5104, stack(0x0000000017620000,0x0000000017720000)]
  0x000000000285c800 JavaThread "Finalizer" daemon [_thread_blocked, id=1140, stack(0x0000000017430000,0x0000000017530000)]
  0x0000000002851800 JavaThread "Reference Handler" daemon [_thread_blocked, id=10964, stack(0x0000000017330000,0x0000000017430000)]
  0x0000000002762800 JavaThread "main" [_thread_blocked, id=12824, stack(0x00000000025d0000,0x00000000026d0000)]

Other Threads:
  0x0000000016196800 VMThread [stack: 0x0000000017230000,0x0000000017330000] [id=5208]
  0x0000000017b3c800 WatcherThread [stack: 0x0000000018020000,0x0000000018120000] [id=5100]

VM state:not at safepoint (normal execution)

VM Mutex/Monitor currently owned by a thread: None

Heap:
 PSYoungGen      total 484864K, used 323479K [0x00000000e0000000, 0x0000000100000000, 0x0000000100000000)
  eden space 450560K, 70% used [0x00000000e0000000,0x00000000f355ee90,0x00000000fb800000)
  from space 34304K, 19% used [0x00000000fb800000,0x00000000fbe86ed8,0x00000000fd980000)
  to   space 32768K, 0% used [0x00000000fe000000,0x00000000fe000000,0x0000000100000000)
 ParOldGen       total 222720K, used 174064K [0x00000000a0000000, 0x00000000ad980000, 0x00000000e0000000)
  object space 222720K, 78% used [0x00000000a0000000,0x00000000aa9fc058,0x00000000ad980000)
 Metaspace       used 102525K, capacity 107021K, committed 107648K, reserved 1142784K
  class space    used 12514K, capacity 13369K, committed 13696K, reserved 1048576K

Card table byte_map: [0x0000000011c20000,0x0000000011f30000] byte_map_base: 0x0000000011720000

Marking Bits: (ParMarkBitMap*) 0x0000000064775aa0
 Begin Bits: [0x0000000012530000, 0x0000000013d30000)
 End Bits:   [0x0000000013d30000, 0x0000000015530000)

Polling page: 0x0000000000d60000

CodeCache: size=245760Kb used=87550Kb max_used=89917Kb free=158209Kb
 bounds [0x0000000002860000, 0x00000000080b0000, 0x0000000011860000]
 total_blobs=24067 nmethods=23163 adapters=814
 compilation: enabled

Compilation events (10 events):
Event: 4200.718 Thread 0x00000000161ce000 33582       4       com.android.tools.r8.it.unimi.dsi.fastutil.objects.Reference2IntLinkedOpenHashMap$KeySet::<init> (6 bytes)
Event: 4200.719 Thread 0x00000000161ce000 nmethod 33582 0x0000000006ea9910 code [0x0000000006ea9a40, 0x0000000006ea9ab8]
Event: 4200.768 Thread 0x00000000161ce000 33583       4       com.android.tools.r8.it.unimi.dsi.fastutil.objects.Object2IntLinkedOpenHashMap::<init> (127 bytes)
Event: 4200.777 Thread 0x00000000161ce000 nmethod 33583 0x0000000005ae7b50 code [0x0000000005ae7d00, 0x0000000005ae8418]
Event: 4200.784 Thread 0x00000000161d4800 33584       3       com.android.tools.r8.utils.AndroidApiLevel::getAndroidApiLevel (256 bytes)
Event: 4200.784 Thread 0x00000000161d4800 nmethod 33584 0x0000000006e66410 code [0x0000000006e665e0, 0x0000000006e66b48]
Event: 4200.784 Thread 0x00000000161d4800 33585       3       java.util.WeakHashMap$HashIterator::nextEntry (81 bytes)
Event: 4200.785 Thread 0x00000000161d4800 nmethod 33585 0x000000000715cdd0 code [0x000000000715cf60, 0x000000000715d408]
Event: 4200.809 Thread 0x00000000161ce000 33586       4       com.android.tools.r8.graph.JarClassFileReader$CreateAnnotationVisitor::addElement (52 bytes)
Event: 4200.824 Thread 0x00000000161ce000 nmethod 33586 0x0000000003edb7d0 code [0x0000000003edb980, 0x0000000003edc268]

GC Heap History (10 events):
Event: 4198.815 GC heap before
{Heap before GC invocations=87 (full 6):
 PSYoungGen      total 475648K, used 447890K [0x00000000e0000000, 0x00000000ffa80000, 0x0000000100000000)
  eden space 438784K, 100% used [0x00000000e0000000,0x00000000fac80000,0x00000000fac80000)
  from space 36864K, 24% used [0x00000000fd680000,0x00000000fdf648f8,0x00000000ffa80000)
  to   space 39936K, 0% used [0x00000000fac80000,0x00000000fac80000,0x00000000fd380000)
 ParOldGen       total 222720K, used 165168K [0x00000000a0000000, 0x00000000ad980000, 0x00000000e0000000)
  object space 222720K, 74% used [0x00000000a0000000,0x00000000aa14c308,0x00000000ad980000)
 Metaspace       used 102451K, capacity 106957K, committed 107648K, reserved 1142784K
  class space    used 12514K, capacity 13369K, committed 13696K, reserved 1048576K
Event: 4198.826 GC heap after
Heap after GC invocations=87 (full 6):
 PSYoungGen      total 478720K, used 7106K [0x00000000e0000000, 0x0000000100000000, 0x0000000100000000)
  eden space 438784K, 0% used [0x00000000e0000000,0x00000000e0000000,0x00000000fac80000)
  from space 39936K, 17% used [0x00000000fac80000,0x00000000fb370870,0x00000000fd380000)
  to   space 38912K, 0% used [0x00000000fda00000,0x00000000fda00000,0x0000000100000000)
 ParOldGen       total 222720K, used 166483K [0x00000000a0000000, 0x00000000ad980000, 0x00000000e0000000)
  object space 222720K, 74% used [0x00000000a0000000,0x00000000aa294c98,0x00000000ad980000)
 Metaspace       used 102451K, capacity 106957K, committed 107648K, reserved 1142784K
  class space    used 12514K, capacity 13369K, committed 13696K, reserved 1048576K
}
Event: 4199.239 GC heap before
{Heap before GC invocations=88 (full 6):
 PSYoungGen      total 478720K, used 445890K [0x00000000e0000000, 0x0000000100000000, 0x0000000100000000)
  eden space 438784K, 100% used [0x00000000e0000000,0x00000000fac80000,0x00000000fac80000)
  from space 39936K, 17% used [0x00000000fac80000,0x00000000fb370870,0x00000000fd380000)
  to   space 38912K, 0% used [0x00000000fda00000,0x00000000fda00000,0x0000000100000000)
 ParOldGen       total 222720K, used 166483K [0x00000000a0000000, 0x00000000ad980000, 0x00000000e0000000)
  object space 222720K, 74% used [0x00000000a0000000,0x00000000aa294c98,0x00000000ad980000)
 Metaspace       used 102456K, capacity 106957K, committed 107648K, reserved 1142784K
  class space    used 12514K, capacity 13369K, committed 13696K, reserved 1048576K
Event: 4199.245 GC heap after
Heap after GC invocations=88 (full 6):
 PSYoungGen      total 480256K, used 5791K [0x00000000e0000000, 0x00000000ffc00000, 0x0000000100000000)
  eden space 445440K, 0% used [0x00000000e0000000,0x00000000e0000000,0x00000000fb300000)
  from space 34816K, 16% used [0x00000000fda00000,0x00000000fdfa7d50,0x00000000ffc00000)
  to   space 37376K, 0% used [0x00000000fb300000,0x00000000fb300000,0x00000000fd780000)
 ParOldGen       total 222720K, used 167153K [0x00000000a0000000, 0x00000000ad980000, 0x00000000e0000000)
  object space 222720K, 75% used [0x00000000a0000000,0x00000000aa33c768,0x00000000ad980000)
 Metaspace       used 102456K, capacity 106957K, committed 107648K, reserved 1142784K
  class space    used 12514K, capacity 13369K, committed 13696K, reserved 1048576K
}
Event: 4199.628 GC heap before
{Heap before GC invocations=89 (full 6):
 PSYoungGen      total 480256K, used 451231K [0x00000000e0000000, 0x00000000ffc00000, 0x0000000100000000)
  eden space 445440K, 100% used [0x00000000e0000000,0x00000000fb300000,0x00000000fb300000)
  from space 34816K, 16% used [0x00000000fda00000,0x00000000fdfa7d50,0x00000000ffc00000)
  to   space 37376K, 0% used [0x00000000fb300000,0x00000000fb300000,0x00000000fd780000)
 ParOldGen       total 222720K, used 167153K [0x00000000a0000000, 0x00000000ad980000, 0x00000000e0000000)
  object space 222720K, 75% used [0x00000000a0000000,0x00000000aa33c768,0x00000000ad980000)
 Metaspace       used 102456K, capacity 106957K, committed 107648K, reserved 1142784K
  class space    used 12514K, capacity 13369K, committed 13696K, reserved 1048576K
Event: 4199.635 GC heap after
Heap after GC invocations=89 (full 6):
 PSYoungGen      total 482816K, used 4113K [0x00000000e0000000, 0x0000000100000000, 0x0000000100000000)
  eden space 445440K, 0% used [0x00000000e0000000,0x00000000e0000000,0x00000000fb300000)
  from space 37376K, 11% used [0x00000000fb300000,0x00000000fb704598,0x00000000fd780000)
  to   space 36352K, 0% used [0x00000000fdc80000,0x00000000fdc80000,0x0000000100000000)
 ParOldGen       total 222720K, used 169231K [0x00000000a0000000, 0x00000000ad980000, 0x00000000e0000000)
  object space 222720K, 75% used [0x00000000a0000000,0x00000000aa543f30,0x00000000ad980000)
 Metaspace       used 102456K, capacity 106957K, committed 107648K, reserved 1142784K
  class space    used 12514K, capacity 13369K, committed 13696K, reserved 1048576K
}
Event: 4200.032 GC heap before
{Heap before GC invocations=90 (full 6):
 PSYoungGen      total 482816K, used 449553K [0x00000000e0000000, 0x0000000100000000, 0x0000000100000000)
  eden space 445440K, 100% used [0x00000000e0000000,0x00000000fb300000,0x00000000fb300000)
  from space 37376K, 11% used [0x00000000fb300000,0x00000000fb704598,0x00000000fd780000)
  to   space 36352K, 0% used [0x00000000fdc80000,0x00000000fdc80000,0x0000000100000000)
 ParOldGen       total 222720K, used 169231K [0x00000000a0000000, 0x00000000ad980000, 0x00000000e0000000)
  object space 222720K, 75% used [0x00000000a0000000,0x00000000aa543f30,0x00000000ad980000)
 Metaspace       used 102498K, capacity 106957K, committed 107648K, reserved 1142784K
  class space    used 12514K, capacity 13369K, committed 13696K, reserved 1048576K
Event: 4200.041 GC heap after
Heap after GC invocations=90 (full 6):
 PSYoungGen      total 481792K, used 9726K [0x00000000e0000000, 0x00000000ffb00000, 0x0000000100000000)
  eden space 450560K, 0% used [0x00000000e0000000,0x00000000e0000000,0x00000000fb800000)
  from space 31232K, 31% used [0x00000000fdc80000,0x00000000fe5ffa78,0x00000000ffb00000)
  to   space 34304K, 0% used [0x00000000fb800000,0x00000000fb800000,0x00000000fd980000)
 ParOldGen       total 222720K, used 169823K [0x00000000a0000000, 0x00000000ad980000, 0x00000000e0000000)
  object space 222720K, 76% used [0x00000000a0000000,0x00000000aa5d7d60,0x00000000ad980000)
 Metaspace       used 102498K, capacity 106957K, committed 107648K, reserved 1142784K
  class space    used 12514K, capacity 13369K, committed 13696K, reserved 1048576K
}
Event: 4200.418 GC heap before
{Heap before GC invocations=91 (full 6):
 PSYoungGen      total 481792K, used 460286K [0x00000000e0000000, 0x00000000ffb00000, 0x0000000100000000)
  eden space 450560K, 100% used [0x00000000e0000000,0x00000000fb800000,0x00000000fb800000)
  from space 31232K, 31% used [0x00000000fdc80000,0x00000000fe5ffa78,0x00000000ffb00000)
  to   space 34304K, 0% used [0x00000000fb800000,0x00000000fb800000,0x00000000fd980000)
 ParOldGen       total 222720K, used 169823K [0x00000000a0000000, 0x00000000ad980000, 0x00000000e0000000)
  object space 222720K, 76% used [0x00000000a0000000,0x00000000aa5d7d60,0x00000000ad980000)
 Metaspace       used 102512K, capacity 107021K, committed 107648K, reserved 1142784K
  class space    used 12514K, capacity 13369K, committed 13696K, reserved 1048576K
Event: 4200.435 GC heap after
Heap after GC invocations=91 (full 6):
 PSYoungGen      total 484864K, used 6683K [0x00000000e0000000, 0x0000000100000000, 0x0000000100000000)
  eden space 450560K, 0% used [0x00000000e0000000,0x00000000e0000000,0x00000000fb800000)
  from space 34304K, 19% used [0x00000000fb800000,0x00000000fbe86ed8,0x00000000fd980000)
  to   space 32768K, 0% used [0x00000000fe000000,0x00000000fe000000,0x0000000100000000)
 ParOldGen       total 222720K, used 174064K [0x00000000a0000000, 0x00000000ad980000, 0x00000000e0000000)
  object space 222720K, 78% used [0x00000000a0000000,0x00000000aa9fc058,0x00000000ad980000)
 Metaspace       used 102512K, capacity 107021K, committed 107648K, reserved 1142784K
  class space    used 12514K, capacity 13369K, committed 13696K, reserved 1048576K
}

Deoptimization events (10 events):
Event: 4194.642 Thread 0x000000002bd37800 Uncommon trap: reason=bimorphic action=maybe_recompile pc=0x0000000006261688 method=com.android.tools.r8.ir.conversion.DexBuilder$MoveInfo.addInstructions(Lcom/android/tools/r8/ir/conversion/DexBuilder;Ljava/util/List;)V @ 231
Event: 4194.922 Thread 0x000000002bd37800 Uncommon trap: reason=unstable_if action=reinterpret pc=0x0000000008068384 method=com.android.tools.r8.ir.optimize.CodeRewriter$CSEExpressionEquivalence.identicalValue(Lcom/android/tools/r8/ir/code/Value;Lcom/android/tools/r8/ir/code/Value;)Z @ 21
Event: 4194.922 Thread 0x000000002bd37800 Uncommon trap: reason=unstable_if action=reinterpret pc=0x0000000007bf7fc0 method=com.android.tools.r8.ir.optimize.CodeRewriter$CSEExpressionEquivalence.identicalValue(Lcom/android/tools/r8/ir/code/Value;Lcom/android/tools/r8/ir/code/Value;)Z @ 21
Event: 4197.163 Thread 0x000000002bd41800 Uncommon trap: reason=class_check action=maybe_recompile pc=0x0000000006566098 method=com.android.tools.r8.ir.optimize.CodeRewriter.rewriteMoveResult(Lcom/android/tools/r8/ir/code/IRCode;)V @ 133
Event: 4197.926 Thread 0x000000002bd41800 Uncommon trap: reason=class_check action=maybe_recompile pc=0x0000000005f87d90 method=com.android.tools.r8.graph.DexDebugEvent$Default.equals(Ljava/lang/Object;)Z @ 1
Event: 4197.932 Thread 0x000000002bd37800 Uncommon trap: reason=bimorphic action=maybe_recompile pc=0x0000000005dbe3b0 method=com.android.tools.r8.ir.optimize.CodeRewriter.computeInstanceInitializerInfo(Lcom/android/tools/r8/ir/code/IRCode;Lcom/android/tools/r8/graph/DexClass;Ljava/util/function/
Event: 4199.543 Thread 0x000000002bd37800 Uncommon trap: reason=class_check action=maybe_recompile pc=0x00000000069ad898 method=com.android.tools.r8.ir.optimize.RedundantFieldLoadElimination.run()V @ 304
Event: 4199.938 Thread 0x000000002bd41800 Uncommon trap: reason=bimorphic action=maybe_recompile pc=0x0000000005dbd18c method=com.android.tools.r8.ir.code.ConstString.identicalNonValueNonPositionParts(Lcom/android/tools/r8/ir/code/Instruction;)Z @ 1
Event: 4200.799 Thread 0x000000002bd41800 Uncommon trap: reason=bimorphic action=maybe_recompile pc=0x000000000674a02c method=com.android.tools.r8.graph.JarClassFileReader$CreateAnnotationVisitor.visitEnd()V @ 12
Event: 4200.809 Thread 0x000000002bd37800 Uncommon trap: reason=bimorphic action=maybe_recompile pc=0x000000000674a02c method=com.android.tools.r8.graph.JarClassFileReader$CreateAnnotationVisitor.visitEnd()V @ 12

Classes redefined (0 events):
No events

Internal exceptions (10 events):
Event: 4193.720 Thread 0x000000002bd37000 Exception <a 'sun/nio/fs/WindowsException'> (0x00000000ea79b5c0) thrown at [D:\src\AOSP-openjdk-cygwin\jdk8u\hotspot\src\share\vm\prims\jni.cpp, line 709]
Event: 4193.721 Thread 0x000000002bd37000 Exception <a 'sun/nio/fs/WindowsException'> (0x00000000ea79ff68) thrown at [D:\src\AOSP-openjdk-cygwin\jdk8u\hotspot\src\share\vm\prims\jni.cpp, line 709]
Event: 4193.724 Thread 0x000000002bd37000 Exception <a 'sun/nio/fs/WindowsException'> (0x00000000ea7a5550) thrown at [D:\src\AOSP-openjdk-cygwin\jdk8u\hotspot\src\share\vm\prims\jni.cpp, line 709]
Event: 4193.725 Thread 0x000000002bd37000 Exception <a 'sun/nio/fs/WindowsException'> (0x00000000ea7abdb8) thrown at [D:\src\AOSP-openjdk-cygwin\jdk8u\hotspot\src\share\vm\prims\jni.cpp, line 709]
Event: 4193.756 Thread 0x000000002bd37000 Exception <a 'sun/nio/fs/WindowsException'> (0x00000000ea7b0800) thrown at [D:\src\AOSP-openjdk-cygwin\jdk8u\hotspot\src\share\vm\prims\jni.cpp, line 709]
Event: 4193.760 Thread 0x000000002bd37000 Exception <a 'sun/nio/fs/WindowsException'> (0x00000000ea7b6618) thrown at [D:\src\AOSP-openjdk-cygwin\jdk8u\hotspot\src\share\vm\prims\jni.cpp, line 709]
Event: 4193.779 Thread 0x000000002bd37000 Exception <a 'sun/nio/fs/WindowsException'> (0x00000000ea7bc6f8) thrown at [D:\src\AOSP-openjdk-cygwin\jdk8u\hotspot\src\share\vm\prims\jni.cpp, line 709]
Event: 4193.780 Thread 0x000000002bd37000 Exception <a 'sun/nio/fs/WindowsException'> (0x00000000ea7c16e0) thrown at [D:\src\AOSP-openjdk-cygwin\jdk8u\hotspot\src\share\vm\prims\jni.cpp, line 709]
Event: 4193.782 Thread 0x000000002bd37000 Exception <a 'sun/nio/fs/WindowsException'> (0x00000000ea7c6310) thrown at [D:\src\AOSP-openjdk-cygwin\jdk8u\hotspot\src\share\vm\prims\jni.cpp, line 709]
Event: 4193.790 Thread 0x000000002bd37000 Exception <a 'sun/nio/fs/WindowsException'> (0x00000000ea7cbd18) thrown at [D:\src\AOSP-openjdk-cygwin\jdk8u\hotspot\src\share\vm\prims\jni.cpp, line 709]

Events (10 events):
Event: 4200.435 Executing VM operation: RevokeBias
Event: 4200.435 Executing VM operation: RevokeBias done
Event: 4200.435 Executing VM operation: RevokeBias
Event: 4200.435 Executing VM operation: RevokeBias done
Event: 4200.799 Thread 0x000000002bd41800 Uncommon trap: trap_request=0xffffffc6 fr.pc=0x000000000674a02c
Event: 4200.799 Thread 0x000000002bd41800 DEOPT PACKING pc=0x000000000674a02c sp=0x0000000046fce0b0
Event: 4200.799 Thread 0x000000002bd41800 DEOPT UNPACKING pc=0x00000000028a557b sp=0x0000000046fce0d0 mode 2
Event: 4200.809 Thread 0x000000002bd37800 Uncommon trap: trap_request=0xffffffc6 fr.pc=0x000000000674a02c
Event: 4200.809 Thread 0x000000002bd37800 DEOPT PACKING pc=0x000000000674a02c sp=0x0000000046dce020
Event: 4200.809 Thread 0x000000002bd37800 DEOPT UNPACKING pc=0x00000000028a557b sp=0x0000000046dce040 mode 2


Dynamic libraries:
0x00007ff75acf0000 - 0x00007ff75ad21000 	C:\Program Files\Android\Android Studio\jre\bin\java.exe
0x00007ffa9fbc0000 - 0x00007ffa9fda1000 	C:\WINDOWS\SYSTEM32\ntdll.dll
0x00007ffa9d080000 - 0x00007ffa9d131000 	C:\WINDOWS\System32\KERNEL32.DLL
0x00007ffa9cce0000 - 0x00007ffa9cf53000 	C:\WINDOWS\System32\KERNELBASE.dll
0x00007ffa9dee0000 - 0x00007ffa9df81000 	C:\WINDOWS\System32\ADVAPI32.dll
0x00007ffa9df90000 - 0x00007ffa9e02e000 	C:\WINDOWS\System32\msvcrt.dll
0x00007ffa9d140000 - 0x00007ffa9d19b000 	C:\WINDOWS\System32\sechost.dll
0x00007ffa9dc30000 - 0x00007ffa9dd54000 	C:\WINDOWS\System32\RPCRT4.dll
0x00007ffa9e030000 - 0x00007ffa9e1c0000 	C:\WINDOWS\System32\USER32.dll
0x00007ffa9d030000 - 0x00007ffa9d050000 	C:\WINDOWS\System32\win32u.dll
0x00007ffa9d050000 - 0x00007ffa9d078000 	C:\WINDOWS\System32\GDI32.dll
0x00007ffa9cb40000 - 0x00007ffa9ccd2000 	C:\WINDOWS\System32\gdi32full.dll
0x00007ffa9caa0000 - 0x00007ffa9cb3f000 	C:\WINDOWS\System32\msvcp_win.dll
0x00007ffa9c9a0000 - 0x00007ffa9ca98000 	C:\WINDOWS\System32\ucrtbase.dll
0x00007ffa81e20000 - 0x00007ffa82089000 	C:\WINDOWS\WinSxS\amd64_microsoft.windows.common-controls_6595b64144ccf1df_6.0.17134.766_none_fb43a1f3306471ed\COMCTL32.dll
0x00007ffa9d740000 - 0x00007ffa9da62000 	C:\WINDOWS\System32\combase.dll
0x00007ffa9cf60000 - 0x00007ffa9cfda000 	C:\WINDOWS\System32\bcryptPrimitives.dll
0x00007ffa9fb60000 - 0x00007ffa9fb8d000 	C:\WINDOWS\System32\IMM32.DLL
0x0000000065210000 - 0x00000000652e2000 	C:\Program Files\Android\Android Studio\jre\jre\bin\msvcr100.dll
0x0000000063fb0000 - 0x00000000647f1000 	C:\Program Files\Android\Android Studio\jre\jre\bin\server\jvm.dll
0x00007ffa9fa40000 - 0x00007ffa9fa48000 	C:\WINDOWS\System32\PSAPI.DLL
0x00007ffa99510000 - 0x00007ffa99533000 	C:\WINDOWS\SYSTEM32\WINMM.dll
0x00007ffa92030000 - 0x00007ffa9203a000 	C:\WINDOWS\SYSTEM32\VERSION.dll
0x00007ffa8c9a0000 - 0x00007ffa8c9a9000 	C:\WINDOWS\SYSTEM32\WSOCK32.dll
0x00007ffa9f600000 - 0x00007ffa9f66c000 	C:\WINDOWS\System32\WS2_32.dll
0x00007ffa990d0000 - 0x00007ffa990fa000 	C:\WINDOWS\SYSTEM32\WINMMBASE.dll
0x00007ffa9cfe0000 - 0x00007ffa9d029000 	C:\WINDOWS\System32\cfgmgr32.dll
0x00007ffa97af0000 - 0x00007ffa97aff000 	C:\Program Files\Android\Android Studio\jre\jre\bin\verify.dll
0x00007ffa8eef0000 - 0x00007ffa8ef19000 	C:\Program Files\Android\Android Studio\jre\jre\bin\java.dll
0x00007ffa8eed0000 - 0x00007ffa8eee6000 	C:\Program Files\Android\Android Studio\jre\jre\bin\zip.dll
0x00007ffa9e1c0000 - 0x00007ffa9f600000 	C:\WINDOWS\System32\SHELL32.dll
0x00007ffa9fab0000 - 0x00007ffa9fb59000 	C:\WINDOWS\System32\shcore.dll
0x00007ffa9c290000 - 0x00007ffa9c99d000 	C:\WINDOWS\System32\windows.storage.dll
0x00007ffa9f9e0000 - 0x00007ffa9fa31000 	C:\WINDOWS\System32\shlwapi.dll
0x00007ffa9bf00000 - 0x00007ffa9bf11000 	C:\WINDOWS\System32\kernel.appcore.dll
0x00007ffa9bf20000 - 0x00007ffa9bf3f000 	C:\WINDOWS\System32\profapi.dll
0x00007ffa9bf40000 - 0x00007ffa9bf8c000 	C:\WINDOWS\System32\powrprof.dll
0x00007ffa9bef0000 - 0x00007ffa9befa000 	C:\WINDOWS\System32\FLTLIB.DLL
0x00007ffa8dcf0000 - 0x00007ffa8dd0a000 	C:\Program Files\Android\Android Studio\jre\jre\bin\net.dll
0x00007ffa9b750000 - 0x00007ffa9b7b6000 	C:\WINDOWS\system32\mswsock.dll
0x00007ffa8dcd0000 - 0x00007ffa8dce1000 	C:\Program Files\Android\Android Studio\jre\jre\bin\nio.dll
0x00007ffa86820000 - 0x00007ffa86846000 	C:\Users\Gayan\.gradle\native\29\windows-amd64\native-platform.dll
0x00007ffa97920000 - 0x00007ffa9792d000 	C:\Program Files\Android\Android Studio\jre\jre\bin\management.dll
0x00007ffa9b900000 - 0x00007ffa9b917000 	C:\WINDOWS\SYSTEM32\CRYPTSP.dll
0x00007ffa9b330000 - 0x00007ffa9b363000 	C:\WINDOWS\system32\rsaenh.dll
0x00007ffa9ba30000 - 0x00007ffa9ba55000 	C:\WINDOWS\SYSTEM32\bcrypt.dll
0x00007ffa9bdd0000 - 0x00007ffa9bdf8000 	C:\WINDOWS\SYSTEM32\USERENV.dll
0x00007ffa9b920000 - 0x00007ffa9b92b000 	C:\WINDOWS\SYSTEM32\CRYPTBASE.dll
0x00007ffa9b4d0000 - 0x00007ffa9b508000 	C:\WINDOWS\SYSTEM32\IPHLPAPI.DLL
0x00007ffa9f7e0000 - 0x00007ffa9f7e8000 	C:\WINDOWS\System32\NSI.dll
0x00007ffa927e0000 - 0x00007ffa927f6000 	C:\WINDOWS\SYSTEM32\dhcpcsvc6.DLL
0x00007ffa92870000 - 0x00007ffa9288a000 	C:\WINDOWS\SYSTEM32\dhcpcsvc.DLL
0x00007ffa9afc0000 - 0x00007ffa9aff1000 	C:\WINDOWS\SYSTEM32\ntmarta.dll

VM Arguments:
jvm_args: -Xmx1536m -Dfile.encoding=windows-1252 -Duser.country=US -Duser.language=en -Duser.variant 
java_command: org.gradle.launcher.daemon.bootstrap.GradleDaemon 5.4
java_class_path (initial): C:\gradle-5.4\lib\gradle-launcher-5.4.jar
Launcher Type: SUN_STANDARD

Environment Variables:
JAVA_HOME=C:\Program Files (x86)\Java\jdk1.8.0_192
PATH=C:\Program Files (x86)\Microsoft Visual Studio\Shared\Python36_64\Scripts\;C:\Program Files (x86)\Microsoft Visual Studio\Shared\Python36_64\;C:\Program Files (x86)\Common Files\Oracle\Java\javapath;C:\Program Files (x86)\Intel\iCLS Client\;C:\ProgramData\Oracle\Java\javapath;C:\Program Files\Intel\iCLS Client\;C:\WINDOWS\system32;C:\WINDOWS;C:\WINDOWS\System32\Wbem;C:\WINDOWS\System32\WindowsPowerShell\v1.0\;C:\Program Files\Java\jdk1.8.0_131\bin;C:\Program Files\Microsoft SQL Server\110\Tools\Binn\;C:\Program Files\MySQL\MySQL Utilities 1.6\;C:\Program Files (x86)\Microsoft SQL Server\Client SDK\ODBC\130\Tools\Binn\;C:\Program Files (x86)\Microsoft SQL Server\140\Tools\Binn\;C:\Program Files (x86)\Microsoft SQL Server\140\DTS\Binn\;C:\Program Files (x86)\Microsoft SQL Server\140\Tools\Binn\ManagementStudio\;C:\Program Files\Microsoft SQL Server\Client SDK\ODBC\130\Tools\Binn\;C:\Program Files\Microsoft SQL Server\140\Tools\Binn\;C:\Program Files\Microsoft SQL Server\140\DTS\Binn\;C:\Program Files\dotnet\;C:\Program Files\Microsoft SQL Server\130\Tools\Binn\;C:\Program Files (x86)\Intel\Intel(R) Management Engine Components\DAL;C:\Program Files\Intel\Intel(R) Management Engine Components\DAL;C:\Program Files (x86)\Intel\Intel(R) Management Engine Components\IPT;C:\Program Files\Intel\Intel(R) Management Engine Components\IPT;C:\opencv341\opencv\build\x64\vc15\bin;C:\WINDOWS\System32\OpenSSH\;C:\opencv400\opencv\build\x64\vc15\bin;C:\Program Files\nodejs\;C:\Program Files\Java\jre1.8.0_151\bin;C:\Program Files\Intel\WiFi\bin\;C:\Program Files\Common Files\Intel\WirelessCommon\;C:\Program Files\PuTTY\;C:\Program Files\Git\cmd;C:\Users\Gayan\AppData\Local\Microsoft\WindowsApps;C:\Users\Gayan\AppData\Local\atom\bin;C:\Users\Gayan\AppData\Local\GitHubDesktop\bin;C:\Users\Gayan\AppData\Roaming\npm;C:\Users\Gayan\AppData\Local\Programs\Microsoft VS Code\bin
USERNAME=Gayan
OS=Windows_NT
PROCESSOR_IDENTIFIER=Intel64 Family 6 Model 142 Stepping 9, GenuineIntel



---------------  S Y S T E M  ---------------

OS: Windows 10.0 , 64 bit Build 17134 (10.0.17134.753)

CPU:total 4 (initial active 4) (2 cores per cpu, 2 threads per core) family 6 model 142 stepping 9, cmov, cx8, fxsr, mmx, sse, sse2, sse3, ssse3, sse4.1, sse4.2, popcnt, avx, avx2, aes, clmul, erms, 3dnowpref, lzcnt, ht, tsc, tscinvbit, bmi1, bmi2, adx

Memory: 4k page, physical 8302500k(491808k free), swap 8302500k(6076k free)

vm_info: OpenJDK 64-Bit Server VM (25.152-b01) for windows-amd64 JRE (1.8.0_152-release-1343-b01), built by "builder" with MS VC++ 10.0 (VS2010)

time: Mon Jun 03 17:49:46 2019
elapsed time: 4200 seconds (0d 1h 10m 0s)

