#
# There is insufficient memory for the Java Runtime Environment to continue.
# Native memory allocation (malloc) failed to allocate 1178256 bytes for Chunk::new
# Possible reasons:
#   The system is out of physical RAM or swap space
#   In 32 bit mode, the process size limit was hit
# Possible solutions:
#   Reduce memory load on the system
#   Increase physical memory or swap space
#   Check if swap backing store is full
#   Use 64 bit Java on a 64 bit OS
#   Decrease Java heap size (-Xmx/-Xms)
#   Decrease number of Java threads
#   Decrease Java thread stack sizes (-Xss)
#   Set larger code cache with -XX:ReservedCodeCacheSize=
# This output file may be truncated or incomplete.
#
#  Out of Memory Error (allocation.cpp:390), pid=2088, tid=0x0000000000000a70
#
# JRE version: OpenJDK Runtime Environment (8.0_152-b01) (build 1.8.0_152-release-1343-b01)
# Java VM: OpenJDK 64-Bit Server VM (25.152-b01 mixed mode windows-amd64 compressed oops)
# Failed to write core dump. Minidumps are not enabled by default on client versions of Windows
#

---------------  T H R E A D  ---------------

Current thread (0x0000000016272000):  JavaThread "C2 CompilerThread1" daemon [_thread_in_native, id=2672, stack(0x00000000179b0000,0x0000000017ab0000)]

Stack: [0x00000000179b0000,0x0000000017ab0000]
[error occurred during error reporting (printing stack bounds), id 0xc0000005]

Native frames: (J=compiled Java code, j=interpreted, Vv=VM code, C=native code)


Current CompileTask:
C2:11383611 44773       4       com.android.tools.r8.naming.signature.GenericSignatureParser::updateOptTypeArguments (73 bytes)


---------------  P R O C E S S  ---------------

Java Threads: ( => current thread )
  0x000000001e424000 JavaThread "ForkJoinPool-121-worker-0" daemon [_thread_blocked, id=8660, stack(0x000000006a880000,0x000000006a980000)]
  0x000000001933b000 JavaThread "Cache worker for Java compile cache (H:\buzzvpn2.6.300\buzzvpn\.gradle\5.4\javaCompile)" [_thread_blocked, id=11888, stack(0x0000000068d80000,0x0000000068e80000)]
  0x0000000019335800 JavaThread "stdout" daemon [_thread_in_native, id=7180, stack(0x0000000068c80000,0x0000000068d80000)]
  0x0000000019339800 JavaThread "stderr" daemon [_thread_in_native, id=3700, stack(0x0000000068b80000,0x0000000068c80000)]
  0x0000000020758800 JavaThread "stdout" daemon [_thread_in_native, id=6908, stack(0x0000000068a80000,0x0000000068b80000)]
  0x0000000020757800 JavaThread "stderr" daemon [_thread_in_native, id=12464, stack(0x0000000068980000,0x0000000068a80000)]
  0x0000000020756000 JavaThread "stdout" daemon [_thread_in_native, id=10120, stack(0x0000000068880000,0x0000000068980000)]
  0x0000000020754800 JavaThread "stderr" daemon [_thread_in_native, id=8212, stack(0x0000000068780000,0x0000000068880000)]
  0x0000000020750000 JavaThread "pool-91-thread-1" [_thread_blocked, id=13292, stack(0x0000000068580000,0x0000000068680000)]
  0x0000000020583000 JavaThread "Cache worker for execution history cache (H:\buzzvpn2.6.300\buzzvpn\.gradle\5.4\executionHistory)" [_thread_blocked, id=8708, stack(0x0000000067e80000,0x0000000067f80000)]
  0x0000000020580000 JavaThread "Execution worker for ':' Thread 3" [_thread_blocked, id=13284, stack(0x0000000067d80000,0x0000000067e80000)]
  0x0000000020586000 JavaThread "Execution worker for ':' Thread 2" [_thread_in_Java, id=5272, stack(0x0000000067c80000,0x0000000067d80000)]
  0x0000000018800800 JavaThread "Execution worker for ':'" [_thread_blocked, id=3864, stack(0x0000000067b80000,0x0000000067c80000)]
  0x00000000187ff800 JavaThread "Cache worker for file content cache (H:\buzzvpn2.6.300\buzzvpn\.gradle\5.4\fileContent)" [_thread_blocked, id=7244, stack(0x0000000067a80000,0x0000000067b80000)]
  0x00000000187ff000 JavaThread "Cache worker for Build Output Cleanup Cache (H:\buzzvpn2.6.300\buzzvpn\.gradle\buildOutputCleanup)" [_thread_blocked, id=11708, stack(0x0000000067980000,0x0000000067a80000)]
  0x0000000018802000 JavaThread "pool-90-thread-1" [_thread_blocked, id=10696, stack(0x0000000067880000,0x0000000067980000)]
  0x0000000018801800 JavaThread "Build operations Thread 4" [_thread_blocked, id=7620, stack(0x0000000067780000,0x0000000067880000)]
  0x00000000187f7800 JavaThread "Build operations Thread 3" [_thread_blocked, id=1516, stack(0x0000000067680000,0x0000000067780000)]
  0x00000000187fe000 JavaThread "Build operations Thread 2" [_thread_blocked, id=3976, stack(0x0000000067580000,0x0000000067680000)]
  0x00000000187f5000 JavaThread "Build operations" [_thread_blocked, id=5960, stack(0x0000000067480000,0x0000000067580000)]
  0x00000000187f6000 JavaThread "Cache worker for cache directory md-rule (C:\Users\Gayan\.gradle\caches\5.4\md-rule)" [_thread_blocked, id=10644, stack(0x0000000067380000,0x0000000067480000)]
  0x00000000187f4800 JavaThread "Cache worker for cache directory md-supplier (C:\Users\Gayan\.gradle\caches\5.4\md-supplier)" [_thread_blocked, id=11044, stack(0x0000000067280000,0x0000000067380000)]
  0x00000000187f9800 JavaThread "Cache worker for file hash cache (H:\buzzvpn2.6.300\buzzvpn\.gradle\5.4\fileHashes)" [_thread_blocked, id=1816, stack(0x0000000067180000,0x0000000067280000)]
  0x000000001c7d7800 JavaThread "Thread-727" [_thread_blocked, id=9356, stack(0x0000000067080000,0x0000000067180000)]
  0x000000001c7d5800 JavaThread "Asynchronous log dispatcher for DefaultDaemonConnection: socket connection from /127.0.0.1:3367 to /127.0.0.1:16583" [_thread_blocked, id=3048, stack(0x0000000066e80000,0x0000000066f80000)]
  0x000000001c7cc800 JavaThread "Daemon worker Thread 25" [_thread_blocked, id=2268, stack(0x0000000066d80000,0x0000000066e80000)]
  0x000000001c7d0000 JavaThread "Cancel handler" [_thread_blocked, id=10192, stack(0x0000000066c80000,0x0000000066d80000)]
  0x000000001c7cb800 JavaThread "Handler for socket connection from /127.0.0.1:3367 to /127.0.0.1:16583" [_thread_in_native, id=8168, stack(0x0000000066b80000,0x0000000066c80000)]
  0x000000001c7cb000 JavaThread "Daemon Thread 25" [_thread_blocked, id=2792, stack(0x0000000066a80000,0x0000000066b80000)]
  0x000000001c7d7000 JavaThread "Cache worker for Java compile cache (C:\Users\Gayan\.gradle\caches\5.4\javaCompile)" [_thread_blocked, id=13148, stack(0x0000000028e10000,0x0000000028f10000)]
  0x00000000187f6800 JavaThread "Cache worker for file content cache (C:\Users\Gayan\.gradle\caches\5.4\fileContent)" [_thread_blocked, id=3456, stack(0x0000000023280000,0x0000000023380000)]
  0x00000000187fd800 JavaThread "Memory manager" [_thread_blocked, id=5500, stack(0x00000000222e0000,0x00000000223e0000)]
  0x00000000187f3800 JavaThread "Cache worker for execution history cache (C:\Users\Gayan\.gradle\caches\5.4\executionHistory)" [_thread_blocked, id=10844, stack(0x000000001f3e0000,0x000000001f4e0000)]
  0x0000000019338800 JavaThread "Cache worker for journal cache (C:\Users\Gayan\.gradle\caches\journal-1)" [_thread_blocked, id=3036, stack(0x000000001af00000,0x000000001b000000)]
  0x0000000019338000 JavaThread "File lock request listener" [_thread_in_native, id=10952, stack(0x000000001ad00000,0x000000001ae00000)]
  0x0000000019299000 JavaThread "Cache worker for file hash cache (C:\Users\Gayan\.gradle\caches\5.4\fileHashes)" [_thread_blocked, id=2448, stack(0x000000001ac00000,0x000000001ad00000)]
  0x000000001917b800 JavaThread "Daemon periodic checks" [_thread_blocked, id=9696, stack(0x000000001a200000,0x000000001a300000)]
  0x0000000019174000 JavaThread "Incoming local TCP Connector on port 3367" [_thread_in_native, id=4856, stack(0x0000000019fc0000,0x000000001a0c0000)]
  0x00000000190e3800 JavaThread "Daemon health stats" [_thread_blocked, id=2576, stack(0x0000000019980000,0x0000000019a80000)]
  0x0000000017bd8800 JavaThread "Service Thread" daemon [_thread_blocked, id=2668, stack(0x0000000017fb0000,0x00000000180b0000)]
  0x0000000016277000 JavaThread "C1 CompilerThread2" daemon [_thread_in_native, id=2308, stack(0x0000000017ab0000,0x0000000017bb0000)]
=>0x0000000016272000 JavaThread "C2 CompilerThread1" daemon [_thread_in_native, id=2672, stack(0x00000000179b0000,0x0000000017ab0000)]
  0x000000001626f000 JavaThread "C2 CompilerThread0" daemon [_thread_in_native, id=2492, stack(0x00000000178b0000,0x00000000179b0000)]
  0x000000001626d800 JavaThread "Attach Listener" daemon [_thread_blocked, id=2260, stack(0x00000000177b0000,0x00000000178b0000)]
  0x000000001626c000 JavaThread "Signal Dispatcher" daemon [_thread_blocked, id=7116, stack(0x00000000176b0000,0x00000000177b0000)]
  0x0000000016259800 JavaThread "Finalizer" daemon [_thread_blocked, id=2256, stack(0x00000000174c0000,0x00000000175c0000)]
  0x00000000028f3000 JavaThread "Reference Handler" daemon [_thread_blocked, id=2232, stack(0x00000000173c0000,0x00000000174c0000)]
  0x0000000002802800 JavaThread "main" [_thread_blocked, id=2280, stack(0x0000000002630000,0x0000000002730000)]

Other Threads:
  0x0000000016236800 VMThread [stack: 0x00000000172c0000,0x00000000173c0000] [id=6744]
  0x00000000162bf000 WatcherThread [stack: 0x00000000180b0000,0x00000000181b0000] [id=2384]

VM state:not at safepoint (normal execution)

VM Mutex/Monitor currently owned by a thread: None

Heap:
 PSYoungGen      total 464384K, used 113532K [0x00000000e0000000, 0x0000000100000000, 0x0000000100000000)
  eden space 412672K, 18% used [0x00000000e0000000,0x00000000e4bf5558,0x00000000f9300000)
  from space 51712K, 69% used [0x00000000fc880000,0x00000000feb69ba8,0x00000000ffb00000)
  to   space 54784K, 0% used [0x00000000f9300000,0x00000000f9300000,0x00000000fc880000)
 ParOldGen       total 545792K, used 392322K [0x00000000a0000000, 0x00000000c1500000, 0x00000000e0000000)
  object space 545792K, 71% used [0x00000000a0000000,0x00000000b7f20b48,0x00000000c1500000)
 Metaspace       used 135744K, capacity 144760K, committed 146072K, reserved 1177600K
  class space    used 16599K, capacity 18287K, committed 18840K, reserved 1048576K

Card table byte_map: [0x0000000011cc0000,0x0000000011fd0000] byte_map_base: 0x00000000117c0000

Marking Bits: (ParMarkBitMap*) 0x00000000571f5aa0
 Begin Bits: [0x00000000125d0000, 0x0000000013dd0000)
 End Bits:   [0x0000000013dd0000, 0x00000000155d0000)

Polling page: 0x0000000000c50000

CodeCache: size=245760Kb used=112164Kb max_used=114485Kb free=133595Kb
 bounds [0x0000000002900000, 0x00000000099e0000, 0x0000000011900000]
 total_blobs=29970 nmethods=28997 adapters=882
 compilation: enabled

Compilation events (10 events):
Event: 11381.709 Thread 0x0000000016277000 44833       2       com.android.tools.r8.naming.InterfaceMethodNameMinifier::anyIsReserved (145 bytes)
Event: 11381.710 Thread 0x0000000016277000 nmethod 44833 0x0000000005dd7810 code [0x0000000005dd7a40, 0x0000000005dd8048]
Event: 11381.710 Thread 0x0000000016277000 44834       2       com.android.tools.r8.naming.InterfaceMethodNameMinifier$$Lambda$1316/459636298::test (16 bytes)
Event: 11381.711 Thread 0x0000000016277000 nmethod 44834 0x0000000007252c10 code [0x0000000007252d80, 0x0000000007252f48]
Event: 11381.711 Thread 0x0000000016277000 44835       2       com.android.tools.r8.naming.InterfaceMethodNameMinifier::lambda$assignNamesToInterfaceMethods$4 (7 bytes)
Event: 11381.711 Thread 0x0000000016277000 nmethod 44835 0x0000000007265c10 code [0x0000000007265d80, 0x0000000007265f08]
Event: 11381.713 Thread 0x0000000016277000 44836 %     3       com.android.tools.r8.naming.InterfaceMethodNameMinifier::anyIsReserved @ 23 (145 bytes)
Event: 11381.715 Thread 0x0000000016277000 nmethod 44836% 0x00000000082e8690 code [0x00000000082e8940, 0x00000000082e9d08]
Event: 11381.715 Thread 0x0000000016277000 44837       3       com.android.tools.r8.naming.InterfaceMethodNameMinifier::anyIsReserved (145 bytes)
Event: 11381.717 Thread 0x0000000016277000 nmethod 44837 0x0000000004449e50 code [0x000000000444a100, 0x000000000444b468]

GC Heap History (10 events):
Event: 11374.147 GC heap before
{Heap before GC invocations=167 (full 6):
 PSYoungGen      total 451072K, used 401856K [0x00000000e0000000, 0x00000000ff980000, 0x0000000100000000)
  eden space 387584K, 100% used [0x00000000e0000000,0x00000000f7a80000,0x00000000f7a80000)
  from space 63488K, 22% used [0x00000000f7a80000,0x00000000f8870180,0x00000000fb880000)
  to   space 60928K, 0% used [0x00000000fbe00000,0x00000000fbe00000,0x00000000ff980000)
 ParOldGen       total 545792K, used 387900K [0x00000000a0000000, 0x00000000c1500000, 0x00000000e0000000)
  object space 545792K, 71% used [0x00000000a0000000,0x00000000b7acf3b0,0x00000000c1500000)
 Metaspace       used 135329K, capacity 144228K, committed 145688K, reserved 1175552K
  class space    used 16559K, capacity 18213K, committed 18712K, reserved 1048576K
Event: 11374.167 GC heap after
Heap after GC invocations=167 (full 6):
 PSYoungGen      total 457728K, used 16464K [0x00000000e0000000, 0x00000000ff780000, 0x0000000100000000)
  eden space 398848K, 0% used [0x00000000e0000000,0x00000000e0000000,0x00000000f8580000)
  from space 58880K, 27% used [0x00000000fbe00000,0x00000000fce14160,0x00000000ff780000)
  to   space 57856K, 0% used [0x00000000f8580000,0x00000000f8580000,0x00000000fbe00000)
 ParOldGen       total 545792K, used 388788K [0x00000000a0000000, 0x00000000c1500000, 0x00000000e0000000)
  object space 545792K, 71% used [0x00000000a0000000,0x00000000b7bad3c0,0x00000000c1500000)
 Metaspace       used 135329K, capacity 144228K, committed 145688K, reserved 1175552K
  class space    used 16559K, capacity 18213K, committed 18712K, reserved 1048576K
}
Event: 11375.286 GC heap before
{Heap before GC invocations=168 (full 6):
 PSYoungGen      total 457728K, used 415312K [0x00000000e0000000, 0x00000000ff780000, 0x0000000100000000)
  eden space 398848K, 100% used [0x00000000e0000000,0x00000000f8580000,0x00000000f8580000)
  from space 58880K, 27% used [0x00000000fbe00000,0x00000000fce14160,0x00000000ff780000)
  to   space 57856K, 0% used [0x00000000f8580000,0x00000000f8580000,0x00000000fbe00000)
 ParOldGen       total 545792K, used 388788K [0x00000000a0000000, 0x00000000c1500000, 0x00000000e0000000)
  object space 545792K, 71% used [0x00000000a0000000,0x00000000b7bad3c0,0x00000000c1500000)
 Metaspace       used 135333K, capacity 144228K, committed 145688K, reserved 1175552K
  class space    used 16559K, capacity 18213K, committed 18712K, reserved 1048576K
Event: 11375.305 GC heap after
Heap after GC invocations=168 (full 6):
 PSYoungGen      total 456704K, used 13376K [0x00000000e0000000, 0x00000000ffb00000, 0x0000000100000000)
  eden space 398848K, 0% used [0x00000000e0000000,0x00000000e0000000,0x00000000f8580000)
  from space 57856K, 23% used [0x00000000f8580000,0x00000000f9290170,0x00000000fbe00000)
  to   space 55808K, 0% used [0x00000000fc480000,0x00000000fc480000,0x00000000ffb00000)
 ParOldGen       total 545792K, used 390146K [0x00000000a0000000, 0x00000000c1500000, 0x00000000e0000000)
  object space 545792K, 71% used [0x00000000a0000000,0x00000000b7d00b38,0x00000000c1500000)
 Metaspace       used 135333K, capacity 144228K, committed 145688K, reserved 1175552K
  class space    used 16559K, capacity 18213K, committed 18712K, reserved 1048576K
}
Event: 11376.890 GC heap before
{Heap before GC invocations=169 (full 6):
 PSYoungGen      total 456704K, used 412224K [0x00000000e0000000, 0x00000000ffb00000, 0x0000000100000000)
  eden space 398848K, 100% used [0x00000000e0000000,0x00000000f8580000,0x00000000f8580000)
  from space 57856K, 23% used [0x00000000f8580000,0x00000000f9290170,0x00000000fbe00000)
  to   space 55808K, 0% used [0x00000000fc480000,0x00000000fc480000,0x00000000ffb00000)
 ParOldGen       total 545792K, used 390146K [0x00000000a0000000, 0x00000000c1500000, 0x00000000e0000000)
  object space 545792K, 71% used [0x00000000a0000000,0x00000000b7d00b38,0x00000000c1500000)
 Metaspace       used 135394K, capacity 144264K, committed 145688K, reserved 1175552K
  class space    used 16564K, capacity 18219K, committed 18712K, reserved 1048576K
Event: 11376.907 GC heap after
Heap after GC invocations=169 (full 6):
 PSYoungGen      total 464384K, used 12408K [0x00000000e0000000, 0x00000000ffa00000, 0x0000000100000000)
  eden space 409600K, 0% used [0x00000000e0000000,0x00000000e0000000,0x00000000f9000000)
  from space 54784K, 22% used [0x00000000fc480000,0x00000000fd09e160,0x00000000ffa00000)
  to   space 53760K, 0% used [0x00000000f9000000,0x00000000f9000000,0x00000000fc480000)
 ParOldGen       total 545792K, used 391090K [0x00000000a0000000, 0x00000000c1500000, 0x00000000e0000000)
  object space 545792K, 71% used [0x00000000a0000000,0x00000000b7decb38,0x00000000c1500000)
 Metaspace       used 135394K, capacity 144264K, committed 145688K, reserved 1175552K
  class space    used 16564K, capacity 18219K, committed 18712K, reserved 1048576K
}
Event: 11378.505 GC heap before
{Heap before GC invocations=170 (full 6):
 PSYoungGen      total 464384K, used 422008K [0x00000000e0000000, 0x00000000ffa00000, 0x0000000100000000)
  eden space 409600K, 100% used [0x00000000e0000000,0x00000000f9000000,0x00000000f9000000)
  from space 54784K, 22% used [0x00000000fc480000,0x00000000fd09e160,0x00000000ffa00000)
  to   space 53760K, 0% used [0x00000000f9000000,0x00000000f9000000,0x00000000fc480000)
 ParOldGen       total 545792K, used 391090K [0x00000000a0000000, 0x00000000c1500000, 0x00000000e0000000)
  object space 545792K, 71% used [0x00000000a0000000,0x00000000b7decb38,0x00000000c1500000)
 Metaspace       used 135434K, capacity 144354K, committed 145688K, reserved 1175552K
  class space    used 16569K, capacity 18224K, committed 18712K, reserved 1048576K
Event: 11378.530 GC heap after
Heap after GC invocations=170 (full 6):
 PSYoungGen      total 463360K, used 11832K [0x00000000e0000000, 0x00000000ffb00000, 0x0000000100000000)
  eden space 409600K, 0% used [0x00000000e0000000,0x00000000e0000000,0x00000000f9000000)
  from space 53760K, 22% used [0x00000000f9000000,0x00000000f9b8e1f8,0x00000000fc480000)
  to   space 51712K, 0% used [0x00000000fc880000,0x00000000fc880000,0x00000000ffb00000)
 ParOldGen       total 545792K, used 391762K [0x00000000a0000000, 0x00000000c1500000, 0x00000000e0000000)
  object space 545792K, 71% used [0x00000000a0000000,0x00000000b7e94b48,0x00000000c1500000)
 Metaspace       used 135434K, capacity 144354K, committed 145688K, reserved 1175552K
  class space    used 16569K, capacity 18224K, committed 18712K, reserved 1048576K
}
Event: 11381.348 GC heap before
{Heap before GC invocations=171 (full 6):
 PSYoungGen      total 463360K, used 421432K [0x00000000e0000000, 0x00000000ffb00000, 0x0000000100000000)
  eden space 409600K, 100% used [0x00000000e0000000,0x00000000f9000000,0x00000000f9000000)
  from space 53760K, 22% used [0x00000000f9000000,0x00000000f9b8e1f8,0x00000000fc480000)
  to   space 51712K, 0% used [0x00000000fc880000,0x00000000fc880000,0x00000000ffb00000)
 ParOldGen       total 545792K, used 391762K [0x00000000a0000000, 0x00000000c1500000, 0x00000000e0000000)
  object space 545792K, 71% used [0x00000000a0000000,0x00000000b7e94b48,0x00000000c1500000)
 Metaspace       used 135628K, capacity 144636K, committed 145816K, reserved 1175552K
  class space    used 16588K, capacity 18277K, committed 18840K, reserved 1048576K
Event: 11381.382 GC heap after
Heap after GC invocations=171 (full 6):
 PSYoungGen      total 464384K, used 35750K [0x00000000e0000000, 0x0000000100000000, 0x0000000100000000)
  eden space 412672K, 0% used [0x00000000e0000000,0x00000000e0000000,0x00000000f9300000)
  from space 51712K, 69% used [0x00000000fc880000,0x00000000feb69ba8,0x00000000ffb00000)
  to   space 54784K, 0% used [0x00000000f9300000,0x00000000f9300000,0x00000000fc880000)
 ParOldGen       total 545792K, used 392322K [0x00000000a0000000, 0x00000000c1500000, 0x00000000e0000000)
  object space 545792K, 71% used [0x00000000a0000000,0x00000000b7f20b48,0x00000000c1500000)
 Metaspace       used 135628K, capacity 144636K, committed 145816K, reserved 1175552K
  class space    used 16588K, capacity 18277K, committed 18840K, reserved 1048576K
}

Deoptimization events (10 events):
Event: 11381.499 Thread 0x0000000020586000 Uncommon trap: reason=class_check action=maybe_recompile pc=0x0000000005d8d728 method=com.android.tools.r8.com.google.common.collect.Iterators$5.computeNext()Ljava/lang/Object; @ 4
Event: 11381.499 Thread 0x0000000020586000 Uncommon trap: reason=class_check action=maybe_recompile pc=0x0000000005d8d728 method=com.android.tools.r8.com.google.common.collect.Iterators$5.computeNext()Ljava/lang/Object; @ 4
Event: 11381.499 Thread 0x0000000020586000 Uncommon trap: reason=class_check action=maybe_recompile pc=0x0000000005d8d728 method=com.android.tools.r8.com.google.common.collect.Iterators$5.computeNext()Ljava/lang/Object; @ 4
Event: 11381.499 Thread 0x0000000020586000 Uncommon trap: reason=class_check action=maybe_recompile pc=0x0000000005d8d728 method=com.android.tools.r8.com.google.common.collect.Iterators$5.computeNext()Ljava/lang/Object; @ 4
Event: 11381.499 Thread 0x0000000020586000 Uncommon trap: reason=class_check action=maybe_recompile pc=0x0000000005d8f31c method=com.android.tools.r8.com.google.common.collect.Iterators$5.computeNext()Ljava/lang/Object; @ 4
Event: 11381.608 Thread 0x0000000020586000 Uncommon trap: reason=class_check action=maybe_recompile pc=0x0000000002e0e2bc method=com.android.tools.r8.com.google.common.collect.Iterables$4.iterator()Ljava/util/Iterator; @ 4
Event: 11381.618 Thread 0x0000000020586000 Uncommon trap: reason=class_check action=maybe_recompile pc=0x0000000002e0e2bc method=com.android.tools.r8.com.google.common.collect.Iterables$4.iterator()Ljava/util/Iterator; @ 4
Event: 11381.618 Thread 0x0000000020586000 Uncommon trap: reason=class_check action=maybe_recompile pc=0x0000000002e0e2bc method=com.android.tools.r8.com.google.common.collect.Iterables$4.iterator()Ljava/util/Iterator; @ 4
Event: 11381.692 Thread 0x0000000020586000 Uncommon trap: reason=unstable_if action=reinterpret pc=0x00000000065e20d0 method=com.android.tools.r8.com.google.common.base.Equivalence$Wrapper.equals(Ljava/lang/Object;)Z @ 2
Event: 11381.705 Thread 0x0000000020586000 Uncommon trap: reason=class_check action=maybe_recompile pc=0x0000000009114870 method=java.util.stream.SortedOps$RefSortingSink.end()V @ 23

Classes redefined (0 events):
No events

Internal exceptions (10 events):
Event: 11300.498 Thread 0x0000000020586000 Implicit null exception at 0x0000000006784bed to 0x0000000006785981
Event: 11308.628 Thread 0x0000000020586000 Exception <a 'java/lang/NoSuchMethodError': java.lang.Object.slowCompare(Lcom/android/tools/r8/graph/PresortedComparable;Lcom/android/tools/r8/graph/PresortedComparable;)I> (0x00000000f2e6a0c0) thrown at [D:\src\AOSP-openjdk-cygwin\jdk8u\hotspot\src\share
Event: 11309.515 Thread 0x0000000020586000 Implicit null exception at 0x00000000050834d2 to 0x00000000050835e1
Event: 11310.076 Thread 0x0000000020586000 Exception <a 'java/lang/NoSuchMethodError': java.lang.Object.slowCompare(Lcom/android/tools/r8/graph/PresortedComparable;Lcom/android/tools/r8/graph/PresortedComparable;)I> (0x00000000f834b490) thrown at [D:\src\AOSP-openjdk-cygwin\jdk8u\hotspot\src\share
Event: 11310.093 Thread 0x0000000020586000 Exception <a 'java/lang/NoSuchMethodError': java.lang.Object.slowCompare(Lcom/android/tools/r8/graph/PresortedComparable;Lcom/android/tools/r8/graph/PresortedComparable;)I> (0x00000000f839f120) thrown at [D:\src\AOSP-openjdk-cygwin\jdk8u\hotspot\src\share
Event: 11316.107 Thread 0x0000000020586000 Implicit null exception at 0x00000000091587a0 to 0x000000000915c839
Event: 11339.461 Thread 0x000000001e41f000 Implicit null exception at 0x0000000006e42262 to 0x0000000006e430b9
Event: 11340.684 Thread 0x000000001e424000 Implicit null exception at 0x000000000571cc25 to 0x000000000571cc4a
Event: 11349.168 Thread 0x000000001e41f000 Implicit null exception at 0x000000000963d8b0 to 0x00000000096431cd
Event: 11355.788 Thread 0x000000001e424000 Implicit null exception at 0x00000000092c31ac to 0x00000000092c47c1

Events (10 events):
Event: 11381.692 loading class com/android/tools/r8/naming/InterfaceMethodNameMinifier
Event: 11381.692 loading class com/android/tools/r8/naming/InterfaceMethodNameMinifier done
Event: 11381.692 Thread 0x0000000020586000 Uncommon trap: trap_request=0xffffff65 fr.pc=0x00000000065e20d0
Event: 11381.692 Thread 0x0000000020586000 DEOPT PACKING pc=0x00000000065e20d0 sp=0x0000000067d7bbd0
Event: 11381.692 Thread 0x0000000020586000 DEOPT UNPACKING pc=0x000000000294557b sp=0x0000000067d7bb70 mode 2
Event: 11381.705 Thread 0x0000000020586000 Uncommon trap: trap_request=0xffffffde fr.pc=0x0000000009114870
Event: 11381.705 Thread 0x0000000020586000 DEOPT PACKING pc=0x0000000009114870 sp=0x0000000067d7bd30
Event: 11381.705 Thread 0x0000000020586000 DEOPT UNPACKING pc=0x000000000294557b sp=0x0000000067d7bcd0 mode 2
Event: 11381.706 loading class com/android/tools/r8/naming/InterfaceMethodNameMinifier
Event: 11381.706 loading class com/android/tools/r8/naming/InterfaceMethodNameMinifier done


Dynamic libraries:
0x00007ff6e5bd0000 - 0x00007ff6e5c01000 	C:\Program Files\Android\Android Studio\jre\bin\java.exe
0x00007ffd4a050000 - 0x00007ffd4a231000 	C:\WINDOWS\SYSTEM32\ntdll.dll
0x00007ffd47b70000 - 0x00007ffd47c21000 	C:\WINDOWS\System32\KERNEL32.DLL
0x00007ffd46f80000 - 0x00007ffd471f3000 	C:\WINDOWS\System32\KERNELBASE.dll
0x00007ffd49f70000 - 0x00007ffd4a011000 	C:\WINDOWS\System32\ADVAPI32.dll
0x00007ffd47630000 - 0x00007ffd476ce000 	C:\WINDOWS\System32\msvcrt.dll
0x00007ffd476d0000 - 0x00007ffd4772b000 	C:\WINDOWS\System32\sechost.dll
0x00007ffd47500000 - 0x00007ffd47624000 	C:\WINDOWS\System32\RPCRT4.dll
0x00007ffd47940000 - 0x00007ffd47ad0000 	C:\WINDOWS\System32\USER32.dll
0x00007ffd47200000 - 0x00007ffd47220000 	C:\WINDOWS\System32\win32u.dll
0x00007ffd49c50000 - 0x00007ffd49c78000 	C:\WINDOWS\System32\GDI32.dll
0x00007ffd47220000 - 0x00007ffd473b2000 	C:\WINDOWS\System32\gdi32full.dll
0x00007ffd473c0000 - 0x00007ffd4745f000 	C:\WINDOWS\System32\msvcp_win.dll
0x00007ffd46420000 - 0x00007ffd46518000 	C:\WINDOWS\System32\ucrtbase.dll
0x00007ffd38180000 - 0x00007ffd383e9000 	C:\WINDOWS\WinSxS\amd64_microsoft.windows.common-controls_6595b64144ccf1df_6.0.17134.766_none_fb43a1f3306471ed\COMCTL32.dll
0x00007ffd49820000 - 0x00007ffd49b42000 	C:\WINDOWS\System32\combase.dll
0x00007ffd47460000 - 0x00007ffd474da000 	C:\WINDOWS\System32\bcryptPrimitives.dll
0x00007ffd478b0000 - 0x00007ffd478dd000 	C:\WINDOWS\System32\IMM32.DLL
0x0000000056950000 - 0x0000000056a22000 	C:\Program Files\Android\Android Studio\jre\jre\bin\msvcr100.dll
0x0000000056a30000 - 0x0000000057271000 	C:\Program Files\Android\Android Studio\jre\jre\bin\server\jvm.dll
0x00007ffd49c40000 - 0x00007ffd49c48000 	C:\WINDOWS\System32\PSAPI.DLL
0x00007ffd43a60000 - 0x00007ffd43a83000 	C:\WINDOWS\SYSTEM32\WINMM.dll
0x00007ffd3c4a0000 - 0x00007ffd3c4aa000 	C:\WINDOWS\SYSTEM32\VERSION.dll
0x00007ffd35c40000 - 0x00007ffd35c49000 	C:\WINDOWS\SYSTEM32\WSOCK32.dll
0x00007ffd49bb0000 - 0x00007ffd49c1c000 	C:\WINDOWS\System32\WS2_32.dll
0x00007ffd43a30000 - 0x00007ffd43a5a000 	C:\WINDOWS\SYSTEM32\winmmbase.dll
0x00007ffd46f30000 - 0x00007ffd46f79000 	C:\WINDOWS\System32\cfgmgr32.dll
0x00007ffd3c4f0000 - 0x00007ffd3c4ff000 	C:\Program Files\Android\Android Studio\jre\jre\bin\verify.dll
0x00007ffd16b50000 - 0x00007ffd16b79000 	C:\Program Files\Android\Android Studio\jre\jre\bin\java.dll
0x00007ffd16890000 - 0x00007ffd168a6000 	C:\Program Files\Android\Android Studio\jre\jre\bin\zip.dll
0x00007ffd47db0000 - 0x00007ffd491f0000 	C:\WINDOWS\System32\SHELL32.dll
0x00007ffd47800000 - 0x00007ffd478a9000 	C:\WINDOWS\System32\shcore.dll
0x00007ffd46770000 - 0x00007ffd46e7d000 	C:\WINDOWS\System32\windows.storage.dll
0x00007ffd478e0000 - 0x00007ffd47931000 	C:\WINDOWS\System32\shlwapi.dll
0x00007ffd46400000 - 0x00007ffd46411000 	C:\WINDOWS\System32\kernel.appcore.dll
0x00007ffd46390000 - 0x00007ffd463af000 	C:\WINDOWS\System32\profapi.dll
0x00007ffd463b0000 - 0x00007ffd463fc000 	C:\WINDOWS\System32\powrprof.dll
0x00007ffd46360000 - 0x00007ffd4636a000 	C:\WINDOWS\System32\FLTLIB.DLL
0x00007ffd16870000 - 0x00007ffd1688a000 	C:\Program Files\Android\Android Studio\jre\jre\bin\net.dll
0x00007ffd45b80000 - 0x00007ffd45be6000 	C:\WINDOWS\system32\mswsock.dll
0x00007ffd16850000 - 0x00007ffd16861000 	C:\Program Files\Android\Android Studio\jre\jre\bin\nio.dll
0x00007ffd27610000 - 0x00007ffd27636000 	C:\Users\Gayan\.gradle\native\29\windows-amd64\native-platform.dll
0x00007ffd28ca0000 - 0x00007ffd28cad000 	C:\Program Files\Android\Android Studio\jre\jre\bin\management.dll
0x00007ffd45d90000 - 0x00007ffd45da7000 	C:\WINDOWS\SYSTEM32\CRYPTSP.dll
0x00007ffd45760000 - 0x00007ffd45793000 	C:\WINDOWS\system32\rsaenh.dll
0x00007ffd45ec0000 - 0x00007ffd45ee5000 	C:\WINDOWS\SYSTEM32\bcrypt.dll
0x00007ffd46290000 - 0x00007ffd462b8000 	C:\WINDOWS\SYSTEM32\USERENV.dll
0x00007ffd45db0000 - 0x00007ffd45dbb000 	C:\WINDOWS\SYSTEM32\CRYPTBASE.dll
0x00007ffd45900000 - 0x00007ffd45938000 	C:\WINDOWS\SYSTEM32\IPHLPAPI.DLL
0x00007ffd49c20000 - 0x00007ffd49c28000 	C:\WINDOWS\System32\NSI.dll
0x00007ffd3cc50000 - 0x00007ffd3cc66000 	C:\WINDOWS\SYSTEM32\dhcpcsvc6.DLL
0x00007ffd3cd50000 - 0x00007ffd3cd6a000 	C:\WINDOWS\SYSTEM32\dhcpcsvc.DLL
0x00007ffd420e0000 - 0x00007ffd42104000 	C:\Program Files\Android\Android Studio\jre\jre\bin\sunec.dll
0x00007ffd45940000 - 0x00007ffd459fe000 	C:\WINDOWS\SYSTEM32\DNSAPI.dll
0x00007ffd3c520000 - 0x00007ffd3c52a000 	C:\Windows\System32\rasadhlp.dll
0x00007ffd38f00000 - 0x00007ffd38f72000 	C:\WINDOWS\System32\fwpuclnt.dll
0x00007ffd420d0000 - 0x00007ffd420db000 	C:\Program Files\Android\Android Studio\jre\jre\bin\sunmscapi.dll
0x00007ffd46520000 - 0x00007ffd46702000 	C:\WINDOWS\System32\CRYPT32.dll
0x00007ffd46370000 - 0x00007ffd46382000 	C:\WINDOWS\System32\MSASN1.dll
0x00007ffd45450000 - 0x00007ffd45481000 	C:\WINDOWS\SYSTEM32\ntmarta.dll

VM Arguments:
jvm_args: -Xmx1536m -Dfile.encoding=windows-1252 -Duser.country=US -Duser.language=en -Duser.variant 
java_command: org.gradle.launcher.daemon.bootstrap.GradleDaemon 5.4
java_class_path (initial): C:\gradle-5.4\lib\gradle-launcher-5.4.jar
Launcher Type: SUN_STANDARD

Environment Variables:
JAVA_HOME=C:\Program Files (x86)\Java\jdk1.8.0_192
PATH=C:\Program Files (x86)\Microsoft Visual Studio\Shared\Python36_64\Scripts\;C:\Program Files (x86)\Microsoft Visual Studio\Shared\Python36_64\;C:\Program Files (x86)\Common Files\Oracle\Java\javapath;C:\Program Files (x86)\Intel\iCLS Client\;C:\ProgramData\Oracle\Java\javapath;C:\Program Files\Intel\iCLS Client\;C:\WINDOWS\system32;C:\WINDOWS;C:\WINDOWS\System32\Wbem;C:\WINDOWS\System32\WindowsPowerShell\v1.0\;C:\Program Files\Java\jdk1.8.0_131\bin;C:\Program Files\Microsoft SQL Server\110\Tools\Binn\;C:\Program Files\MySQL\MySQL Utilities 1.6\;C:\Program Files (x86)\Microsoft SQL Server\Client SDK\ODBC\130\Tools\Binn\;C:\Program Files (x86)\Microsoft SQL Server\140\Tools\Binn\;C:\Program Files (x86)\Microsoft SQL Server\140\DTS\Binn\;C:\Program Files (x86)\Microsoft SQL Server\140\Tools\Binn\ManagementStudio\;C:\Program Files\Microsoft SQL Server\Client SDK\ODBC\130\Tools\Binn\;C:\Program Files\Microsoft SQL Server\140\Tools\Binn\;C:\Program Files\Microsoft SQL Server\140\DTS\Binn\;C:\Program Files\dotnet\;C:\Program Files\Microsoft SQL Server\130\Tools\Binn\;C:\Program Files (x86)\Intel\Intel(R) Management Engine Components\DAL;C:\Program Files\Intel\Intel(R) Management Engine Components\DAL;C:\Program Files (x86)\Intel\Intel(R) Management Engine Components\IPT;C:\Program Files\Intel\Intel(R) Management Engine Components\IPT;C:\opencv341\opencv\build\x64\vc15\bin;C:\WINDOWS\System32\OpenSSH\;C:\opencv400\opencv\build\x64\vc15\bin;C:\Program Files\nodejs\;C:\Program Files\Java\jre1.8.0_151\bin;C:\Program Files\Intel\WiFi\bin\;C:\Program Files\Common Files\Intel\WirelessCommon\;C:\Program Files\PuTTY\;C:\Program Files\Git\cmd;C:\Users\Gayan\AppData\Local\Microsoft\WindowsApps;C:\Users\Gayan\AppData\Local\atom\bin;C:\Users\Gayan\AppData\Local\GitHubDesktop\bin;C:\Users\Gayan\AppData\Roaming\npm;C:\Users\Gayan\AppData\Local\Programs\Microsoft VS Code\bin
USERNAME=Gayan
OS=Windows_NT
PROCESSOR_IDENTIFIER=Intel64 Family 6 Model 142 Stepping 9, GenuineIntel



---------------  S Y S T E M  ---------------

OS: Windows 10.0 , 64 bit Build 17134 (10.0.17134.753)

CPU:total 4 (initial active 4) (2 cores per cpu, 2 threads per core) family 6 model 142 stepping 9, cmov, cx8, fxsr, mmx, sse, sse2, sse3, ssse3, sse4.1, sse4.2, popcnt, avx, avx2, aes, clmul, erms, 3dnowpref, lzcnt, ht, tsc, tscinvbit, bmi1, bmi2, adx

Memory: 4k page, physical 8302500k(723456k free), swap 8302500k(5232k free)

vm_info: OpenJDK 64-Bit Server VM (25.152-b01) for windows-amd64 JRE (1.8.0_152-release-1343-b01), built by "builder" with MS VC++ 10.0 (VS2010)

time: Sat Jun 08 09:58:51 2019
elapsed time: 11381 seconds (0d 3h 9m 41s)

