#
# A fatal error has been detected by the Java Runtime Environment:
#
#  EXCEPTION_STACK_OVERFLOW (0xc00000fd) at pc=0x00000000728fca77, pid=12220, tid=0x000000000000216c
#
# JRE version: OpenJDK Runtime Environment (8.0_152-b01) (build 1.8.0_152-release-1343-b01)
# Java VM: OpenJDK 64-Bit Server VM (25.152-b01 mixed mode windows-amd64 compressed oops)
# Problematic frame:
# V  [jvm.dll+0x1eca77]
#
# Failed to write core dump. Minidumps are not enabled by default on client versions of Windows
#
# If you would like to submit a bug report, please visit:
#   http://bugreport.java.com/bugreport/crash.jsp
#

---------------  T H R E A D  ---------------

Current thread (0x000000001b6a7000):  JavaThread "Cancel handler" [_thread_in_vm, id=8556, stack(0x0000000060a50000,0x0000000060b50000)]

siginfo: ExceptionCode=0xc00000fd, ExceptionInformation=0x0000000000000001 0x0000000060b4d2b0 

Registers:
RAX=0x0000000060b4d2b0, RBX=0x0000000000000003, RCX=0x0000000000002000, RDX=0x0000000000000006
RSP=0x0000000060b4f2b0, RBP=0x0000000000000000, RSI=0x0000000060b4f2b0, RDI=0x0000000000000003
R8 =0x0000000000000006, R9 =0x00000000195794e0, R10=0x000000001561d9a0, R11=0x0000000060a5a148
R12=0x00000000195794e0, R13=0x000000001b6a7000, R14=0x0000000060b4f378, R15=0x000000001561d9a0
RIP=0x00000000728fca77, EFLAGS=0x0000000000010202

Top of Stack: (sp=0x0000000060b4f2b0)
0x0000000060b4f2b0:   00001e70ad8c690d 00000000733d4e7e
0x0000000060b4f2c0:   000000001b6a7000 00000000195794e0
0x0000000060b4f2d0:   00000000ffffffff 00000000728fd9a7
0x0000000060b4f2e0:   0000000060b4f3e0 000000001561d9a0
0x0000000060b4f2f0:   000000001b6a7000 00000000727ab693
0x0000000060b4f300:   0000000060b4f340 000000001b6a7000
0x0000000060b4f310:   0000000060b4f3d0 000000001b6a7000
0x0000000060b4f320:   000000001561d9a0 000000001b6a7000
0x0000000060b4f330:   0000000002666d60 000000001b6a7000
0x0000000060b4f340:   000000001561d9a0 000000001b6a7000
0x0000000060b4f350:   000000001561d9a0 000000001b6a7000
0x0000000060b4f360:   0000000000000001 000000001561d9a0
0x0000000060b4f370:   000000001b6a7000 000000001dfef5e0
0x0000000060b4f380:   000000001b6a7000 00000000727acd3d
0x0000000060b4f390:   0000000060b4f698 00000001000066b0
0x0000000060b4f3a0:   00000001000066b0 0000000000000000 

Instructions: (pc=0x00000000728fca77)
0x00000000728fca57:   48 89 6c 24 30 33 ed 66 90 e8 0b c0 07 00 ff c3
0x00000000728fca67:   48 63 c8 48 8b c6 48 0f af cf 48 ff c7 48 2b c1
0x00000000728fca77:   89 28 48 63 c3 48 3b 05 25 5b 57 00 7e db 48 8b
0x00000000728fca87:   6c 24 30 48 8b 5c 24 38 48 8b 74 24 40 48 83 c4 


Register to memory mapping:

RAX=0x0000000060b4d2b0 is pointing into the stack for thread: 0x000000001b6a7000
RBX=0x0000000000000003 is an unknown value
RCX=0x0000000000002000 is an unknown value
RDX=0x0000000000000006 is an unknown value
RSP=0x0000000060b4f2b0 is pointing into the stack for thread: 0x000000001b6a7000
RBP=0x0000000000000000 is an unknown value
RSI=0x0000000060b4f2b0 is pointing into the stack for thread: 0x000000001b6a7000
RDI=0x0000000000000003 is an unknown value
R8 =0x0000000000000006 is an unknown value
R9 =0x00000000195794e0 is an unknown value
R10={method} {0x000000001561d9a8} 'run' '()V' in 'java/lang/Thread'
R11=0x0000000060a5a148 is pointing into the stack for thread: 0x000000001b6a7000
R12=0x00000000195794e0 is an unknown value
R13=0x000000001b6a7000 is a thread
R14=0x0000000060b4f378 is pointing into the stack for thread: 0x000000001b6a7000
R15={method} {0x000000001561d9a8} 'run' '()V' in 'java/lang/Thread'


Stack: [0x0000000060a50000,0x0000000060b50000],  sp=0x0000000060b4f2b0,  free space=1020k
Native frames: (J=compiled Java code, j=interpreted, Vv=VM code, C=native code)


---------------  P R O C E S S  ---------------

Java Threads: ( => current thread )
  0x000000001b6b1800 JavaThread "Cache worker for file hash cache (H:\buzzvpn2.7.1400\buzzvpn\.gradle\5.5.1\fileHashes)" [_thread_blocked, id=7684, stack(0x0000000060f50000,0x0000000061050000)]
  0x000000001b6ab800 JavaThread "Thread-505" [_thread_blocked, id=7252, stack(0x0000000060e50000,0x0000000060f50000)]
  0x000000001b6af000 JavaThread "Stdin handler" [_thread_blocked, id=12388, stack(0x0000000060d50000,0x0000000060e50000)]
  0x000000001b6a4000 JavaThread "Asynchronous log dispatcher for DefaultDaemonConnection: socket connection from /127.0.0.1:6411 to /127.0.0.1:26460" [_thread_blocked, id=9428, stack(0x0000000060c50000,0x0000000060d50000)]
  0x000000001b6a7800 JavaThread "Daemon worker Thread 25" [_thread_blocked, id=12248, stack(0x0000000060b50000,0x0000000060c50000)]
=>0x000000001b6a7000 JavaThread "Cancel handler" [_thread_in_vm, id=8556, stack(0x0000000060a50000,0x0000000060b50000)]
  0x000000001b6aa800 JavaThread "Handler for socket connection from /127.0.0.1:6411 to /127.0.0.1:26460" [_thread_in_native, id=13088, stack(0x0000000060950000,0x0000000060a50000)]
  0x000000001b6a6000 JavaThread "Daemon Thread 25" [_thread_blocked, id=12368, stack(0x0000000060850000,0x0000000060950000)]
  0x000000001b6a8800 JavaThread "Cache worker for Java compile cache (C:\Users\Gayan\.gradle\caches\5.5.1\javaCompile)" [_thread_blocked, id=6828, stack(0x00000000254d0000,0x00000000255d0000)]
  0x000000001b370800 JavaThread "Cache worker for file content cache (C:\Users\Gayan\.gradle\caches\5.5.1\fileContent)" [_thread_blocked, id=11916, stack(0x0000000023ad0000,0x0000000023bd0000)]
  0x000000001b36f800 JavaThread "Memory manager" [_thread_blocked, id=10972, stack(0x00000000235f0000,0x00000000236f0000)]
  0x000000001b369000 JavaThread "Cache worker for execution history cache (C:\Users\Gayan\.gradle\caches\5.5.1\executionHistory)" [_thread_blocked, id=12704, stack(0x0000000020aa0000,0x0000000020ba0000)]
  0x0000000018ff9000 JavaThread "Cache worker for journal cache (C:\Users\Gayan\.gradle\caches\journal-1)" [_thread_blocked, id=12412, stack(0x000000001ac30000,0x000000001ad30000)]
  0x0000000018ff7800 JavaThread "File lock request listener" [_thread_in_native, id=10708, stack(0x000000001aa30000,0x000000001ab30000)]
  0x0000000018ffe800 JavaThread "Cache worker for file hash cache (C:\Users\Gayan\.gradle\caches\5.5.1\fileHashes)" [_thread_blocked, id=11336, stack(0x000000001a930000,0x000000001aa30000)]
  0x0000000018ec3000 JavaThread "Daemon periodic checks" [_thread_blocked, id=12228, stack(0x0000000019f30000,0x000000001a030000)]
  0x0000000018e92800 JavaThread "Incoming local TCP Connector on port 6411" [_thread_in_native, id=12744, stack(0x0000000019cf0000,0x0000000019df0000)]
  0x0000000018e1a800 JavaThread "Daemon health stats" [_thread_blocked, id=13096, stack(0x00000000196b0000,0x00000000197b0000)]
  0x0000000017908800 JavaThread "Service Thread" daemon [_thread_blocked, id=13260, stack(0x0000000017ce0000,0x0000000017de0000)]
  0x0000000015f99800 JavaThread "C1 CompilerThread2" daemon [_thread_blocked, id=9516, stack(0x00000000177e0000,0x00000000178e0000)]
  0x0000000015f93000 JavaThread "C2 CompilerThread1" daemon [_thread_blocked, id=9700, stack(0x00000000176e0000,0x00000000177e0000)]
  0x0000000015f8f800 JavaThread "C2 CompilerThread0" daemon [_thread_blocked, id=4648, stack(0x00000000175e0000,0x00000000176e0000)]
  0x0000000015f8e800 JavaThread "Attach Listener" daemon [_thread_blocked, id=13108, stack(0x00000000174e0000,0x00000000175e0000)]
  0x0000000015f8d800 JavaThread "Signal Dispatcher" daemon [_thread_blocked, id=13112, stack(0x00000000173e0000,0x00000000174e0000)]
  0x0000000015f79800 JavaThread "Finalizer" daemon [_thread_blocked, id=11868, stack(0x00000000171f0000,0x00000000172f0000)]
  0x0000000002613000 JavaThread "Reference Handler" daemon [_thread_blocked, id=11348, stack(0x00000000170f0000,0x00000000171f0000)]
  0x0000000002522800 JavaThread "main" [_thread_blocked, id=12536, stack(0x0000000002420000,0x0000000002520000)]

Other Threads:
  0x0000000015f56800 VMThread [stack: 0x0000000016ff0000,0x00000000170f0000] [id=9688]
  0x0000000017909000 WatcherThread [stack: 0x0000000017de0000,0x0000000017ee0000] [id=12316]

VM state:synchronizing (normal execution)

VM Mutex/Monitor currently owned by a thread:  ([mutex/lock_event])
[0x000000000053dd20] Threads_lock - owner thread: 0x0000000015f56800

Heap:
 PSYoungGen      total 394240K, used 106997K [0x00000000e0000000, 0x0000000100000000, 0x0000000100000000)
  eden space 264192K, 28% used [0x00000000e0000000,0x00000000e4909410,0x00000000f0200000)
  from space 130048K, 24% used [0x00000000f0200000,0x00000000f2174158,0x00000000f8100000)
  to   space 123904K, 0% used [0x00000000f8700000,0x00000000f8700000,0x0000000100000000)
 ParOldGen       total 316416K, used 210706K [0x00000000a0000000, 0x00000000b3500000, 0x00000000e0000000)
  object space 316416K, 66% used [0x00000000a0000000,0x00000000acdc4968,0x00000000b3500000)
 Metaspace       used 109836K, capacity 117732K, committed 127912K, reserved 1161216K
  class space    used 13638K, capacity 15036K, committed 16808K, reserved 1048576K

Card table byte_map: [0x00000000119e0000,0x0000000011cf0000] byte_map_base: 0x00000000114e0000

Marking Bits: (ParMarkBitMap*) 0x0000000072ed5aa0
 Begin Bits: [0x00000000122f0000, 0x0000000013af0000)
 End Bits:   [0x0000000013af0000, 0x00000000152f0000)

Polling page: 0x00000000001f0000

CodeCache: size=245760Kb used=94572Kb max_used=94666Kb free=151187Kb
 bounds [0x0000000002620000, 0x0000000008340000, 0x0000000011620000]
 total_blobs=25554 nmethods=24652 adapters=812
 compilation: enabled

Compilation events (10 events):
Event: 17004.398 Thread 0x0000000015f93000 nmethod 35201 0x00000000079cd690 code [0x00000000079cd8e0, 0x00000000079ce9a8]
Event: 17004.410 Thread 0x0000000015f8f800 nmethod 35200 0x000000000832e690 code [0x000000000832eaa0, 0x0000000008331668]
Event: 17392.173 Thread 0x0000000015f93000 35207   !   4       sun.nio.ch.SharedFileLockTable::removeAll (139 bytes)
Event: 17392.205 Thread 0x0000000015f93000 nmethod 35207 0x0000000003b5cc50 code [0x0000000003b5ce20, 0x0000000003b5dbf0]
Event: 17425.745 Thread 0x0000000015f99800 35208       3       java.io.ObjectInputStream$GetFieldImpl::get (26 bytes)
Event: 17425.746 Thread 0x0000000015f99800 nmethod 35208 0x000000000276d6d0 code [0x000000000276d840, 0x000000000276da78]
Event: 17425.751 Thread 0x0000000015f99800 35209       1       java.net.UrlDeserializedState::getProtocol (5 bytes)
Event: 17425.751 Thread 0x0000000015f99800 nmethod 35209 0x0000000003639e90 code [0x0000000003639fe0, 0x000000000363a0f0]
Event: 17425.755 Thread 0x0000000015f99800 35210       1       java.net.UrlDeserializedState::getHashCode (5 bytes)
Event: 17425.755 Thread 0x0000000015f99800 nmethod 35210 0x000000000522bd90 code [0x000000000522bee0, 0x000000000522bff0]

GC Heap History (10 events):
Event: 16474.138 GC heap before
{Heap before GC invocations=103 (full 6):
 PSYoungGen      total 428032K, used 358397K [0x00000000e0000000, 0x0000000100000000, 0x0000000100000000)
  eden space 338944K, 99% used [0x00000000e0000000,0x00000000f4a895b8,0x00000000f4b00000)
  from space 89088K, 22% used [0x00000000f9d80000,0x00000000fb0f61d0,0x00000000ff480000)
  to   space 84480K, 0% used [0x00000000f4b00000,0x00000000f4b00000,0x00000000f9d80000)
 ParOldGen       total 316416K, used 136518K [0x00000000a0000000, 0x00000000b3500000, 0x00000000e0000000)
  object space 316416K, 43% used [0x00000000a0000000,0x00000000a8551ae8,0x00000000b3500000)
 Metaspace       used 108955K, capacity 116714K, committed 127912K, reserved 1161216K
  class space    used 13530K, capacity 14887K, committed 16808K, reserved 1048576K
Event: 16474.229 GC heap after
Heap after GC invocations=103 (full 6):
 PSYoungGen      total 423424K, used 84475K [0x00000000e0000000, 0x0000000100000000, 0x0000000100000000)
  eden space 338944K, 0% used [0x00000000e0000000,0x00000000e0000000,0x00000000f4b00000)
  from space 84480K, 99% used [0x00000000f4b00000,0x00000000f9d7ef78,0x00000000f9d80000)
  to   space 100864K, 0% used [0x00000000f9d80000,0x00000000f9d80000,0x0000000100000000)
 ParOldGen       total 316416K, used 143374K [0x00000000a0000000, 0x00000000b3500000, 0x00000000e0000000)
  object space 316416K, 45% used [0x00000000a0000000,0x00000000a8c03ae8,0x00000000b3500000)
 Metaspace       used 108955K, capacity 116714K, committed 127912K, reserved 1161216K
  class space    used 13530K, capacity 14887K, committed 16808K, reserved 1048576K
}
Event: 16994.410 GC heap before
{Heap before GC invocations=104 (full 6):
 PSYoungGen      total 423424K, used 423419K [0x00000000e0000000, 0x0000000100000000, 0x0000000100000000)
  eden space 338944K, 100% used [0x00000000e0000000,0x00000000f4b00000,0x00000000f4b00000)
  from space 84480K, 99% used [0x00000000f4b00000,0x00000000f9d7ef78,0x00000000f9d80000)
  to   space 100864K, 0% used [0x00000000f9d80000,0x00000000f9d80000,0x0000000100000000)
 ParOldGen       total 316416K, used 143374K [0x00000000a0000000, 0x00000000b3500000, 0x00000000e0000000)
  object space 316416K, 45% used [0x00000000a0000000,0x00000000a8c03ae8,0x00000000b3500000)
 Metaspace       used 108987K, capacity 116714K, committed 127912K, reserved 1161216K
  class space    used 13531K, capacity 14887K, committed 16808K, reserved 1048576K
Event: 16994.490 GC heap after
Heap after GC invocations=104 (full 6):
 PSYoungGen      total 420352K, used 50628K [0x00000000e0000000, 0x0000000100000000, 0x0000000100000000)
  eden space 319488K, 0% used [0x00000000e0000000,0x00000000e0000000,0x00000000f3800000)
  from space 100864K, 50% used [0x00000000f9d80000,0x00000000fcef1138,0x0000000100000000)
  to   space 102400K, 0% used [0x00000000f3800000,0x00000000f3800000,0x00000000f9c00000)
 ParOldGen       total 316416K, used 146037K [0x00000000a0000000, 0x00000000b3500000, 0x00000000e0000000)
  object space 316416K, 46% used [0x00000000a0000000,0x00000000a8e9d608,0x00000000b3500000)
 Metaspace       used 108987K, capacity 116714K, committed 127912K, reserved 1161216K
  class space    used 13531K, capacity 14887K, committed 16808K, reserved 1048576K
}
Event: 16999.483 GC heap before
{Heap before GC invocations=105 (full 6):
 PSYoungGen      total 420352K, used 370116K [0x00000000e0000000, 0x0000000100000000, 0x0000000100000000)
  eden space 319488K, 100% used [0x00000000e0000000,0x00000000f3800000,0x00000000f3800000)
  from space 100864K, 50% used [0x00000000f9d80000,0x00000000fcef1138,0x0000000100000000)
  to   space 102400K, 0% used [0x00000000f3800000,0x00000000f3800000,0x00000000f9c00000)
 ParOldGen       total 316416K, used 146037K [0x00000000a0000000, 0x00000000b3500000, 0x00000000e0000000)
  object space 316416K, 46% used [0x00000000a0000000,0x00000000a8e9d608,0x00000000b3500000)
 Metaspace       used 109815K, capacity 117732K, committed 127912K, reserved 1161216K
  class space    used 13637K, capacity 15036K, committed 16808K, reserved 1048576K
Event: 16999.533 GC heap after
Heap after GC invocations=105 (full 6):
 PSYoungGen      total 382464K, used 62593K [0x00000000e0000000, 0x0000000100000000, 0x0000000100000000)
  eden space 319488K, 0% used [0x00000000e0000000,0x00000000e0000000,0x00000000f3800000)
  from space 62976K, 99% used [0x00000000f3800000,0x00000000f7520628,0x00000000f7580000)
  to   space 105984K, 0% used [0x00000000f9880000,0x00000000f9880000,0x0000000100000000)
 ParOldGen       total 316416K, used 146045K [0x00000000a0000000, 0x00000000b3500000, 0x00000000e0000000)
  object space 316416K, 46% used [0x00000000a0000000,0x00000000a8e9f608,0x00000000b3500000)
 Metaspace       used 109815K, capacity 117732K, committed 127912K, reserved 1161216K
  class space    used 13637K, capacity 15036K, committed 16808K, reserved 1048576K
}
Event: 17002.489 GC heap before
{Heap before GC invocations=106 (full 6):
 PSYoungGen      total 382464K, used 382081K [0x00000000e0000000, 0x0000000100000000, 0x0000000100000000)
  eden space 319488K, 100% used [0x00000000e0000000,0x00000000f3800000,0x00000000f3800000)
  from space 62976K, 99% used [0x00000000f3800000,0x00000000f7520628,0x00000000f7580000)
  to   space 105984K, 0% used [0x00000000f9880000,0x00000000f9880000,0x0000000100000000)
 ParOldGen       total 316416K, used 146045K [0x00000000a0000000, 0x00000000b3500000, 0x00000000e0000000)
  object space 316416K, 46% used [0x00000000a0000000,0x00000000a8e9f608,0x00000000b3500000)
 Metaspace       used 109824K, capacity 117732K, committed 127912K, reserved 1161216K
  class space    used 13637K, capacity 15036K, committed 16808K, reserved 1048576K
Event: 17002.574 GC heap after
Heap after GC invocations=106 (full 6):
 PSYoungGen      total 370176K, used 105970K [0x00000000e0000000, 0x0000000100000000, 0x0000000100000000)
  eden space 264192K, 0% used [0x00000000e0000000,0x00000000e0000000,0x00000000f0200000)
  from space 105984K, 99% used [0x00000000f9880000,0x00000000ffffc8f8,0x0000000100000000)
  to   space 130048K, 0% used [0x00000000f0200000,0x00000000f0200000,0x00000000f8100000)
 ParOldGen       total 316416K, used 161358K [0x00000000a0000000, 0x00000000b3500000, 0x00000000e0000000)
  object space 316416K, 50% used [0x00000000a0000000,0x00000000a9d93ad0,0x00000000b3500000)
 Metaspace       used 109824K, capacity 117732K, committed 127912K, reserved 1161216K
  class space    used 13637K, capacity 15036K, committed 16808K, reserved 1048576K
}
Event: 17003.457 GC heap before
{Heap before GC invocations=107 (full 6):
 PSYoungGen      total 370176K, used 369537K [0x00000000e0000000, 0x0000000100000000, 0x0000000100000000)
  eden space 264192K, 99% used [0x00000000e0000000,0x00000000f0163c08,0x00000000f0200000)
  from space 105984K, 99% used [0x00000000f9880000,0x00000000ffffc8f8,0x0000000100000000)
  to   space 130048K, 0% used [0x00000000f0200000,0x00000000f0200000,0x00000000f8100000)
 ParOldGen       total 316416K, used 161358K [0x00000000a0000000, 0x00000000b3500000, 0x00000000e0000000)
  object space 316416K, 50% used [0x00000000a0000000,0x00000000a9d93ad0,0x00000000b3500000)
 Metaspace       used 109826K, capacity 117732K, committed 127912K, reserved 1161216K
  class space    used 13637K, capacity 15036K, committed 16808K, reserved 1048576K
Event: 17003.528 GC heap after
Heap after GC invocations=107 (full 6):
 PSYoungGen      total 394240K, used 32208K [0x00000000e0000000, 0x0000000100000000, 0x0000000100000000)
  eden space 264192K, 0% used [0x00000000e0000000,0x00000000e0000000,0x00000000f0200000)
  from space 130048K, 24% used [0x00000000f0200000,0x00000000f2174158,0x00000000f8100000)
  to   space 123904K, 0% used [0x00000000f8700000,0x00000000f8700000,0x0000000100000000)
 ParOldGen       total 316416K, used 210706K [0x00000000a0000000, 0x00000000b3500000, 0x00000000e0000000)
  object space 316416K, 66% used [0x00000000a0000000,0x00000000acdc4968,0x00000000b3500000)
 Metaspace       used 109826K, capacity 117732K, committed 127912K, reserved 1161216K
  class space    used 13637K, capacity 15036K, committed 16808K, reserved 1048576K
}

Deoptimization events (10 events):
Event: 14168.624 Thread 0x000000001da7b800 Uncommon trap: reason=unstable_if action=reinterpret pc=0x0000000006d151c4 method=java.util.concurrent.ForkJoinPool.scan(Ljava/util/concurrent/ForkJoinPool$WorkQueue;I)Ljava/util/concurrent/ForkJoinTask; @ 392
Event: 14169.601 Thread 0x000000001da78000 Uncommon trap: reason=unstable_if action=reinterpret pc=0x00000000034068b0 method=sun.security.util.Cache$EqualByteArray.hashCode()I @ 6
Event: 14741.245 Thread 0x000000001b6a4000 Uncommon trap: reason=class_check action=maybe_recompile pc=0x0000000006d34ab0 method=com.google.common.collect.Iterators$ConcatenatedIterator.<init>(Ljava/util/Iterator;)V @ 16
Event: 14741.245 Thread 0x000000001b6a4000 Uncommon trap: reason=class_check action=maybe_recompile pc=0x0000000006d34ab0 method=com.google.common.collect.Iterators$ConcatenatedIterator.<init>(Ljava/util/Iterator;)V @ 16
Event: 14741.246 Thread 0x000000001b6a4000 Uncommon trap: reason=class_check action=maybe_recompile pc=0x0000000006d34ab0 method=com.google.common.collect.Iterators$ConcatenatedIterator.<init>(Ljava/util/Iterator;)V @ 16
Event: 14741.246 Thread 0x000000001b6a4000 Uncommon trap: reason=class_check action=maybe_recompile pc=0x0000000006d34ab0 method=com.google.common.collect.Iterators$ConcatenatedIterator.<init>(Ljava/util/Iterator;)V @ 16
Event: 16435.626 Thread 0x000000001da75000 Uncommon trap: reason=unstable_if action=reinterpret pc=0x0000000004655b48 method=com.android.tools.profiler.asm.ByteVector.putShort(I)Lcom/android/tools/profiler/asm/ByteVector; @ 13
Event: 16436.301 Thread 0x000000001b6ab800 Uncommon trap: reason=unstable_if action=reinterpret pc=0x00000000079cee6c method=com.android.tools.r8.ir.regalloc.LinearScanRegisterAllocator.allocateSingleInterval(Lcom/android/tools/r8/ir/regalloc/LiveIntervals;Lcom/android/tools/r8/ir/regalloc/LinearS
Event: 16999.022 Thread 0x000000001da72800 Uncommon trap: reason=unstable_if action=reinterpret pc=0x000000000770b188 method=com.android.tools.profiler.asm.ByteVector.putShort(I)Lcom/android/tools/profiler/asm/ByteVector; @ 13
Event: 17330.175 Thread 0x000000001b36f800 Uncommon trap: reason=unstable_if action=reinterpret pc=0x0000000007d9cd2c method=org.gradle.process.internal.health.memory.DefaultMemoryManager.doRequestFreeMemory(JJ)J @ 6

Classes redefined (0 events):
No events

Internal exceptions (10 events):
Event: 16999.766 Thread 0x000000001da7f000 Exception <a 'sun/nio/fs/WindowsException'> (0x00000000e4763c80) thrown at [D:\src\AOSP-openjdk-cygwin\jdk8u\hotspot\src\share\vm\prims\jni.cpp, line 709]
Event: 16999.768 Thread 0x000000001da7f800 Exception <a 'sun/nio/fs/WindowsException'> (0x00000000e4513440) thrown at [D:\src\AOSP-openjdk-cygwin\jdk8u\hotspot\src\share\vm\prims\jni.cpp, line 709]
Event: 16999.769 Thread 0x000000001da7f000 Exception <a 'sun/nio/fs/WindowsException'> (0x00000000e4769448) thrown at [D:\src\AOSP-openjdk-cygwin\jdk8u\hotspot\src\share\vm\prims\jni.cpp, line 709]
Event: 16999.770 Thread 0x000000001da7f800 Exception <a 'sun/nio/fs/WindowsException'> (0x00000000e48fbc58) thrown at [D:\src\AOSP-openjdk-cygwin\jdk8u\hotspot\src\share\vm\prims\jni.cpp, line 709]
Event: 16999.771 Thread 0x000000001da7f000 Exception <a 'sun/nio/fs/WindowsException'> (0x00000000e476e508) thrown at [D:\src\AOSP-openjdk-cygwin\jdk8u\hotspot\src\share\vm\prims\jni.cpp, line 709]
Event: 16999.771 Thread 0x000000001da7f800 Exception <a 'sun/nio/fs/WindowsException'> (0x00000000e4901300) thrown at [D:\src\AOSP-openjdk-cygwin\jdk8u\hotspot\src\share\vm\prims\jni.cpp, line 709]
Event: 16999.772 Thread 0x000000001da7f000 Exception <a 'sun/nio/fs/WindowsException'> (0x00000000e47734d8) thrown at [D:\src\AOSP-openjdk-cygwin\jdk8u\hotspot\src\share\vm\prims\jni.cpp, line 709]
Event: 16999.774 Thread 0x000000001da7f000 Exception <a 'sun/nio/fs/WindowsException'> (0x00000000e4a2b9b8) thrown at [D:\src\AOSP-openjdk-cygwin\jdk8u\hotspot\src\share\vm\prims\jni.cpp, line 709]
Event: 17002.302 Thread 0x000000001b6ad000 Exception <a 'sun/nio/fs/WindowsException'> (0x00000000e9810840) thrown at [D:\src\AOSP-openjdk-cygwin\jdk8u\hotspot\src\share\vm\prims\jni.cpp, line 709]
Event: 17003.280 Thread 0x000000001b6ad800 Exception <a 'sun/nio/fs/WindowsException'> (0x00000000ee02d940) thrown at [D:\src\AOSP-openjdk-cygwin\jdk8u\hotspot\src\share\vm\prims\jni.cpp, line 709]

Events (10 events):
Event: 17425.744 Executing VM operation: RevokeBias
Event: 17425.744 Executing VM operation: RevokeBias done
Event: 17425.746 Thread 0x0000000015f99800 flushing nmethod 0x000000000550ef10
Event: 17425.746 Thread 0x0000000015f99800 flushing nmethod 0x000000000552ec50
Event: 17425.747 Thread 0x000000001b6a7000 Thread added: 0x000000001b6a7000
Event: 17425.747 Thread 0x0000000015f99800 flushing nmethod 0x0000000005540850
Event: 17425.749 Thread 0x0000000015f99800 flushing nmethod 0x000000000596ed10
Event: 17425.749 Thread 0x0000000015f99800 flushing nmethod 0x0000000005982450
Event: 17425.750 Thread 0x0000000015f99800 flushing nmethod 0x0000000005bb3590
Event: 17425.759 Thread 0x0000000015f99800 flushing nmethod 0x0000000006ab6050


Dynamic libraries:
0x00007ff6ea9e0000 - 0x00007ff6eaa11000 	C:\Program Files\Android\Android Studio\jre\bin\java.exe
0x00007ffd94450000 - 0x00007ffd94631000 	C:\WINDOWS\SYSTEM32\ntdll.dll
0x00007ffd91b00000 - 0x00007ffd91bb1000 	C:\WINDOWS\System32\KERNEL32.DLL
0x00007ffd90f80000 - 0x00007ffd911f3000 	C:\WINDOWS\System32\KERNELBASE.dll
0x00007ffd91980000 - 0x00007ffd91a21000 	C:\WINDOWS\System32\ADVAPI32.dll
0x00007ffd924d0000 - 0x00007ffd9256e000 	C:\WINDOWS\System32\msvcrt.dll
0x00007ffd92380000 - 0x00007ffd923db000 	C:\WINDOWS\System32\sechost.dll
0x00007ffd93f30000 - 0x00007ffd94054000 	C:\WINDOWS\System32\RPCRT4.dll
0x00007ffd92620000 - 0x00007ffd927b0000 	C:\WINDOWS\System32\USER32.dll
0x00007ffd916d0000 - 0x00007ffd916f0000 	C:\WINDOWS\System32\win32u.dll
0x00007ffd94060000 - 0x00007ffd94088000 	C:\WINDOWS\System32\GDI32.dll
0x00007ffd91400000 - 0x00007ffd91591000 	C:\WINDOWS\System32\gdi32full.dll
0x00007ffd91200000 - 0x00007ffd9129f000 	C:\WINDOWS\System32\msvcp_win.dll
0x00007ffd91300000 - 0x00007ffd913f8000 	C:\WINDOWS\System32\ucrtbase.dll
0x00007ffd83b80000 - 0x00007ffd83de9000 	C:\WINDOWS\WinSxS\amd64_microsoft.windows.common-controls_6595b64144ccf1df_6.0.17134.885_none_fb42a3473065565f\COMCTL32.dll
0x00007ffd92050000 - 0x00007ffd92372000 	C:\WINDOWS\System32\combase.dll
0x00007ffd91650000 - 0x00007ffd916c9000 	C:\WINDOWS\System32\bcryptPrimitives.dll
0x00007ffd91bd0000 - 0x00007ffd91bfd000 	C:\WINDOWS\System32\IMM32.DLL
0x0000000073380000 - 0x0000000073452000 	C:\Program Files\Android\Android Studio\jre\jre\bin\msvcr100.dll
0x0000000072710000 - 0x0000000072f51000 	C:\Program Files\Android\Android Studio\jre\jre\bin\server\jvm.dll
0x00007ffd94290000 - 0x00007ffd94298000 	C:\WINDOWS\System32\PSAPI.DLL
0x00007ffd7e090000 - 0x00007ffd7e099000 	C:\WINDOWS\SYSTEM32\WSOCK32.dll
0x00007ffd866c0000 - 0x00007ffd866ca000 	C:\WINDOWS\SYSTEM32\VERSION.dll
0x00007ffd8e130000 - 0x00007ffd8e153000 	C:\WINDOWS\SYSTEM32\WINMM.dll
0x00007ffd943b0000 - 0x00007ffd9441c000 	C:\WINDOWS\System32\WS2_32.dll
0x00007ffd8e100000 - 0x00007ffd8e12a000 	C:\WINDOWS\SYSTEM32\winmmbase.dll
0x00007ffd90f30000 - 0x00007ffd90f79000 	C:\WINDOWS\System32\cfgmgr32.dll
0x00007ffd8c590000 - 0x00007ffd8c59f000 	C:\Program Files\Android\Android Studio\jre\jre\bin\verify.dll
0x00007ffd81e70000 - 0x00007ffd81e99000 	C:\Program Files\Android\Android Studio\jre\jre\bin\java.dll
0x00007ffd86ab0000 - 0x00007ffd86ac6000 	C:\Program Files\Android\Android Studio\jre\jre\bin\zip.dll
0x00007ffd92af0000 - 0x00007ffd93f30000 	C:\WINDOWS\System32\SHELL32.dll
0x00007ffd92570000 - 0x00007ffd92619000 	C:\WINDOWS\System32\shcore.dll
0x00007ffd90820000 - 0x00007ffd90f2d000 	C:\WINDOWS\System32\windows.storage.dll
0x00007ffd94090000 - 0x00007ffd940e1000 	C:\WINDOWS\System32\shlwapi.dll
0x00007ffd90800000 - 0x00007ffd90811000 	C:\WINDOWS\System32\kernel.appcore.dll
0x00007ffd907c0000 - 0x00007ffd907df000 	C:\WINDOWS\System32\profapi.dll
0x00007ffd90770000 - 0x00007ffd907bc000 	C:\WINDOWS\System32\powrprof.dll
0x00007ffd90760000 - 0x00007ffd9076a000 	C:\WINDOWS\System32\FLTLIB.DLL
0x00007ffd864a0000 - 0x00007ffd864ba000 	C:\Program Files\Android\Android Studio\jre\jre\bin\net.dll
0x00007ffd8ffe0000 - 0x00007ffd90046000 	C:\WINDOWS\system32\mswsock.dll
0x00007ffd81e50000 - 0x00007ffd81e61000 	C:\Program Files\Android\Android Studio\jre\jre\bin\nio.dll
0x00007ffd87ad0000 - 0x00007ffd87af6000 	C:\Users\Gayan\.gradle\native\29\windows-amd64\native-platform.dll
0x00007ffd8c4d0000 - 0x00007ffd8c4dd000 	C:\Program Files\Android\Android Studio\jre\jre\bin\management.dll
0x00007ffd90190000 - 0x00007ffd901a7000 	C:\WINDOWS\SYSTEM32\CRYPTSP.dll
0x00007ffd8fbd0000 - 0x00007ffd8fc03000 	C:\WINDOWS\system32\rsaenh.dll
0x00007ffd902c0000 - 0x00007ffd902e5000 	C:\WINDOWS\SYSTEM32\bcrypt.dll
0x00007ffd90660000 - 0x00007ffd90688000 	C:\WINDOWS\SYSTEM32\USERENV.dll
0x00007ffd901b0000 - 0x00007ffd901bb000 	C:\WINDOWS\SYSTEM32\CRYPTBASE.dll
0x00007ffd8fd70000 - 0x00007ffd8fda8000 	C:\WINDOWS\SYSTEM32\IPHLPAPI.DLL
0x00007ffd92460000 - 0x00007ffd92468000 	C:\WINDOWS\System32\NSI.dll
0x00007ffd87040000 - 0x00007ffd87056000 	C:\WINDOWS\SYSTEM32\dhcpcsvc6.DLL
0x00007ffd87110000 - 0x00007ffd8712a000 	C:\WINDOWS\SYSTEM32\dhcpcsvc.DLL
0x00007ffd78d80000 - 0x00007ffd78da4000 	C:\Program Files\Android\Android Studio\jre\jre\bin\sunec.dll
0x00007ffd8fdb0000 - 0x00007ffd8fe6e000 	C:\WINDOWS\SYSTEM32\DNSAPI.dll
0x00007ffd802c0000 - 0x00007ffd802ca000 	C:\Windows\System32\rasadhlp.dll
0x00007ffd80cd0000 - 0x00007ffd80d42000 	C:\WINDOWS\System32\fwpuclnt.dll
0x00007ffd8c540000 - 0x00007ffd8c54b000 	C:\Program Files\Android\Android Studio\jre\jre\bin\sunmscapi.dll
0x00007ffd916f0000 - 0x00007ffd918d2000 	C:\WINDOWS\System32\CRYPT32.dll
0x00007ffd907e0000 - 0x00007ffd907f2000 	C:\WINDOWS\System32\MSASN1.dll
0x00007ffd8f180000 - 0x00007ffd8f349000 	C:\WINDOWS\SYSTEM32\dbghelp.dll

VM Arguments:
jvm_args: -Xmx1536m -Dfile.encoding=windows-1252 -Duser.country=US -Duser.language=en -Duser.variant 
java_command: org.gradle.launcher.daemon.bootstrap.GradleDaemon 5.5.1
java_class_path (initial): C:\gradle-5.5.1\lib\gradle-launcher-5.5.1.jar
Launcher Type: SUN_STANDARD

Environment Variables:
JAVA_HOME=C:\Program Files (x86)\Java\jdk1.8.0_192
PATH=C:\Program Files (x86)\Microsoft Visual Studio\Shared\Python36_64\Scripts\;C:\Program Files (x86)\Microsoft Visual Studio\Shared\Python36_64\;C:\Program Files (x86)\Common Files\Oracle\Java\javapath;C:\Program Files (x86)\Intel\iCLS Client\;C:\ProgramData\Oracle\Java\javapath;C:\Program Files\Intel\iCLS Client\;C:\WINDOWS\system32;C:\WINDOWS;C:\WINDOWS\System32\Wbem;C:\WINDOWS\System32\WindowsPowerShell\v1.0\;C:\Program Files\Java\jdk1.8.0_131\bin;C:\Program Files\Microsoft SQL Server\110\Tools\Binn\;C:\Program Files\MySQL\MySQL Utilities 1.6\;C:\Program Files (x86)\Microsoft SQL Server\Client SDK\ODBC\130\Tools\Binn\;C:\Program Files (x86)\Microsoft SQL Server\140\Tools\Binn\;C:\Program Files (x86)\Microsoft SQL Server\140\DTS\Binn\;C:\Program Files (x86)\Microsoft SQL Server\140\Tools\Binn\ManagementStudio\;C:\Program Files\Microsoft SQL Server\Client SDK\ODBC\130\Tools\Binn\;C:\Program Files\Microsoft SQL Server\140\Tools\Binn\;C:\Program Files\Microsoft SQL Server\140\DTS\Binn\;C:\Program Files\dotnet\;C:\Program Files\Microsoft SQL Server\130\Tools\Binn\;C:\Program Files (x86)\Intel\Intel(R) Management Engine Components\DAL;C:\Program Files\Intel\Intel(R) Management Engine Components\DAL;C:\Program Files (x86)\Intel\Intel(R) Management Engine Components\IPT;C:\Program Files\Intel\Intel(R) Management Engine Components\IPT;C:\opencv341\opencv\build\x64\vc15\bin;C:\WINDOWS\System32\OpenSSH\;C:\opencv400\opencv\build\x64\vc15\bin;C:\Program Files\nodejs\;C:\Program Files\Java\jre1.8.0_151\bin;C:\Program Files\Intel\WiFi\bin\;C:\Program Files\Common Files\Intel\WirelessCommon\;C:\Program Files\PuTTY\;C:\Program Files\Git\cmd;C:\Users\Gayan\AppData\Local\Microsoft\WindowsApps;C:\Users\Gayan\AppData\Local\atom\bin;C:\Users\Gayan\AppData\Local\GitHubDesktop\bin;C:\Users\Gayan\AppData\Roaming\npm;C:\Users\Gayan\AppData\Local\Programs\Microsoft VS Code\bin
USERNAME=Gayan
OS=Windows_NT
PROCESSOR_IDENTIFIER=Intel64 Family 6 Model 142 Stepping 9, GenuineIntel



---------------  S Y S T E M  ---------------

OS: Windows 10.0 , 64 bit Build 17134 (10.0.17134.753)

CPU:total 4 (initial active 4) (2 cores per cpu, 2 threads per core) family 6 model 142 stepping 9, cmov, cx8, fxsr, mmx, sse, sse2, sse3, ssse3, sse4.1, sse4.2, popcnt, avx, avx2, aes, clmul, erms, 3dnowpref, lzcnt, ht, tsc, tscinvbit, bmi1, bmi2, adx

Memory: 4k page, physical 8302500k(458804k free), swap 8302500k(24244k free)

vm_info: OpenJDK 64-Bit Server VM (25.152-b01) for windows-amd64 JRE (1.8.0_152-release-1343-b01), built by "builder" with MS VC++ 10.0 (VS2010)

time: Fri Aug 02 12:54:01 2019
elapsed time: 17426 seconds (0d 4h 50m 26s)

